/home/jota/Desktop/uni/magistrale/droni/pitchside_tracker/install/pitchside_tracker/lib/python3.12/site-packages/pitchside_tracker/__init__.py
/home/jota/Desktop/uni/magistrale/droni/pitchside_tracker/install/pitchside_tracker/lib/python3.12/site-packages/pitchside_tracker/spawn_sideline.py
/home/jota/Desktop/uni/magistrale/droni/pitchside_tracker/install/pitchside_tracker/lib/python3.12/site-packages/pitchside_tracker/tracking_node.py
/home/jota/Desktop/uni/magistrale/droni/pitchside_tracker/install/pitchside_tracker/lib/python3.12/site-packages/pitchside_tracker/__pycache__/__init__.cpython-312.pyc
/home/jota/Desktop/uni/magistrale/droni/pitchside_tracker/install/pitchside_tracker/lib/python3.12/site-packages/pitchside_tracker/__pycache__/spawn_sideline.cpython-312.pyc
/home/jota/Desktop/uni/magistrale/droni/pitchside_tracker/install/pitchside_tracker/lib/python3.12/site-packages/pitchside_tracker/__pycache__/tracking_node.cpython-312.pyc
/home/jota/Desktop/uni/magistrale/droni/pitchside_tracker/install/pitchside_tracker/share/ament_index/resource_index/packages/pitchside_tracker
/home/jota/Desktop/uni/magistrale/droni/pitchside_tracker/install/pitchside_tracker/share/pitchside_tracker/package.xml
/home/jota/Desktop/uni/magistrale/droni/pitchside_tracker/install/pitchside_tracker/share/pitchside_tracker/launch/sideline_world.launch.py
/home/jota/Desktop/uni/magistrale/droni/pitchside_tracker/install/pitchside_tracker/share/pitchside_tracker/models
/home/jota/Desktop/uni/magistrale/droni/pitchside_tracker/install/pitchside_tracker/share/pitchside_tracker/worlds
/home/jota/Desktop/uni/magistrale/droni/pitchside_tracker/install/pitchside_tracker/lib/python3.12/site-packages/pitchside_tracker-0.0.0-py3.12.egg-info/top_level.txt
/home/jota/Desktop/uni/magistrale/droni/pitchside_tracker/install/pitchside_tracker/lib/python3.12/site-packages/pitchside_tracker-0.0.0-py3.12.egg-info/SOURCES.txt
/home/jota/Desktop/uni/magistrale/droni/pitchside_tracker/install/pitchside_tracker/lib/python3.12/site-packages/pitchside_tracker-0.0.0-py3.12.egg-info/PKG-INFO
/home/jota/Desktop/uni/magistrale/droni/pitchside_tracker/install/pitchside_tracker/lib/python3.12/site-packages/pitchside_tracker-0.0.0-py3.12.egg-info/entry_points.txt
/home/jota/Desktop/uni/magistrale/droni/pitchside_tracker/install/pitchside_tracker/lib/python3.12/site-packages/pitchside_tracker-0.0.0-py3.12.egg-info/requires.txt
/home/jota/Desktop/uni/magistrale/droni/pitchside_tracker/install/pitchside_tracker/lib/python3.12/site-packages/pitchside_tracker-0.0.0-py3.12.egg-info/zip-safe
/home/jota/Desktop/uni/magistrale/droni/pitchside_tracker/install/pitchside_tracker/lib/python3.12/site-packages/pitchside_tracker-0.0.0-py3.12.egg-info/dependency_links.txt
/home/jota/Desktop/uni/magistrale/droni/pitchside_tracker/install/pitchside_tracker/lib/pitchside_tracker/spawn_sideline
/home/jota/Desktop/uni/magistrale/droni/pitchside_tracker/install/pitchside_tracker/lib/pitchside_tracker/tracking_node
