running egg_info
creating ../build/pitchside_tracke/pitchside_tracke.egg-info
writing ../build/pitchside_tracke/pitchside_tracke.egg-info/PKG-INFO
writing dependency_links to ../build/pitchside_tracke/pitchside_tracke.egg-info/dependency_links.txt
writing entry points to ../build/pitchside_tracke/pitchside_tracke.egg-info/entry_points.txt
writing requirements to ../build/pitchside_tracke/pitchside_tracke.egg-info/requires.txt
writing top-level names to ../build/pitchside_tracke/pitchside_tracke.egg-info/top_level.txt
writing manifest file '../build/pitchside_tracke/pitchside_tracke.egg-info/SOURCES.txt'
reading manifest file '../build/pitchside_tracke/pitchside_tracke.egg-info/SOURCES.txt'
writing manifest file '../build/pitchside_tracke/pitchside_tracke.egg-info/SOURCES.txt'
running build
running build_py
creating /home/jota/Desktop/uni/magistrale/droni/pitchside_tracker/build/pitchside_tracke/build
creating /home/jota/Desktop/uni/magistrale/droni/pitchside_tracker/build/pitchside_tracke/build/lib
creating /home/jota/Desktop/uni/magistrale/droni/pitchside_tracker/build/pitchside_tracke/build/lib/pitchside_tracke
copying pitchside_tracke/__init__.py -> /home/jota/Desktop/uni/magistrale/droni/pitchside_tracker/build/pitchside_tracke/build/lib/pitchside_tracke
copying pitchside_tracke/tracker_node.py -> /home/jota/Desktop/uni/magistrale/droni/pitchside_tracker/build/pitchside_tracke/build/lib/pitchside_tracke
running install
running install_lib
creating /home/jota/Desktop/uni/magistrale/droni/pitchside_tracker/install/pitchside_tracke/lib/python3.12/site-packages/pitchside_tracke
copying /home/jota/Desktop/uni/magistrale/droni/pitchside_tracker/build/pitchside_tracke/build/lib/pitchside_tracke/__init__.py -> /home/jota/Desktop/uni/magistrale/droni/pitchside_tracker/install/pitchside_tracke/lib/python3.12/site-packages/pitchside_tracke
copying /home/jota/Desktop/uni/magistrale/droni/pitchside_tracker/build/pitchside_tracke/build/lib/pitchside_tracke/tracker_node.py -> /home/jota/Desktop/uni/magistrale/droni/pitchside_tracker/install/pitchside_tracke/lib/python3.12/site-packages/pitchside_tracke
byte-compiling /home/jota/Desktop/uni/magistrale/droni/pitchside_tracker/install/pitchside_tracke/lib/python3.12/site-packages/pitchside_tracke/__init__.py to __init__.cpython-312.pyc
byte-compiling /home/jota/Desktop/uni/magistrale/droni/pitchside_tracker/install/pitchside_tracke/lib/python3.12/site-packages/pitchside_tracke/tracker_node.py to tracker_node.cpython-312.pyc
running install_data
creating /home/jota/Desktop/uni/magistrale/droni/pitchside_tracker/install/pitchside_tracke/share/ament_index
creating /home/jota/Desktop/uni/magistrale/droni/pitchside_tracker/install/pitchside_tracke/share/ament_index/resource_index
creating /home/jota/Desktop/uni/magistrale/droni/pitchside_tracker/install/pitchside_tracke/share/ament_index/resource_index/packages
copying resource/pitchside_tracke -> /home/jota/Desktop/uni/magistrale/droni/pitchside_tracker/install/pitchside_tracke/share/ament_index/resource_index/packages
copying package.xml -> /home/jota/Desktop/uni/magistrale/droni/pitchside_tracker/install/pitchside_tracke/share/pitchside_tracke
running install_egg_info
Copying ../build/pitchside_tracke/pitchside_tracke.egg-info to /home/jota/Desktop/uni/magistrale/droni/pitchside_tracker/install/pitchside_tracke/lib/python3.12/site-packages/pitchside_tracke-0.0.0-py3.12.egg-info
running install_scripts
Installing tracker_node script to /home/jota/Desktop/uni/magistrale/droni/pitchside_tracker/install/pitchside_tracke/lib/pitchside_tracke
writing list of installed files to '/home/jota/Desktop/uni/magistrale/droni/pitchside_tracker/build/pitchside_tracke/install.log'
