[0.298s] DEBUG:colcon:Command line arguments: ['/usr/bin/colcon', 'build']
[0.298s] DEBUG:colcon:Parsed command line arguments: Namespace(log_base=None, log_level=None, verb_name='build', build_base='build', install_base='install', merge_install=False, symlink_install=False, test_result_base=None, continue_on_error=False, executor='parallel', parallel_workers=8, event_handlers=None, ignore_user_meta=False, metas=['./colcon.meta'], base_paths=['.'], packages_ignore=None, packages_ignore_regex=None, paths=None, packages_up_to=None, packages_up_to_regex=None, packages_above=None, packages_above_and_dependencies=None, packages_above_depth=None, packages_select_by_dep=None, packages_skip_by_dep=None, packages_skip_up_to=None, packages_select_build_failed=False, packages_skip_build_finished=False, packages_select_test_failures=False, packages_skip_test_passed=False, packages_select=None, packages_skip=None, packages_select_regex=None, packages_skip_regex=None, packages_start=None, packages_end=None, allow_overriding=[], cmake_args=None, cmake_target=None, cmake_target_skip_unavailable=False, cmake_clean_cache=False, cmake_clean_first=False, cmake_force_configure=False, ament_cmake_args=None, catkin_cmake_args=None, catkin_skip_building_tests=False, mixin_files=None, mixin=None, verb_parser=<colcon_mixin.mixin.mixin_argument.MixinArgumentDecorator object at 0x798f525a9070>, verb_extension=<colcon_core.verb.build.BuildVerb object at 0x798f526e0e00>, main=<bound method BuildVerb.main of <colcon_core.verb.build.BuildVerb object at 0x798f526e0e00>>, mixin_verb=('build',))
[0.412s] Level 1:colcon.colcon_core.package_discovery:discover_packages(colcon_meta) check parameters
[0.413s] Level 1:colcon.colcon_core.package_discovery:discover_packages(recursive) check parameters
[0.413s] Level 1:colcon.colcon_core.package_discovery:discover_packages(ignore) check parameters
[0.413s] Level 1:colcon.colcon_core.package_discovery:discover_packages(path) check parameters
[0.413s] Level 1:colcon.colcon_core.package_discovery:discover_packages(colcon_meta) discover
[0.413s] Level 1:colcon.colcon_core.package_discovery:discover_packages(recursive) discover
[0.413s] INFO:colcon.colcon_core.package_discovery:Crawling recursively for packages in '/home/jota/Desktop/uni/magistrale/droni/pitchside_tracker'
[0.413s] Level 1:colcon.colcon_core.package_identification:_identify(.) by extensions ['ignore', 'ignore_ament_install']
[0.413s] Level 1:colcon.colcon_core.package_identification:_identify(.) by extension 'ignore'
[0.413s] Level 1:colcon.colcon_core.package_identification:_identify(.) by extension 'ignore_ament_install'
[0.414s] Level 1:colcon.colcon_core.package_identification:_identify(.) by extensions ['colcon_pkg']
[0.414s] Level 1:colcon.colcon_core.package_identification:_identify(.) by extension 'colcon_pkg'
[0.414s] Level 1:colcon.colcon_core.package_identification:_identify(.) by extensions ['colcon_meta']
[0.414s] Level 1:colcon.colcon_core.package_identification:_identify(.) by extension 'colcon_meta'
[0.414s] Level 1:colcon.colcon_core.package_identification:_identify(.) by extensions ['ros']
[0.414s] Level 1:colcon.colcon_core.package_identification:_identify(.) by extension 'ros'
[0.469s] Level 1:colcon.colcon_core.package_identification:_identify(.) by extensions ['cmake', 'python']
[0.470s] Level 1:colcon.colcon_core.package_identification:_identify(.) by extension 'cmake'
[0.470s] Level 1:colcon.colcon_core.package_identification:_identify(.) by extension 'python'
[0.470s] Level 1:colcon.colcon_core.package_identification:_identify(.) by extensions ['python_setup_py']
[0.470s] Level 1:colcon.colcon_core.package_identification:_identify(.) by extension 'python_setup_py'
[0.470s] Level 1:colcon.colcon_core.package_identification:_identify(build) by extensions ['ignore', 'ignore_ament_install']
[0.471s] Level 1:colcon.colcon_core.package_identification:_identify(build) by extension 'ignore'
[0.471s] Level 1:colcon.colcon_core.package_identification:_identify(build) ignored
[0.471s] Level 1:colcon.colcon_core.package_identification:_identify(install) by extensions ['ignore', 'ignore_ament_install']
[0.471s] Level 1:colcon.colcon_core.package_identification:_identify(install) by extension 'ignore'
[0.471s] Level 1:colcon.colcon_core.package_identification:_identify(install) ignored
[0.472s] Level 1:colcon.colcon_core.package_identification:_identify(log) by extensions ['ignore', 'ignore_ament_install']
[0.472s] Level 1:colcon.colcon_core.package_identification:_identify(log) by extension 'ignore'
[0.472s] Level 1:colcon.colcon_core.package_identification:_identify(log) ignored
[0.472s] Level 1:colcon.colcon_core.package_identification:_identify(pitchside_tracker) by extensions ['ignore', 'ignore_ament_install']
[0.472s] Level 1:colcon.colcon_core.package_identification:_identify(pitchside_tracker) by extension 'ignore'
[0.472s] Level 1:colcon.colcon_core.package_identification:_identify(pitchside_tracker) by extension 'ignore_ament_install'
[0.473s] Level 1:colcon.colcon_core.package_identification:_identify(pitchside_tracker) by extensions ['colcon_pkg']
[0.473s] Level 1:colcon.colcon_core.package_identification:_identify(pitchside_tracker) by extension 'colcon_pkg'
[0.473s] Level 1:colcon.colcon_core.package_identification:_identify(pitchside_tracker) by extensions ['colcon_meta']
[0.473s] Level 1:colcon.colcon_core.package_identification:_identify(pitchside_tracker) by extension 'colcon_meta'
[0.473s] Level 1:colcon.colcon_core.package_identification:_identify(pitchside_tracker) by extensions ['ros']
[0.473s] Level 1:colcon.colcon_core.package_identification:_identify(pitchside_tracker) by extension 'ros'
[0.478s] DEBUG:colcon.colcon_core.package_identification:Package 'pitchside_tracker' with type 'ros.ament_python' and name 'pitchside_tracker'
[0.478s] Level 1:colcon.colcon_core.package_identification:_identify(src) by extensions ['ignore', 'ignore_ament_install']
[0.479s] Level 1:colcon.colcon_core.package_identification:_identify(src) by extension 'ignore'
[0.479s] Level 1:colcon.colcon_core.package_identification:_identify(src) by extension 'ignore_ament_install'
[0.479s] Level 1:colcon.colcon_core.package_identification:_identify(src) by extensions ['colcon_pkg']
[0.479s] Level 1:colcon.colcon_core.package_identification:_identify(src) by extension 'colcon_pkg'
[0.479s] Level 1:colcon.colcon_core.package_identification:_identify(src) by extensions ['colcon_meta']
[0.479s] Level 1:colcon.colcon_core.package_identification:_identify(src) by extension 'colcon_meta'
[0.479s] Level 1:colcon.colcon_core.package_identification:_identify(src) by extensions ['ros']
[0.479s] Level 1:colcon.colcon_core.package_identification:_identify(src) by extension 'ros'
[0.479s] Level 1:colcon.colcon_core.package_identification:_identify(src) by extensions ['cmake', 'python']
[0.480s] Level 1:colcon.colcon_core.package_identification:_identify(src) by extension 'cmake'
[0.480s] Level 1:colcon.colcon_core.package_identification:_identify(src) by extension 'python'
[0.480s] Level 1:colcon.colcon_core.package_identification:_identify(src) by extensions ['python_setup_py']
[0.480s] Level 1:colcon.colcon_core.package_identification:_identify(src) by extension 'python_setup_py'
[0.480s] Level 1:colcon.colcon_core.package_identification:_identify(src/models) by extensions ['ignore', 'ignore_ament_install']
[0.480s] Level 1:colcon.colcon_core.package_identification:_identify(src/models) by extension 'ignore'
[0.480s] Level 1:colcon.colcon_core.package_identification:_identify(src/models) by extension 'ignore_ament_install'
[0.481s] Level 1:colcon.colcon_core.package_identification:_identify(src/models) by extensions ['colcon_pkg']
[0.481s] Level 1:colcon.colcon_core.package_identification:_identify(src/models) by extension 'colcon_pkg'
[0.481s] Level 1:colcon.colcon_core.package_identification:_identify(src/models) by extensions ['colcon_meta']
[0.481s] Level 1:colcon.colcon_core.package_identification:_identify(src/models) by extension 'colcon_meta'
[0.481s] Level 1:colcon.colcon_core.package_identification:_identify(src/models) by extensions ['ros']
[0.481s] Level 1:colcon.colcon_core.package_identification:_identify(src/models) by extension 'ros'
[0.481s] Level 1:colcon.colcon_core.package_identification:_identify(src/models) by extensions ['cmake', 'python']
[0.481s] Level 1:colcon.colcon_core.package_identification:_identify(src/models) by extension 'cmake'
[0.481s] Level 1:colcon.colcon_core.package_identification:_identify(src/models) by extension 'python'
[0.482s] Level 1:colcon.colcon_core.package_identification:_identify(src/models) by extensions ['python_setup_py']
[0.482s] Level 1:colcon.colcon_core.package_identification:_identify(src/models) by extension 'python_setup_py'
[0.482s] Level 1:colcon.colcon_core.package_identification:_identify(src/models/RoboCup15_MSL_Field) by extensions ['ignore', 'ignore_ament_install']
[0.482s] Level 1:colcon.colcon_core.package_identification:_identify(src/models/RoboCup15_MSL_Field) by extension 'ignore'
[0.483s] Level 1:colcon.colcon_core.package_identification:_identify(src/models/RoboCup15_MSL_Field) by extension 'ignore_ament_install'
[0.483s] Level 1:colcon.colcon_core.package_identification:_identify(src/models/RoboCup15_MSL_Field) by extensions ['colcon_pkg']
[0.483s] Level 1:colcon.colcon_core.package_identification:_identify(src/models/RoboCup15_MSL_Field) by extension 'colcon_pkg'
[0.483s] Level 1:colcon.colcon_core.package_identification:_identify(src/models/RoboCup15_MSL_Field) by extensions ['colcon_meta']
[0.483s] Level 1:colcon.colcon_core.package_identification:_identify(src/models/RoboCup15_MSL_Field) by extension 'colcon_meta'
[0.483s] Level 1:colcon.colcon_core.package_identification:_identify(src/models/RoboCup15_MSL_Field) by extensions ['ros']
[0.483s] Level 1:colcon.colcon_core.package_identification:_identify(src/models/RoboCup15_MSL_Field) by extension 'ros'
[0.483s] Level 1:colcon.colcon_core.package_identification:_identify(src/models/RoboCup15_MSL_Field) by extensions ['cmake', 'python']
[0.483s] Level 1:colcon.colcon_core.package_identification:_identify(src/models/RoboCup15_MSL_Field) by extension 'cmake'
[0.484s] Level 1:colcon.colcon_core.package_identification:_identify(src/models/RoboCup15_MSL_Field) by extension 'python'
[0.484s] Level 1:colcon.colcon_core.package_identification:_identify(src/models/RoboCup15_MSL_Field) by extensions ['python_setup_py']
[0.484s] Level 1:colcon.colcon_core.package_identification:_identify(src/models/RoboCup15_MSL_Field) by extension 'python_setup_py'
[0.484s] Level 1:colcon.colcon_core.package_identification:_identify(src/models/RoboCup15_MSL_Field/materials) by extensions ['ignore', 'ignore_ament_install']
[0.484s] Level 1:colcon.colcon_core.package_identification:_identify(src/models/RoboCup15_MSL_Field/materials) by extension 'ignore'
[0.484s] Level 1:colcon.colcon_core.package_identification:_identify(src/models/RoboCup15_MSL_Field/materials) by extension 'ignore_ament_install'
[0.484s] Level 1:colcon.colcon_core.package_identification:_identify(src/models/RoboCup15_MSL_Field/materials) by extensions ['colcon_pkg']
[0.484s] Level 1:colcon.colcon_core.package_identification:_identify(src/models/RoboCup15_MSL_Field/materials) by extension 'colcon_pkg'
[0.485s] Level 1:colcon.colcon_core.package_identification:_identify(src/models/RoboCup15_MSL_Field/materials) by extensions ['colcon_meta']
[0.485s] Level 1:colcon.colcon_core.package_identification:_identify(src/models/RoboCup15_MSL_Field/materials) by extension 'colcon_meta'
[0.485s] Level 1:colcon.colcon_core.package_identification:_identify(src/models/RoboCup15_MSL_Field/materials) by extensions ['ros']
[0.485s] Level 1:colcon.colcon_core.package_identification:_identify(src/models/RoboCup15_MSL_Field/materials) by extension 'ros'
[0.485s] Level 1:colcon.colcon_core.package_identification:_identify(src/models/RoboCup15_MSL_Field/materials) by extensions ['cmake', 'python']
[0.485s] Level 1:colcon.colcon_core.package_identification:_identify(src/models/RoboCup15_MSL_Field/materials) by extension 'cmake'
[0.485s] Level 1:colcon.colcon_core.package_identification:_identify(src/models/RoboCup15_MSL_Field/materials) by extension 'python'
[0.485s] Level 1:colcon.colcon_core.package_identification:_identify(src/models/RoboCup15_MSL_Field/materials) by extensions ['python_setup_py']
[0.485s] Level 1:colcon.colcon_core.package_identification:_identify(src/models/RoboCup15_MSL_Field/materials) by extension 'python_setup_py'
[0.486s] Level 1:colcon.colcon_core.package_identification:_identify(src/models/RoboCup15_MSL_Field/materials/scripts) by extensions ['ignore', 'ignore_ament_install']
[0.486s] Level 1:colcon.colcon_core.package_identification:_identify(src/models/RoboCup15_MSL_Field/materials/scripts) by extension 'ignore'
[0.486s] Level 1:colcon.colcon_core.package_identification:_identify(src/models/RoboCup15_MSL_Field/materials/scripts) by extension 'ignore_ament_install'
[0.486s] Level 1:colcon.colcon_core.package_identification:_identify(src/models/RoboCup15_MSL_Field/materials/scripts) by extensions ['colcon_pkg']
[0.487s] Level 1:colcon.colcon_core.package_identification:_identify(src/models/RoboCup15_MSL_Field/materials/scripts) by extension 'colcon_pkg'
[0.487s] Level 1:colcon.colcon_core.package_identification:_identify(src/models/RoboCup15_MSL_Field/materials/scripts) by extensions ['colcon_meta']
[0.487s] Level 1:colcon.colcon_core.package_identification:_identify(src/models/RoboCup15_MSL_Field/materials/scripts) by extension 'colcon_meta'
[0.487s] Level 1:colcon.colcon_core.package_identification:_identify(src/models/RoboCup15_MSL_Field/materials/scripts) by extensions ['ros']
[0.487s] Level 1:colcon.colcon_core.package_identification:_identify(src/models/RoboCup15_MSL_Field/materials/scripts) by extension 'ros'
[0.487s] Level 1:colcon.colcon_core.package_identification:_identify(src/models/RoboCup15_MSL_Field/materials/scripts) by extensions ['cmake', 'python']
[0.488s] Level 1:colcon.colcon_core.package_identification:_identify(src/models/RoboCup15_MSL_Field/materials/scripts) by extension 'cmake'
[0.488s] Level 1:colcon.colcon_core.package_identification:_identify(src/models/RoboCup15_MSL_Field/materials/scripts) by extension 'python'
[0.488s] Level 1:colcon.colcon_core.package_identification:_identify(src/models/RoboCup15_MSL_Field/materials/scripts) by extensions ['python_setup_py']
[0.488s] Level 1:colcon.colcon_core.package_identification:_identify(src/models/RoboCup15_MSL_Field/materials/scripts) by extension 'python_setup_py'
[0.488s] Level 1:colcon.colcon_core.package_identification:_identify(src/models/RoboCup15_MSL_Field/materials/textures) by extensions ['ignore', 'ignore_ament_install']
[0.488s] Level 1:colcon.colcon_core.package_identification:_identify(src/models/RoboCup15_MSL_Field/materials/textures) by extension 'ignore'
[0.489s] Level 1:colcon.colcon_core.package_identification:_identify(src/models/RoboCup15_MSL_Field/materials/textures) by extension 'ignore_ament_install'
[0.489s] Level 1:colcon.colcon_core.package_identification:_identify(src/models/RoboCup15_MSL_Field/materials/textures) by extensions ['colcon_pkg']
[0.489s] Level 1:colcon.colcon_core.package_identification:_identify(src/models/RoboCup15_MSL_Field/materials/textures) by extension 'colcon_pkg'
[0.489s] Level 1:colcon.colcon_core.package_identification:_identify(src/models/RoboCup15_MSL_Field/materials/textures) by extensions ['colcon_meta']
[0.489s] Level 1:colcon.colcon_core.package_identification:_identify(src/models/RoboCup15_MSL_Field/materials/textures) by extension 'colcon_meta'
[0.489s] Level 1:colcon.colcon_core.package_identification:_identify(src/models/RoboCup15_MSL_Field/materials/textures) by extensions ['ros']
[0.489s] Level 1:colcon.colcon_core.package_identification:_identify(src/models/RoboCup15_MSL_Field/materials/textures) by extension 'ros'
[0.489s] Level 1:colcon.colcon_core.package_identification:_identify(src/models/RoboCup15_MSL_Field/materials/textures) by extensions ['cmake', 'python']
[0.489s] Level 1:colcon.colcon_core.package_identification:_identify(src/models/RoboCup15_MSL_Field/materials/textures) by extension 'cmake'
[0.490s] Level 1:colcon.colcon_core.package_identification:_identify(src/models/RoboCup15_MSL_Field/materials/textures) by extension 'python'
[0.490s] Level 1:colcon.colcon_core.package_identification:_identify(src/models/RoboCup15_MSL_Field/materials/textures) by extensions ['python_setup_py']
[0.490s] Level 1:colcon.colcon_core.package_identification:_identify(src/models/RoboCup15_MSL_Field/materials/textures) by extension 'python_setup_py'
[0.490s] Level 1:colcon.colcon_core.package_identification:_identify(src/models/RoboCup15_MSL_Football) by extensions ['ignore', 'ignore_ament_install']
[0.490s] Level 1:colcon.colcon_core.package_identification:_identify(src/models/RoboCup15_MSL_Football) by extension 'ignore'
[0.490s] Level 1:colcon.colcon_core.package_identification:_identify(src/models/RoboCup15_MSL_Football) by extension 'ignore_ament_install'
[0.490s] Level 1:colcon.colcon_core.package_identification:_identify(src/models/RoboCup15_MSL_Football) by extensions ['colcon_pkg']
[0.490s] Level 1:colcon.colcon_core.package_identification:_identify(src/models/RoboCup15_MSL_Football) by extension 'colcon_pkg'
[0.491s] Level 1:colcon.colcon_core.package_identification:_identify(src/models/RoboCup15_MSL_Football) by extensions ['colcon_meta']
[0.491s] Level 1:colcon.colcon_core.package_identification:_identify(src/models/RoboCup15_MSL_Football) by extension 'colcon_meta'
[0.491s] Level 1:colcon.colcon_core.package_identification:_identify(src/models/RoboCup15_MSL_Football) by extensions ['ros']
[0.491s] Level 1:colcon.colcon_core.package_identification:_identify(src/models/RoboCup15_MSL_Football) by extension 'ros'
[0.491s] Level 1:colcon.colcon_core.package_identification:_identify(src/models/RoboCup15_MSL_Football) by extensions ['cmake', 'python']
[0.491s] Level 1:colcon.colcon_core.package_identification:_identify(src/models/RoboCup15_MSL_Football) by extension 'cmake'
[0.491s] Level 1:colcon.colcon_core.package_identification:_identify(src/models/RoboCup15_MSL_Football) by extension 'python'
[0.491s] Level 1:colcon.colcon_core.package_identification:_identify(src/models/RoboCup15_MSL_Football) by extensions ['python_setup_py']
[0.491s] Level 1:colcon.colcon_core.package_identification:_identify(src/models/RoboCup15_MSL_Football) by extension 'python_setup_py'
[0.491s] Level 1:colcon.colcon_core.package_identification:_identify(src/models/RoboCup15_MSL_Football/materials) by extensions ['ignore', 'ignore_ament_install']
[0.492s] Level 1:colcon.colcon_core.package_identification:_identify(src/models/RoboCup15_MSL_Football/materials) by extension 'ignore'
[0.492s] Level 1:colcon.colcon_core.package_identification:_identify(src/models/RoboCup15_MSL_Football/materials) by extension 'ignore_ament_install'
[0.492s] Level 1:colcon.colcon_core.package_identification:_identify(src/models/RoboCup15_MSL_Football/materials) by extensions ['colcon_pkg']
[0.492s] Level 1:colcon.colcon_core.package_identification:_identify(src/models/RoboCup15_MSL_Football/materials) by extension 'colcon_pkg'
[0.492s] Level 1:colcon.colcon_core.package_identification:_identify(src/models/RoboCup15_MSL_Football/materials) by extensions ['colcon_meta']
[0.492s] Level 1:colcon.colcon_core.package_identification:_identify(src/models/RoboCup15_MSL_Football/materials) by extension 'colcon_meta'
[0.492s] Level 1:colcon.colcon_core.package_identification:_identify(src/models/RoboCup15_MSL_Football/materials) by extensions ['ros']
[0.492s] Level 1:colcon.colcon_core.package_identification:_identify(src/models/RoboCup15_MSL_Football/materials) by extension 'ros'
[0.493s] Level 1:colcon.colcon_core.package_identification:_identify(src/models/RoboCup15_MSL_Football/materials) by extensions ['cmake', 'python']
[0.493s] Level 1:colcon.colcon_core.package_identification:_identify(src/models/RoboCup15_MSL_Football/materials) by extension 'cmake'
[0.493s] Level 1:colcon.colcon_core.package_identification:_identify(src/models/RoboCup15_MSL_Football/materials) by extension 'python'
[0.493s] Level 1:colcon.colcon_core.package_identification:_identify(src/models/RoboCup15_MSL_Football/materials) by extensions ['python_setup_py']
[0.493s] Level 1:colcon.colcon_core.package_identification:_identify(src/models/RoboCup15_MSL_Football/materials) by extension 'python_setup_py'
[0.493s] Level 1:colcon.colcon_core.package_identification:_identify(src/models/RoboCup15_MSL_Football/materials/textures) by extensions ['ignore', 'ignore_ament_install']
[0.493s] Level 1:colcon.colcon_core.package_identification:_identify(src/models/RoboCup15_MSL_Football/materials/textures) by extension 'ignore'
[0.493s] Level 1:colcon.colcon_core.package_identification:_identify(src/models/RoboCup15_MSL_Football/materials/textures) by extension 'ignore_ament_install'
[0.494s] Level 1:colcon.colcon_core.package_identification:_identify(src/models/RoboCup15_MSL_Football/materials/textures) by extensions ['colcon_pkg']
[0.494s] Level 1:colcon.colcon_core.package_identification:_identify(src/models/RoboCup15_MSL_Football/materials/textures) by extension 'colcon_pkg'
[0.494s] Level 1:colcon.colcon_core.package_identification:_identify(src/models/RoboCup15_MSL_Football/materials/textures) by extensions ['colcon_meta']
[0.494s] Level 1:colcon.colcon_core.package_identification:_identify(src/models/RoboCup15_MSL_Football/materials/textures) by extension 'colcon_meta'
[0.494s] Level 1:colcon.colcon_core.package_identification:_identify(src/models/RoboCup15_MSL_Football/materials/textures) by extensions ['ros']
[0.494s] Level 1:colcon.colcon_core.package_identification:_identify(src/models/RoboCup15_MSL_Football/materials/textures) by extension 'ros'
[0.494s] Level 1:colcon.colcon_core.package_identification:_identify(src/models/RoboCup15_MSL_Football/materials/textures) by extensions ['cmake', 'python']
[0.494s] Level 1:colcon.colcon_core.package_identification:_identify(src/models/RoboCup15_MSL_Football/materials/textures) by extension 'cmake'
[0.494s] Level 1:colcon.colcon_core.package_identification:_identify(src/models/RoboCup15_MSL_Football/materials/textures) by extension 'python'
[0.495s] Level 1:colcon.colcon_core.package_identification:_identify(src/models/RoboCup15_MSL_Football/materials/textures) by extensions ['python_setup_py']
[0.495s] Level 1:colcon.colcon_core.package_identification:_identify(src/models/RoboCup15_MSL_Football/materials/textures) by extension 'python_setup_py'
[0.495s] Level 1:colcon.colcon_core.package_identification:_identify(src/models/RoboCup15_MSL_Football/meshes) by extensions ['ignore', 'ignore_ament_install']
[0.495s] Level 1:colcon.colcon_core.package_identification:_identify(src/models/RoboCup15_MSL_Football/meshes) by extension 'ignore'
[0.495s] Level 1:colcon.colcon_core.package_identification:_identify(src/models/RoboCup15_MSL_Football/meshes) by extension 'ignore_ament_install'
[0.495s] Level 1:colcon.colcon_core.package_identification:_identify(src/models/RoboCup15_MSL_Football/meshes) by extensions ['colcon_pkg']
[0.495s] Level 1:colcon.colcon_core.package_identification:_identify(src/models/RoboCup15_MSL_Football/meshes) by extension 'colcon_pkg'
[0.495s] Level 1:colcon.colcon_core.package_identification:_identify(src/models/RoboCup15_MSL_Football/meshes) by extensions ['colcon_meta']
[0.496s] Level 1:colcon.colcon_core.package_identification:_identify(src/models/RoboCup15_MSL_Football/meshes) by extension 'colcon_meta'
[0.496s] Level 1:colcon.colcon_core.package_identification:_identify(src/models/RoboCup15_MSL_Football/meshes) by extensions ['ros']
[0.496s] Level 1:colcon.colcon_core.package_identification:_identify(src/models/RoboCup15_MSL_Football/meshes) by extension 'ros'
[0.496s] Level 1:colcon.colcon_core.package_identification:_identify(src/models/RoboCup15_MSL_Football/meshes) by extensions ['cmake', 'python']
[0.496s] Level 1:colcon.colcon_core.package_identification:_identify(src/models/RoboCup15_MSL_Football/meshes) by extension 'cmake'
[0.496s] Level 1:colcon.colcon_core.package_identification:_identify(src/models/RoboCup15_MSL_Football/meshes) by extension 'python'
[0.496s] Level 1:colcon.colcon_core.package_identification:_identify(src/models/RoboCup15_MSL_Football/meshes) by extensions ['python_setup_py']
[0.496s] Level 1:colcon.colcon_core.package_identification:_identify(src/models/RoboCup15_MSL_Football/meshes) by extension 'python_setup_py'
[0.496s] Level 1:colcon.colcon_core.package_identification:_identify(src/models/RoboCup15_MSL_Goal) by extensions ['ignore', 'ignore_ament_install']
[0.497s] Level 1:colcon.colcon_core.package_identification:_identify(src/models/RoboCup15_MSL_Goal) by extension 'ignore'
[0.497s] Level 1:colcon.colcon_core.package_identification:_identify(src/models/RoboCup15_MSL_Goal) by extension 'ignore_ament_install'
[0.497s] Level 1:colcon.colcon_core.package_identification:_identify(src/models/RoboCup15_MSL_Goal) by extensions ['colcon_pkg']
[0.497s] Level 1:colcon.colcon_core.package_identification:_identify(src/models/RoboCup15_MSL_Goal) by extension 'colcon_pkg'
[0.497s] Level 1:colcon.colcon_core.package_identification:_identify(src/models/RoboCup15_MSL_Goal) by extensions ['colcon_meta']
[0.497s] Level 1:colcon.colcon_core.package_identification:_identify(src/models/RoboCup15_MSL_Goal) by extension 'colcon_meta'
[0.497s] Level 1:colcon.colcon_core.package_identification:_identify(src/models/RoboCup15_MSL_Goal) by extensions ['ros']
[0.497s] Level 1:colcon.colcon_core.package_identification:_identify(src/models/RoboCup15_MSL_Goal) by extension 'ros'
[0.497s] Level 1:colcon.colcon_core.package_identification:_identify(src/models/RoboCup15_MSL_Goal) by extensions ['cmake', 'python']
[0.497s] Level 1:colcon.colcon_core.package_identification:_identify(src/models/RoboCup15_MSL_Goal) by extension 'cmake'
[0.498s] Level 1:colcon.colcon_core.package_identification:_identify(src/models/RoboCup15_MSL_Goal) by extension 'python'
[0.498s] Level 1:colcon.colcon_core.package_identification:_identify(src/models/RoboCup15_MSL_Goal) by extensions ['python_setup_py']
[0.498s] Level 1:colcon.colcon_core.package_identification:_identify(src/models/RoboCup15_MSL_Goal) by extension 'python_setup_py'
[0.498s] Level 1:colcon.colcon_core.package_identification:_identify(src/models/RoboCup15_MSL_Goal/materials) by extensions ['ignore', 'ignore_ament_install']
[0.498s] Level 1:colcon.colcon_core.package_identification:_identify(src/models/RoboCup15_MSL_Goal/materials) by extension 'ignore'
[0.498s] Level 1:colcon.colcon_core.package_identification:_identify(src/models/RoboCup15_MSL_Goal/materials) by extension 'ignore_ament_install'
[0.498s] Level 1:colcon.colcon_core.package_identification:_identify(src/models/RoboCup15_MSL_Goal/materials) by extensions ['colcon_pkg']
[0.498s] Level 1:colcon.colcon_core.package_identification:_identify(src/models/RoboCup15_MSL_Goal/materials) by extension 'colcon_pkg'
[0.499s] Level 1:colcon.colcon_core.package_identification:_identify(src/models/RoboCup15_MSL_Goal/materials) by extensions ['colcon_meta']
[0.499s] Level 1:colcon.colcon_core.package_identification:_identify(src/models/RoboCup15_MSL_Goal/materials) by extension 'colcon_meta'
[0.499s] Level 1:colcon.colcon_core.package_identification:_identify(src/models/RoboCup15_MSL_Goal/materials) by extensions ['ros']
[0.499s] Level 1:colcon.colcon_core.package_identification:_identify(src/models/RoboCup15_MSL_Goal/materials) by extension 'ros'
[0.499s] Level 1:colcon.colcon_core.package_identification:_identify(src/models/RoboCup15_MSL_Goal/materials) by extensions ['cmake', 'python']
[0.499s] Level 1:colcon.colcon_core.package_identification:_identify(src/models/RoboCup15_MSL_Goal/materials) by extension 'cmake'
[0.499s] Level 1:colcon.colcon_core.package_identification:_identify(src/models/RoboCup15_MSL_Goal/materials) by extension 'python'
[0.499s] Level 1:colcon.colcon_core.package_identification:_identify(src/models/RoboCup15_MSL_Goal/materials) by extensions ['python_setup_py']
[0.499s] Level 1:colcon.colcon_core.package_identification:_identify(src/models/RoboCup15_MSL_Goal/materials) by extension 'python_setup_py'
[0.499s] Level 1:colcon.colcon_core.package_identification:_identify(src/models/RoboCup15_MSL_Goal/materials/scripts) by extensions ['ignore', 'ignore_ament_install']
[0.500s] Level 1:colcon.colcon_core.package_identification:_identify(src/models/RoboCup15_MSL_Goal/materials/scripts) by extension 'ignore'
[0.500s] Level 1:colcon.colcon_core.package_identification:_identify(src/models/RoboCup15_MSL_Goal/materials/scripts) by extension 'ignore_ament_install'
[0.500s] Level 1:colcon.colcon_core.package_identification:_identify(src/models/RoboCup15_MSL_Goal/materials/scripts) by extensions ['colcon_pkg']
[0.500s] Level 1:colcon.colcon_core.package_identification:_identify(src/models/RoboCup15_MSL_Goal/materials/scripts) by extension 'colcon_pkg'
[0.500s] Level 1:colcon.colcon_core.package_identification:_identify(src/models/RoboCup15_MSL_Goal/materials/scripts) by extensions ['colcon_meta']
[0.500s] Level 1:colcon.colcon_core.package_identification:_identify(src/models/RoboCup15_MSL_Goal/materials/scripts) by extension 'colcon_meta'
[0.500s] Level 1:colcon.colcon_core.package_identification:_identify(src/models/RoboCup15_MSL_Goal/materials/scripts) by extensions ['ros']
[0.500s] Level 1:colcon.colcon_core.package_identification:_identify(src/models/RoboCup15_MSL_Goal/materials/scripts) by extension 'ros'
[0.500s] Level 1:colcon.colcon_core.package_identification:_identify(src/models/RoboCup15_MSL_Goal/materials/scripts) by extensions ['cmake', 'python']
[0.501s] Level 1:colcon.colcon_core.package_identification:_identify(src/models/RoboCup15_MSL_Goal/materials/scripts) by extension 'cmake'
[0.501s] Level 1:colcon.colcon_core.package_identification:_identify(src/models/RoboCup15_MSL_Goal/materials/scripts) by extension 'python'
[0.501s] Level 1:colcon.colcon_core.package_identification:_identify(src/models/RoboCup15_MSL_Goal/materials/scripts) by extensions ['python_setup_py']
[0.501s] Level 1:colcon.colcon_core.package_identification:_identify(src/models/RoboCup15_MSL_Goal/materials/scripts) by extension 'python_setup_py'
[0.501s] Level 1:colcon.colcon_core.package_identification:_identify(src/models/RoboCup15_MSL_Goal/materials/textures) by extensions ['ignore', 'ignore_ament_install']
[0.501s] Level 1:colcon.colcon_core.package_identification:_identify(src/models/RoboCup15_MSL_Goal/materials/textures) by extension 'ignore'
[0.501s] Level 1:colcon.colcon_core.package_identification:_identify(src/models/RoboCup15_MSL_Goal/materials/textures) by extension 'ignore_ament_install'
[0.501s] Level 1:colcon.colcon_core.package_identification:_identify(src/models/RoboCup15_MSL_Goal/materials/textures) by extensions ['colcon_pkg']
[0.502s] Level 1:colcon.colcon_core.package_identification:_identify(src/models/RoboCup15_MSL_Goal/materials/textures) by extension 'colcon_pkg'
[0.502s] Level 1:colcon.colcon_core.package_identification:_identify(src/models/RoboCup15_MSL_Goal/materials/textures) by extensions ['colcon_meta']
[0.502s] Level 1:colcon.colcon_core.package_identification:_identify(src/models/RoboCup15_MSL_Goal/materials/textures) by extension 'colcon_meta'
[0.502s] Level 1:colcon.colcon_core.package_identification:_identify(src/models/RoboCup15_MSL_Goal/materials/textures) by extensions ['ros']
[0.502s] Level 1:colcon.colcon_core.package_identification:_identify(src/models/RoboCup15_MSL_Goal/materials/textures) by extension 'ros'
[0.502s] Level 1:colcon.colcon_core.package_identification:_identify(src/models/RoboCup15_MSL_Goal/materials/textures) by extensions ['cmake', 'python']
[0.502s] Level 1:colcon.colcon_core.package_identification:_identify(src/models/RoboCup15_MSL_Goal/materials/textures) by extension 'cmake'
[0.502s] Level 1:colcon.colcon_core.package_identification:_identify(src/models/RoboCup15_MSL_Goal/materials/textures) by extension 'python'
[0.502s] Level 1:colcon.colcon_core.package_identification:_identify(src/models/RoboCup15_MSL_Goal/materials/textures) by extensions ['python_setup_py']
[0.502s] Level 1:colcon.colcon_core.package_identification:_identify(src/models/RoboCup15_MSL_Goal/materials/textures) by extension 'python_setup_py'
[0.503s] Level 1:colcon.colcon_core.package_identification:_identify(src/pitchside_tracker) by extensions ['ignore', 'ignore_ament_install']
[0.503s] Level 1:colcon.colcon_core.package_identification:_identify(src/pitchside_tracker) by extension 'ignore'
[0.503s] Level 1:colcon.colcon_core.package_identification:_identify(src/pitchside_tracker) by extension 'ignore_ament_install'
[0.503s] Level 1:colcon.colcon_core.package_identification:_identify(src/pitchside_tracker) by extensions ['colcon_pkg']
[0.503s] Level 1:colcon.colcon_core.package_identification:_identify(src/pitchside_tracker) by extension 'colcon_pkg'
[0.503s] Level 1:colcon.colcon_core.package_identification:_identify(src/pitchside_tracker) by extensions ['colcon_meta']
[0.503s] Level 1:colcon.colcon_core.package_identification:_identify(src/pitchside_tracker) by extension 'colcon_meta'
[0.503s] Level 1:colcon.colcon_core.package_identification:_identify(src/pitchside_tracker) by extensions ['ros']
[0.503s] Level 1:colcon.colcon_core.package_identification:_identify(src/pitchside_tracker) by extension 'ros'
[0.504s] DEBUG:colcon.colcon_core.package_identification:Package 'src/pitchside_tracker' with type 'ros.ament_python' and name 'pitchside_tracker'
[0.505s] Level 1:colcon.colcon_core.package_discovery:discover_packages(recursive) using defaults
[0.505s] Level 1:colcon.colcon_core.package_discovery:discover_packages(ignore) discover
[0.505s] Level 1:colcon.colcon_core.package_discovery:discover_packages(ignore) using defaults
[0.505s] Level 1:colcon.colcon_core.package_discovery:discover_packages(path) discover
[0.505s] Level 1:colcon.colcon_core.package_discovery:discover_packages(path) using defaults
[0.544s] Level 1:colcon.colcon_core.package_discovery:discover_packages(prefix_path) check parameters
[0.544s] Level 1:colcon.colcon_core.package_discovery:discover_packages(prefix_path) discover
[0.547s] DEBUG:colcon.colcon_installed_package_information.package_discovery:Found 1 installed packages in /home/jota/Desktop/uni/magistrale/droni/pitchside_tracker/install
[0.551s] DEBUG:colcon.colcon_installed_package_information.package_discovery:Found 320 installed packages in /opt/ros/rolling
[0.556s] Level 1:colcon.colcon_core.package_discovery:discover_packages(prefix_path) using defaults
[0.663s] ERROR:colcon:colcon build: Duplicate package names not supported:
- pitchside_tracker:
  - pitchside_tracker
  - src/pitchside_tracker
