[0.245s] DEBUG:colcon:Command line arguments: ['/usr/bin/colcon', 'build']
[0.246s] DEBUG:colcon:Parsed command line arguments: Namespace(log_base=None, log_level=None, verb_name='build', build_base='build', install_base='install', merge_install=False, symlink_install=False, test_result_base=None, continue_on_error=False, executor='parallel', parallel_workers=8, event_handlers=None, ignore_user_meta=False, metas=['./colcon.meta'], base_paths=['.'], packages_ignore=None, packages_ignore_regex=None, paths=None, packages_up_to=None, packages_up_to_regex=None, packages_above=None, packages_above_and_dependencies=None, packages_above_depth=None, packages_select_by_dep=None, packages_skip_by_dep=None, packages_skip_up_to=None, packages_select_build_failed=False, packages_skip_build_finished=False, packages_select_test_failures=False, packages_skip_test_passed=False, packages_select=None, packages_skip=None, packages_select_regex=None, packages_skip_regex=None, packages_start=None, packages_end=None, allow_overriding=[], cmake_args=None, cmake_target=None, cmake_target_skip_unavailable=False, cmake_clean_cache=False, cmake_clean_first=False, cmake_force_configure=False, ament_cmake_args=None, catkin_cmake_args=None, catkin_skip_building_tests=False, mixin_files=None, mixin=None, verb_parser=<colcon_mixin.mixin.mixin_argument.MixinArgumentDecorator object at 0x7ebbb44a1400>, verb_extension=<colcon_core.verb.build.BuildVerb object at 0x7ebbb45f9ee0>, main=<bound method BuildVerb.main of <colcon_core.verb.build.BuildVerb object at 0x7ebbb45f9ee0>>, mixin_verb=('build',))
[0.338s] Level 1:colcon.colcon_core.package_discovery:discover_packages(colcon_meta) check parameters
[0.338s] Level 1:colcon.colcon_core.package_discovery:discover_packages(recursive) check parameters
[0.338s] Level 1:colcon.colcon_core.package_discovery:discover_packages(ignore) check parameters
[0.338s] Level 1:colcon.colcon_core.package_discovery:discover_packages(path) check parameters
[0.338s] Level 1:colcon.colcon_core.package_discovery:discover_packages(colcon_meta) discover
[0.338s] Level 1:colcon.colcon_core.package_discovery:discover_packages(recursive) discover
[0.338s] INFO:colcon.colcon_core.package_discovery:Crawling recursively for packages in '/home/jota/Desktop/uni/magistrale/droni/pitchside_tracker'
[0.339s] Level 1:colcon.colcon_core.package_identification:_identify(.) by extensions ['ignore', 'ignore_ament_install']
[0.339s] Level 1:colcon.colcon_core.package_identification:_identify(.) by extension 'ignore'
[0.339s] Level 1:colcon.colcon_core.package_identification:_identify(.) by extension 'ignore_ament_install'
[0.339s] Level 1:colcon.colcon_core.package_identification:_identify(.) by extensions ['colcon_pkg']
[0.339s] Level 1:colcon.colcon_core.package_identification:_identify(.) by extension 'colcon_pkg'
[0.339s] Level 1:colcon.colcon_core.package_identification:_identify(.) by extensions ['colcon_meta']
[0.339s] Level 1:colcon.colcon_core.package_identification:_identify(.) by extension 'colcon_meta'
[0.339s] Level 1:colcon.colcon_core.package_identification:_identify(.) by extensions ['ros']
[0.339s] Level 1:colcon.colcon_core.package_identification:_identify(.) by extension 'ros'
[0.392s] Level 1:colcon.colcon_core.package_identification:_identify(.) by extensions ['cmake', 'python']
[0.392s] Level 1:colcon.colcon_core.package_identification:_identify(.) by extension 'cmake'
[0.392s] Level 1:colcon.colcon_core.package_identification:_identify(.) by extension 'python'
[0.393s] Level 1:colcon.colcon_core.package_identification:_identify(.) by extensions ['python_setup_py']
[0.393s] Level 1:colcon.colcon_core.package_identification:_identify(.) by extension 'python_setup_py'
[0.393s] Level 1:colcon.colcon_core.package_identification:_identify(build) by extensions ['ignore', 'ignore_ament_install']
[0.393s] Level 1:colcon.colcon_core.package_identification:_identify(build) by extension 'ignore'
[0.393s] Level 1:colcon.colcon_core.package_identification:_identify(build) ignored
[0.393s] Level 1:colcon.colcon_core.package_identification:_identify(install) by extensions ['ignore', 'ignore_ament_install']
[0.394s] Level 1:colcon.colcon_core.package_identification:_identify(install) by extension 'ignore'
[0.394s] Level 1:colcon.colcon_core.package_identification:_identify(install) ignored
[0.394s] Level 1:colcon.colcon_core.package_identification:_identify(log) by extensions ['ignore', 'ignore_ament_install']
[0.394s] Level 1:colcon.colcon_core.package_identification:_identify(log) by extension 'ignore'
[0.394s] Level 1:colcon.colcon_core.package_identification:_identify(log) ignored
[0.394s] Level 1:colcon.colcon_core.package_identification:_identify(pitchside_tracke) by extensions ['ignore', 'ignore_ament_install']
[0.395s] Level 1:colcon.colcon_core.package_identification:_identify(pitchside_tracke) by extension 'ignore'
[0.395s] Level 1:colcon.colcon_core.package_identification:_identify(pitchside_tracke) by extension 'ignore_ament_install'
[0.395s] Level 1:colcon.colcon_core.package_identification:_identify(pitchside_tracke) by extensions ['colcon_pkg']
[0.395s] Level 1:colcon.colcon_core.package_identification:_identify(pitchside_tracke) by extension 'colcon_pkg'
[0.395s] Level 1:colcon.colcon_core.package_identification:_identify(pitchside_tracke) by extensions ['colcon_meta']
[0.395s] Level 1:colcon.colcon_core.package_identification:_identify(pitchside_tracke) by extension 'colcon_meta'
[0.395s] Level 1:colcon.colcon_core.package_identification:_identify(pitchside_tracke) by extensions ['ros']
[0.395s] Level 1:colcon.colcon_core.package_identification:_identify(pitchside_tracke) by extension 'ros'
[0.399s] DEBUG:colcon.colcon_core.package_identification:Package 'pitchside_tracke' with type 'ros.ament_python' and name 'pitchside_tracke'
[0.400s] Level 1:colcon.colcon_core.package_identification:_identify(src) by extensions ['ignore', 'ignore_ament_install']
[0.400s] Level 1:colcon.colcon_core.package_identification:_identify(src) by extension 'ignore'
[0.400s] Level 1:colcon.colcon_core.package_identification:_identify(src) by extension 'ignore_ament_install'
[0.400s] Level 1:colcon.colcon_core.package_identification:_identify(src) by extensions ['colcon_pkg']
[0.400s] Level 1:colcon.colcon_core.package_identification:_identify(src) by extension 'colcon_pkg'
[0.400s] Level 1:colcon.colcon_core.package_identification:_identify(src) by extensions ['colcon_meta']
[0.400s] Level 1:colcon.colcon_core.package_identification:_identify(src) by extension 'colcon_meta'
[0.400s] Level 1:colcon.colcon_core.package_identification:_identify(src) by extensions ['ros']
[0.400s] Level 1:colcon.colcon_core.package_identification:_identify(src) by extension 'ros'
[0.401s] Level 1:colcon.colcon_core.package_identification:_identify(src) by extensions ['cmake', 'python']
[0.401s] Level 1:colcon.colcon_core.package_identification:_identify(src) by extension 'cmake'
[0.401s] Level 1:colcon.colcon_core.package_identification:_identify(src) by extension 'python'
[0.401s] Level 1:colcon.colcon_core.package_identification:_identify(src) by extensions ['python_setup_py']
[0.401s] Level 1:colcon.colcon_core.package_identification:_identify(src) by extension 'python_setup_py'
[0.401s] Level 1:colcon.colcon_core.package_identification:_identify(src/models) by extensions ['ignore', 'ignore_ament_install']
[0.402s] Level 1:colcon.colcon_core.package_identification:_identify(src/models) by extension 'ignore'
[0.402s] Level 1:colcon.colcon_core.package_identification:_identify(src/models) by extension 'ignore_ament_install'
[0.402s] Level 1:colcon.colcon_core.package_identification:_identify(src/models) by extensions ['colcon_pkg']
[0.402s] Level 1:colcon.colcon_core.package_identification:_identify(src/models) by extension 'colcon_pkg'
[0.402s] Level 1:colcon.colcon_core.package_identification:_identify(src/models) by extensions ['colcon_meta']
[0.402s] Level 1:colcon.colcon_core.package_identification:_identify(src/models) by extension 'colcon_meta'
[0.402s] Level 1:colcon.colcon_core.package_identification:_identify(src/models) by extensions ['ros']
[0.402s] Level 1:colcon.colcon_core.package_identification:_identify(src/models) by extension 'ros'
[0.402s] Level 1:colcon.colcon_core.package_identification:_identify(src/models) by extensions ['cmake', 'python']
[0.402s] Level 1:colcon.colcon_core.package_identification:_identify(src/models) by extension 'cmake'
[0.402s] Level 1:colcon.colcon_core.package_identification:_identify(src/models) by extension 'python'
[0.403s] Level 1:colcon.colcon_core.package_identification:_identify(src/models) by extensions ['python_setup_py']
[0.403s] Level 1:colcon.colcon_core.package_identification:_identify(src/models) by extension 'python_setup_py'
[0.403s] Level 1:colcon.colcon_core.package_identification:_identify(src/models/RoboCup15_MSL_Field) by extensions ['ignore', 'ignore_ament_install']
[0.403s] Level 1:colcon.colcon_core.package_identification:_identify(src/models/RoboCup15_MSL_Field) by extension 'ignore'
[0.403s] Level 1:colcon.colcon_core.package_identification:_identify(src/models/RoboCup15_MSL_Field) by extension 'ignore_ament_install'
[0.403s] Level 1:colcon.colcon_core.package_identification:_identify(src/models/RoboCup15_MSL_Field) by extensions ['colcon_pkg']
[0.403s] Level 1:colcon.colcon_core.package_identification:_identify(src/models/RoboCup15_MSL_Field) by extension 'colcon_pkg'
[0.403s] Level 1:colcon.colcon_core.package_identification:_identify(src/models/RoboCup15_MSL_Field) by extensions ['colcon_meta']
[0.403s] Level 1:colcon.colcon_core.package_identification:_identify(src/models/RoboCup15_MSL_Field) by extension 'colcon_meta'
[0.404s] Level 1:colcon.colcon_core.package_identification:_identify(src/models/RoboCup15_MSL_Field) by extensions ['ros']
[0.404s] Level 1:colcon.colcon_core.package_identification:_identify(src/models/RoboCup15_MSL_Field) by extension 'ros'
[0.404s] Level 1:colcon.colcon_core.package_identification:_identify(src/models/RoboCup15_MSL_Field) by extensions ['cmake', 'python']
[0.404s] Level 1:colcon.colcon_core.package_identification:_identify(src/models/RoboCup15_MSL_Field) by extension 'cmake'
[0.404s] Level 1:colcon.colcon_core.package_identification:_identify(src/models/RoboCup15_MSL_Field) by extension 'python'
[0.404s] Level 1:colcon.colcon_core.package_identification:_identify(src/models/RoboCup15_MSL_Field) by extensions ['python_setup_py']
[0.404s] Level 1:colcon.colcon_core.package_identification:_identify(src/models/RoboCup15_MSL_Field) by extension 'python_setup_py'
[0.404s] Level 1:colcon.colcon_core.package_identification:_identify(src/models/RoboCup15_MSL_Field/materials) by extensions ['ignore', 'ignore_ament_install']
[0.404s] Level 1:colcon.colcon_core.package_identification:_identify(src/models/RoboCup15_MSL_Field/materials) by extension 'ignore'
[0.404s] Level 1:colcon.colcon_core.package_identification:_identify(src/models/RoboCup15_MSL_Field/materials) by extension 'ignore_ament_install'
[0.405s] Level 1:colcon.colcon_core.package_identification:_identify(src/models/RoboCup15_MSL_Field/materials) by extensions ['colcon_pkg']
[0.405s] Level 1:colcon.colcon_core.package_identification:_identify(src/models/RoboCup15_MSL_Field/materials) by extension 'colcon_pkg'
[0.405s] Level 1:colcon.colcon_core.package_identification:_identify(src/models/RoboCup15_MSL_Field/materials) by extensions ['colcon_meta']
[0.405s] Level 1:colcon.colcon_core.package_identification:_identify(src/models/RoboCup15_MSL_Field/materials) by extension 'colcon_meta'
[0.405s] Level 1:colcon.colcon_core.package_identification:_identify(src/models/RoboCup15_MSL_Field/materials) by extensions ['ros']
[0.405s] Level 1:colcon.colcon_core.package_identification:_identify(src/models/RoboCup15_MSL_Field/materials) by extension 'ros'
[0.405s] Level 1:colcon.colcon_core.package_identification:_identify(src/models/RoboCup15_MSL_Field/materials) by extensions ['cmake', 'python']
[0.405s] Level 1:colcon.colcon_core.package_identification:_identify(src/models/RoboCup15_MSL_Field/materials) by extension 'cmake'
[0.405s] Level 1:colcon.colcon_core.package_identification:_identify(src/models/RoboCup15_MSL_Field/materials) by extension 'python'
[0.405s] Level 1:colcon.colcon_core.package_identification:_identify(src/models/RoboCup15_MSL_Field/materials) by extensions ['python_setup_py']
[0.405s] Level 1:colcon.colcon_core.package_identification:_identify(src/models/RoboCup15_MSL_Field/materials) by extension 'python_setup_py'
[0.406s] Level 1:colcon.colcon_core.package_identification:_identify(src/models/RoboCup15_MSL_Field/materials/scripts) by extensions ['ignore', 'ignore_ament_install']
[0.406s] Level 1:colcon.colcon_core.package_identification:_identify(src/models/RoboCup15_MSL_Field/materials/scripts) by extension 'ignore'
[0.406s] Level 1:colcon.colcon_core.package_identification:_identify(src/models/RoboCup15_MSL_Field/materials/scripts) by extension 'ignore_ament_install'
[0.406s] Level 1:colcon.colcon_core.package_identification:_identify(src/models/RoboCup15_MSL_Field/materials/scripts) by extensions ['colcon_pkg']
[0.406s] Level 1:colcon.colcon_core.package_identification:_identify(src/models/RoboCup15_MSL_Field/materials/scripts) by extension 'colcon_pkg'
[0.406s] Level 1:colcon.colcon_core.package_identification:_identify(src/models/RoboCup15_MSL_Field/materials/scripts) by extensions ['colcon_meta']
[0.406s] Level 1:colcon.colcon_core.package_identification:_identify(src/models/RoboCup15_MSL_Field/materials/scripts) by extension 'colcon_meta'
[0.406s] Level 1:colcon.colcon_core.package_identification:_identify(src/models/RoboCup15_MSL_Field/materials/scripts) by extensions ['ros']
[0.406s] Level 1:colcon.colcon_core.package_identification:_identify(src/models/RoboCup15_MSL_Field/materials/scripts) by extension 'ros'
[0.407s] Level 1:colcon.colcon_core.package_identification:_identify(src/models/RoboCup15_MSL_Field/materials/scripts) by extensions ['cmake', 'python']
[0.407s] Level 1:colcon.colcon_core.package_identification:_identify(src/models/RoboCup15_MSL_Field/materials/scripts) by extension 'cmake'
[0.407s] Level 1:colcon.colcon_core.package_identification:_identify(src/models/RoboCup15_MSL_Field/materials/scripts) by extension 'python'
[0.407s] Level 1:colcon.colcon_core.package_identification:_identify(src/models/RoboCup15_MSL_Field/materials/scripts) by extensions ['python_setup_py']
[0.407s] Level 1:colcon.colcon_core.package_identification:_identify(src/models/RoboCup15_MSL_Field/materials/scripts) by extension 'python_setup_py'
[0.407s] Level 1:colcon.colcon_core.package_identification:_identify(src/models/RoboCup15_MSL_Field/materials/textures) by extensions ['ignore', 'ignore_ament_install']
[0.407s] Level 1:colcon.colcon_core.package_identification:_identify(src/models/RoboCup15_MSL_Field/materials/textures) by extension 'ignore'
[0.407s] Level 1:colcon.colcon_core.package_identification:_identify(src/models/RoboCup15_MSL_Field/materials/textures) by extension 'ignore_ament_install'
[0.407s] Level 1:colcon.colcon_core.package_identification:_identify(src/models/RoboCup15_MSL_Field/materials/textures) by extensions ['colcon_pkg']
[0.408s] Level 1:colcon.colcon_core.package_identification:_identify(src/models/RoboCup15_MSL_Field/materials/textures) by extension 'colcon_pkg'
[0.408s] Level 1:colcon.colcon_core.package_identification:_identify(src/models/RoboCup15_MSL_Field/materials/textures) by extensions ['colcon_meta']
[0.408s] Level 1:colcon.colcon_core.package_identification:_identify(src/models/RoboCup15_MSL_Field/materials/textures) by extension 'colcon_meta'
[0.408s] Level 1:colcon.colcon_core.package_identification:_identify(src/models/RoboCup15_MSL_Field/materials/textures) by extensions ['ros']
[0.408s] Level 1:colcon.colcon_core.package_identification:_identify(src/models/RoboCup15_MSL_Field/materials/textures) by extension 'ros'
[0.408s] Level 1:colcon.colcon_core.package_identification:_identify(src/models/RoboCup15_MSL_Field/materials/textures) by extensions ['cmake', 'python']
[0.408s] Level 1:colcon.colcon_core.package_identification:_identify(src/models/RoboCup15_MSL_Field/materials/textures) by extension 'cmake'
[0.408s] Level 1:colcon.colcon_core.package_identification:_identify(src/models/RoboCup15_MSL_Field/materials/textures) by extension 'python'
[0.408s] Level 1:colcon.colcon_core.package_identification:_identify(src/models/RoboCup15_MSL_Field/materials/textures) by extensions ['python_setup_py']
[0.408s] Level 1:colcon.colcon_core.package_identification:_identify(src/models/RoboCup15_MSL_Field/materials/textures) by extension 'python_setup_py'
[0.408s] Level 1:colcon.colcon_core.package_identification:_identify(src/models/RoboCup15_MSL_Football) by extensions ['ignore', 'ignore_ament_install']
[0.409s] Level 1:colcon.colcon_core.package_identification:_identify(src/models/RoboCup15_MSL_Football) by extension 'ignore'
[0.409s] Level 1:colcon.colcon_core.package_identification:_identify(src/models/RoboCup15_MSL_Football) by extension 'ignore_ament_install'
[0.409s] Level 1:colcon.colcon_core.package_identification:_identify(src/models/RoboCup15_MSL_Football) by extensions ['colcon_pkg']
[0.409s] Level 1:colcon.colcon_core.package_identification:_identify(src/models/RoboCup15_MSL_Football) by extension 'colcon_pkg'
[0.409s] Level 1:colcon.colcon_core.package_identification:_identify(src/models/RoboCup15_MSL_Football) by extensions ['colcon_meta']
[0.409s] Level 1:colcon.colcon_core.package_identification:_identify(src/models/RoboCup15_MSL_Football) by extension 'colcon_meta'
[0.409s] Level 1:colcon.colcon_core.package_identification:_identify(src/models/RoboCup15_MSL_Football) by extensions ['ros']
[0.409s] Level 1:colcon.colcon_core.package_identification:_identify(src/models/RoboCup15_MSL_Football) by extension 'ros'
[0.409s] Level 1:colcon.colcon_core.package_identification:_identify(src/models/RoboCup15_MSL_Football) by extensions ['cmake', 'python']
[0.409s] Level 1:colcon.colcon_core.package_identification:_identify(src/models/RoboCup15_MSL_Football) by extension 'cmake'
[0.410s] Level 1:colcon.colcon_core.package_identification:_identify(src/models/RoboCup15_MSL_Football) by extension 'python'
[0.410s] Level 1:colcon.colcon_core.package_identification:_identify(src/models/RoboCup15_MSL_Football) by extensions ['python_setup_py']
[0.410s] Level 1:colcon.colcon_core.package_identification:_identify(src/models/RoboCup15_MSL_Football) by extension 'python_setup_py'
[0.410s] Level 1:colcon.colcon_core.package_identification:_identify(src/models/RoboCup15_MSL_Football/materials) by extensions ['ignore', 'ignore_ament_install']
[0.410s] Level 1:colcon.colcon_core.package_identification:_identify(src/models/RoboCup15_MSL_Football/materials) by extension 'ignore'
[0.410s] Level 1:colcon.colcon_core.package_identification:_identify(src/models/RoboCup15_MSL_Football/materials) by extension 'ignore_ament_install'
[0.410s] Level 1:colcon.colcon_core.package_identification:_identify(src/models/RoboCup15_MSL_Football/materials) by extensions ['colcon_pkg']
[0.410s] Level 1:colcon.colcon_core.package_identification:_identify(src/models/RoboCup15_MSL_Football/materials) by extension 'colcon_pkg'
[0.410s] Level 1:colcon.colcon_core.package_identification:_identify(src/models/RoboCup15_MSL_Football/materials) by extensions ['colcon_meta']
[0.410s] Level 1:colcon.colcon_core.package_identification:_identify(src/models/RoboCup15_MSL_Football/materials) by extension 'colcon_meta'
[0.411s] Level 1:colcon.colcon_core.package_identification:_identify(src/models/RoboCup15_MSL_Football/materials) by extensions ['ros']
[0.411s] Level 1:colcon.colcon_core.package_identification:_identify(src/models/RoboCup15_MSL_Football/materials) by extension 'ros'
[0.411s] Level 1:colcon.colcon_core.package_identification:_identify(src/models/RoboCup15_MSL_Football/materials) by extensions ['cmake', 'python']
[0.411s] Level 1:colcon.colcon_core.package_identification:_identify(src/models/RoboCup15_MSL_Football/materials) by extension 'cmake'
[0.411s] Level 1:colcon.colcon_core.package_identification:_identify(src/models/RoboCup15_MSL_Football/materials) by extension 'python'
[0.411s] Level 1:colcon.colcon_core.package_identification:_identify(src/models/RoboCup15_MSL_Football/materials) by extensions ['python_setup_py']
[0.411s] Level 1:colcon.colcon_core.package_identification:_identify(src/models/RoboCup15_MSL_Football/materials) by extension 'python_setup_py'
[0.411s] Level 1:colcon.colcon_core.package_identification:_identify(src/models/RoboCup15_MSL_Football/materials/textures) by extensions ['ignore', 'ignore_ament_install']
[0.411s] Level 1:colcon.colcon_core.package_identification:_identify(src/models/RoboCup15_MSL_Football/materials/textures) by extension 'ignore'
[0.412s] Level 1:colcon.colcon_core.package_identification:_identify(src/models/RoboCup15_MSL_Football/materials/textures) by extension 'ignore_ament_install'
[0.412s] Level 1:colcon.colcon_core.package_identification:_identify(src/models/RoboCup15_MSL_Football/materials/textures) by extensions ['colcon_pkg']
[0.412s] Level 1:colcon.colcon_core.package_identification:_identify(src/models/RoboCup15_MSL_Football/materials/textures) by extension 'colcon_pkg'
[0.412s] Level 1:colcon.colcon_core.package_identification:_identify(src/models/RoboCup15_MSL_Football/materials/textures) by extensions ['colcon_meta']
[0.412s] Level 1:colcon.colcon_core.package_identification:_identify(src/models/RoboCup15_MSL_Football/materials/textures) by extension 'colcon_meta'
[0.412s] Level 1:colcon.colcon_core.package_identification:_identify(src/models/RoboCup15_MSL_Football/materials/textures) by extensions ['ros']
[0.412s] Level 1:colcon.colcon_core.package_identification:_identify(src/models/RoboCup15_MSL_Football/materials/textures) by extension 'ros'
[0.412s] Level 1:colcon.colcon_core.package_identification:_identify(src/models/RoboCup15_MSL_Football/materials/textures) by extensions ['cmake', 'python']
[0.412s] Level 1:colcon.colcon_core.package_identification:_identify(src/models/RoboCup15_MSL_Football/materials/textures) by extension 'cmake'
[0.412s] Level 1:colcon.colcon_core.package_identification:_identify(src/models/RoboCup15_MSL_Football/materials/textures) by extension 'python'
[0.412s] Level 1:colcon.colcon_core.package_identification:_identify(src/models/RoboCup15_MSL_Football/materials/textures) by extensions ['python_setup_py']
[0.413s] Level 1:colcon.colcon_core.package_identification:_identify(src/models/RoboCup15_MSL_Football/materials/textures) by extension 'python_setup_py'
[0.413s] Level 1:colcon.colcon_core.package_identification:_identify(src/models/RoboCup15_MSL_Football/meshes) by extensions ['ignore', 'ignore_ament_install']
[0.413s] Level 1:colcon.colcon_core.package_identification:_identify(src/models/RoboCup15_MSL_Football/meshes) by extension 'ignore'
[0.413s] Level 1:colcon.colcon_core.package_identification:_identify(src/models/RoboCup15_MSL_Football/meshes) by extension 'ignore_ament_install'
[0.413s] Level 1:colcon.colcon_core.package_identification:_identify(src/models/RoboCup15_MSL_Football/meshes) by extensions ['colcon_pkg']
[0.413s] Level 1:colcon.colcon_core.package_identification:_identify(src/models/RoboCup15_MSL_Football/meshes) by extension 'colcon_pkg'
[0.413s] Level 1:colcon.colcon_core.package_identification:_identify(src/models/RoboCup15_MSL_Football/meshes) by extensions ['colcon_meta']
[0.413s] Level 1:colcon.colcon_core.package_identification:_identify(src/models/RoboCup15_MSL_Football/meshes) by extension 'colcon_meta'
[0.414s] Level 1:colcon.colcon_core.package_identification:_identify(src/models/RoboCup15_MSL_Football/meshes) by extensions ['ros']
[0.414s] Level 1:colcon.colcon_core.package_identification:_identify(src/models/RoboCup15_MSL_Football/meshes) by extension 'ros'
[0.414s] Level 1:colcon.colcon_core.package_identification:_identify(src/models/RoboCup15_MSL_Football/meshes) by extensions ['cmake', 'python']
[0.414s] Level 1:colcon.colcon_core.package_identification:_identify(src/models/RoboCup15_MSL_Football/meshes) by extension 'cmake'
[0.414s] Level 1:colcon.colcon_core.package_identification:_identify(src/models/RoboCup15_MSL_Football/meshes) by extension 'python'
[0.414s] Level 1:colcon.colcon_core.package_identification:_identify(src/models/RoboCup15_MSL_Football/meshes) by extensions ['python_setup_py']
[0.414s] Level 1:colcon.colcon_core.package_identification:_identify(src/models/RoboCup15_MSL_Football/meshes) by extension 'python_setup_py'
[0.414s] Level 1:colcon.colcon_core.package_identification:_identify(src/models/RoboCup15_MSL_Goal) by extensions ['ignore', 'ignore_ament_install']
[0.414s] Level 1:colcon.colcon_core.package_identification:_identify(src/models/RoboCup15_MSL_Goal) by extension 'ignore'
[0.415s] Level 1:colcon.colcon_core.package_identification:_identify(src/models/RoboCup15_MSL_Goal) by extension 'ignore_ament_install'
[0.415s] Level 1:colcon.colcon_core.package_identification:_identify(src/models/RoboCup15_MSL_Goal) by extensions ['colcon_pkg']
[0.415s] Level 1:colcon.colcon_core.package_identification:_identify(src/models/RoboCup15_MSL_Goal) by extension 'colcon_pkg'
[0.415s] Level 1:colcon.colcon_core.package_identification:_identify(src/models/RoboCup15_MSL_Goal) by extensions ['colcon_meta']
[0.415s] Level 1:colcon.colcon_core.package_identification:_identify(src/models/RoboCup15_MSL_Goal) by extension 'colcon_meta'
[0.415s] Level 1:colcon.colcon_core.package_identification:_identify(src/models/RoboCup15_MSL_Goal) by extensions ['ros']
[0.415s] Level 1:colcon.colcon_core.package_identification:_identify(src/models/RoboCup15_MSL_Goal) by extension 'ros'
[0.415s] Level 1:colcon.colcon_core.package_identification:_identify(src/models/RoboCup15_MSL_Goal) by extensions ['cmake', 'python']
[0.415s] Level 1:colcon.colcon_core.package_identification:_identify(src/models/RoboCup15_MSL_Goal) by extension 'cmake'
[0.415s] Level 1:colcon.colcon_core.package_identification:_identify(src/models/RoboCup15_MSL_Goal) by extension 'python'
[0.415s] Level 1:colcon.colcon_core.package_identification:_identify(src/models/RoboCup15_MSL_Goal) by extensions ['python_setup_py']
[0.415s] Level 1:colcon.colcon_core.package_identification:_identify(src/models/RoboCup15_MSL_Goal) by extension 'python_setup_py'
[0.416s] Level 1:colcon.colcon_core.package_identification:_identify(src/models/RoboCup15_MSL_Goal/materials) by extensions ['ignore', 'ignore_ament_install']
[0.416s] Level 1:colcon.colcon_core.package_identification:_identify(src/models/RoboCup15_MSL_Goal/materials) by extension 'ignore'
[0.416s] Level 1:colcon.colcon_core.package_identification:_identify(src/models/RoboCup15_MSL_Goal/materials) by extension 'ignore_ament_install'
[0.416s] Level 1:colcon.colcon_core.package_identification:_identify(src/models/RoboCup15_MSL_Goal/materials) by extensions ['colcon_pkg']
[0.416s] Level 1:colcon.colcon_core.package_identification:_identify(src/models/RoboCup15_MSL_Goal/materials) by extension 'colcon_pkg'
[0.416s] Level 1:colcon.colcon_core.package_identification:_identify(src/models/RoboCup15_MSL_Goal/materials) by extensions ['colcon_meta']
[0.416s] Level 1:colcon.colcon_core.package_identification:_identify(src/models/RoboCup15_MSL_Goal/materials) by extension 'colcon_meta'
[0.416s] Level 1:colcon.colcon_core.package_identification:_identify(src/models/RoboCup15_MSL_Goal/materials) by extensions ['ros']
[0.416s] Level 1:colcon.colcon_core.package_identification:_identify(src/models/RoboCup15_MSL_Goal/materials) by extension 'ros'
[0.416s] Level 1:colcon.colcon_core.package_identification:_identify(src/models/RoboCup15_MSL_Goal/materials) by extensions ['cmake', 'python']
[0.416s] Level 1:colcon.colcon_core.package_identification:_identify(src/models/RoboCup15_MSL_Goal/materials) by extension 'cmake'
[0.417s] Level 1:colcon.colcon_core.package_identification:_identify(src/models/RoboCup15_MSL_Goal/materials) by extension 'python'
[0.417s] Level 1:colcon.colcon_core.package_identification:_identify(src/models/RoboCup15_MSL_Goal/materials) by extensions ['python_setup_py']
[0.417s] Level 1:colcon.colcon_core.package_identification:_identify(src/models/RoboCup15_MSL_Goal/materials) by extension 'python_setup_py'
[0.417s] Level 1:colcon.colcon_core.package_identification:_identify(src/models/RoboCup15_MSL_Goal/materials/scripts) by extensions ['ignore', 'ignore_ament_install']
[0.417s] Level 1:colcon.colcon_core.package_identification:_identify(src/models/RoboCup15_MSL_Goal/materials/scripts) by extension 'ignore'
[0.417s] Level 1:colcon.colcon_core.package_identification:_identify(src/models/RoboCup15_MSL_Goal/materials/scripts) by extension 'ignore_ament_install'
[0.417s] Level 1:colcon.colcon_core.package_identification:_identify(src/models/RoboCup15_MSL_Goal/materials/scripts) by extensions ['colcon_pkg']
[0.417s] Level 1:colcon.colcon_core.package_identification:_identify(src/models/RoboCup15_MSL_Goal/materials/scripts) by extension 'colcon_pkg'
[0.417s] Level 1:colcon.colcon_core.package_identification:_identify(src/models/RoboCup15_MSL_Goal/materials/scripts) by extensions ['colcon_meta']
[0.417s] Level 1:colcon.colcon_core.package_identification:_identify(src/models/RoboCup15_MSL_Goal/materials/scripts) by extension 'colcon_meta'
[0.418s] Level 1:colcon.colcon_core.package_identification:_identify(src/models/RoboCup15_MSL_Goal/materials/scripts) by extensions ['ros']
[0.418s] Level 1:colcon.colcon_core.package_identification:_identify(src/models/RoboCup15_MSL_Goal/materials/scripts) by extension 'ros'
[0.418s] Level 1:colcon.colcon_core.package_identification:_identify(src/models/RoboCup15_MSL_Goal/materials/scripts) by extensions ['cmake', 'python']
[0.418s] Level 1:colcon.colcon_core.package_identification:_identify(src/models/RoboCup15_MSL_Goal/materials/scripts) by extension 'cmake'
[0.418s] Level 1:colcon.colcon_core.package_identification:_identify(src/models/RoboCup15_MSL_Goal/materials/scripts) by extension 'python'
[0.418s] Level 1:colcon.colcon_core.package_identification:_identify(src/models/RoboCup15_MSL_Goal/materials/scripts) by extensions ['python_setup_py']
[0.418s] Level 1:colcon.colcon_core.package_identification:_identify(src/models/RoboCup15_MSL_Goal/materials/scripts) by extension 'python_setup_py'
[0.418s] Level 1:colcon.colcon_core.package_identification:_identify(src/models/RoboCup15_MSL_Goal/materials/textures) by extensions ['ignore', 'ignore_ament_install']
[0.418s] Level 1:colcon.colcon_core.package_identification:_identify(src/models/RoboCup15_MSL_Goal/materials/textures) by extension 'ignore'
[0.419s] Level 1:colcon.colcon_core.package_identification:_identify(src/models/RoboCup15_MSL_Goal/materials/textures) by extension 'ignore_ament_install'
[0.419s] Level 1:colcon.colcon_core.package_identification:_identify(src/models/RoboCup15_MSL_Goal/materials/textures) by extensions ['colcon_pkg']
[0.419s] Level 1:colcon.colcon_core.package_identification:_identify(src/models/RoboCup15_MSL_Goal/materials/textures) by extension 'colcon_pkg'
[0.419s] Level 1:colcon.colcon_core.package_identification:_identify(src/models/RoboCup15_MSL_Goal/materials/textures) by extensions ['colcon_meta']
[0.419s] Level 1:colcon.colcon_core.package_identification:_identify(src/models/RoboCup15_MSL_Goal/materials/textures) by extension 'colcon_meta'
[0.419s] Level 1:colcon.colcon_core.package_identification:_identify(src/models/RoboCup15_MSL_Goal/materials/textures) by extensions ['ros']
[0.419s] Level 1:colcon.colcon_core.package_identification:_identify(src/models/RoboCup15_MSL_Goal/materials/textures) by extension 'ros'
[0.419s] Level 1:colcon.colcon_core.package_identification:_identify(src/models/RoboCup15_MSL_Goal/materials/textures) by extensions ['cmake', 'python']
[0.419s] Level 1:colcon.colcon_core.package_identification:_identify(src/models/RoboCup15_MSL_Goal/materials/textures) by extension 'cmake'
[0.419s] Level 1:colcon.colcon_core.package_identification:_identify(src/models/RoboCup15_MSL_Goal/materials/textures) by extension 'python'
[0.419s] Level 1:colcon.colcon_core.package_identification:_identify(src/models/RoboCup15_MSL_Goal/materials/textures) by extensions ['python_setup_py']
[0.419s] Level 1:colcon.colcon_core.package_identification:_identify(src/models/RoboCup15_MSL_Goal/materials/textures) by extension 'python_setup_py'
[0.420s] Level 1:colcon.colcon_core.package_identification:_identify(src/pitchside_tracker) by extensions ['ignore', 'ignore_ament_install']
[0.420s] Level 1:colcon.colcon_core.package_identification:_identify(src/pitchside_tracker) by extension 'ignore'
[0.420s] Level 1:colcon.colcon_core.package_identification:_identify(src/pitchside_tracker) by extension 'ignore_ament_install'
[0.420s] Level 1:colcon.colcon_core.package_identification:_identify(src/pitchside_tracker) by extensions ['colcon_pkg']
[0.420s] Level 1:colcon.colcon_core.package_identification:_identify(src/pitchside_tracker) by extension 'colcon_pkg'
[0.420s] Level 1:colcon.colcon_core.package_identification:_identify(src/pitchside_tracker) by extensions ['colcon_meta']
[0.420s] Level 1:colcon.colcon_core.package_identification:_identify(src/pitchside_tracker) by extension 'colcon_meta'
[0.420s] Level 1:colcon.colcon_core.package_identification:_identify(src/pitchside_tracker) by extensions ['ros']
[0.420s] Level 1:colcon.colcon_core.package_identification:_identify(src/pitchside_tracker) by extension 'ros'
[0.421s] DEBUG:colcon.colcon_core.package_identification:Package 'src/pitchside_tracker' with type 'ros.ament_python' and name 'pitchside_tracker'
[0.421s] Level 1:colcon.colcon_core.package_identification:_identify(worlds) by extensions ['ignore', 'ignore_ament_install']
[0.421s] Level 1:colcon.colcon_core.package_identification:_identify(worlds) by extension 'ignore'
[0.422s] Level 1:colcon.colcon_core.package_identification:_identify(worlds) by extension 'ignore_ament_install'
[0.422s] Level 1:colcon.colcon_core.package_identification:_identify(worlds) by extensions ['colcon_pkg']
[0.422s] Level 1:colcon.colcon_core.package_identification:_identify(worlds) by extension 'colcon_pkg'
[0.422s] Level 1:colcon.colcon_core.package_identification:_identify(worlds) by extensions ['colcon_meta']
[0.422s] Level 1:colcon.colcon_core.package_identification:_identify(worlds) by extension 'colcon_meta'
[0.422s] Level 1:colcon.colcon_core.package_identification:_identify(worlds) by extensions ['ros']
[0.422s] Level 1:colcon.colcon_core.package_identification:_identify(worlds) by extension 'ros'
[0.422s] Level 1:colcon.colcon_core.package_identification:_identify(worlds) by extensions ['cmake', 'python']
[0.422s] Level 1:colcon.colcon_core.package_identification:_identify(worlds) by extension 'cmake'
[0.422s] Level 1:colcon.colcon_core.package_identification:_identify(worlds) by extension 'python'
[0.422s] Level 1:colcon.colcon_core.package_identification:_identify(worlds) by extensions ['python_setup_py']
[0.423s] Level 1:colcon.colcon_core.package_identification:_identify(worlds) by extension 'python_setup_py'
[0.423s] Level 1:colcon.colcon_core.package_discovery:discover_packages(recursive) using defaults
[0.423s] Level 1:colcon.colcon_core.package_discovery:discover_packages(ignore) discover
[0.423s] Level 1:colcon.colcon_core.package_discovery:discover_packages(ignore) using defaults
[0.423s] Level 1:colcon.colcon_core.package_discovery:discover_packages(path) discover
[0.423s] Level 1:colcon.colcon_core.package_discovery:discover_packages(path) using defaults
[0.456s] Level 1:colcon.colcon_core.package_discovery:discover_packages(prefix_path) check parameters
[0.456s] Level 1:colcon.colcon_core.package_discovery:discover_packages(prefix_path) discover
[0.459s] DEBUG:colcon.colcon_installed_package_information.package_discovery:Found 2 installed packages in /home/jota/Desktop/uni/magistrale/droni/pitchside_tracker/install
[0.462s] DEBUG:colcon.colcon_installed_package_information.package_discovery:Found 320 installed packages in /opt/ros/rolling
[0.465s] Level 1:colcon.colcon_core.package_discovery:discover_packages(prefix_path) using defaults
[0.562s] Level 5:colcon.colcon_core.verb:set package 'pitchside_tracke' build argument 'cmake_args' from command line to 'None'
[0.562s] Level 5:colcon.colcon_core.verb:set package 'pitchside_tracke' build argument 'cmake_target' from command line to 'None'
[0.562s] Level 5:colcon.colcon_core.verb:set package 'pitchside_tracke' build argument 'cmake_target_skip_unavailable' from command line to 'False'
[0.562s] Level 5:colcon.colcon_core.verb:set package 'pitchside_tracke' build argument 'cmake_clean_cache' from command line to 'False'
[0.562s] Level 5:colcon.colcon_core.verb:set package 'pitchside_tracke' build argument 'cmake_clean_first' from command line to 'False'
[0.562s] Level 5:colcon.colcon_core.verb:set package 'pitchside_tracke' build argument 'cmake_force_configure' from command line to 'False'
[0.562s] Level 5:colcon.colcon_core.verb:set package 'pitchside_tracke' build argument 'ament_cmake_args' from command line to 'None'
[0.562s] Level 5:colcon.colcon_core.verb:set package 'pitchside_tracke' build argument 'catkin_cmake_args' from command line to 'None'
[0.562s] Level 5:colcon.colcon_core.verb:set package 'pitchside_tracke' build argument 'catkin_skip_building_tests' from command line to 'False'
[0.562s] DEBUG:colcon.colcon_core.verb:Building package 'pitchside_tracke' with the following arguments: {'ament_cmake_args': None, 'build_base': '/home/jota/Desktop/uni/magistrale/droni/pitchside_tracker/build/pitchside_tracke', 'catkin_cmake_args': None, 'catkin_skip_building_tests': False, 'cmake_args': None, 'cmake_clean_cache': False, 'cmake_clean_first': False, 'cmake_force_configure': False, 'cmake_target': None, 'cmake_target_skip_unavailable': False, 'install_base': '/home/jota/Desktop/uni/magistrale/droni/pitchside_tracker/install/pitchside_tracke', 'merge_install': False, 'path': '/home/jota/Desktop/uni/magistrale/droni/pitchside_tracker/pitchside_tracke', 'symlink_install': False, 'test_result_base': None}
[0.563s] Level 5:colcon.colcon_core.verb:set package 'pitchside_tracker' build argument 'cmake_args' from command line to 'None'
[0.563s] Level 5:colcon.colcon_core.verb:set package 'pitchside_tracker' build argument 'cmake_target' from command line to 'None'
[0.563s] Level 5:colcon.colcon_core.verb:set package 'pitchside_tracker' build argument 'cmake_target_skip_unavailable' from command line to 'False'
[0.563s] Level 5:colcon.colcon_core.verb:set package 'pitchside_tracker' build argument 'cmake_clean_cache' from command line to 'False'
[0.563s] Level 5:colcon.colcon_core.verb:set package 'pitchside_tracker' build argument 'cmake_clean_first' from command line to 'False'
[0.563s] Level 5:colcon.colcon_core.verb:set package 'pitchside_tracker' build argument 'cmake_force_configure' from command line to 'False'
[0.563s] Level 5:colcon.colcon_core.verb:set package 'pitchside_tracker' build argument 'ament_cmake_args' from command line to 'None'
[0.563s] Level 5:colcon.colcon_core.verb:set package 'pitchside_tracker' build argument 'catkin_cmake_args' from command line to 'None'
[0.563s] Level 5:colcon.colcon_core.verb:set package 'pitchside_tracker' build argument 'catkin_skip_building_tests' from command line to 'False'
[0.563s] DEBUG:colcon.colcon_core.verb:Building package 'pitchside_tracker' with the following arguments: {'ament_cmake_args': None, 'build_base': '/home/jota/Desktop/uni/magistrale/droni/pitchside_tracker/build/pitchside_tracker', 'catkin_cmake_args': None, 'catkin_skip_building_tests': False, 'cmake_args': None, 'cmake_clean_cache': False, 'cmake_clean_first': False, 'cmake_force_configure': False, 'cmake_target': None, 'cmake_target_skip_unavailable': False, 'install_base': '/home/jota/Desktop/uni/magistrale/droni/pitchside_tracker/install/pitchside_tracker', 'merge_install': False, 'path': '/home/jota/Desktop/uni/magistrale/droni/pitchside_tracker/src/pitchside_tracker', 'symlink_install': False, 'test_result_base': None}
[0.563s] INFO:colcon.colcon_core.executor:Executing jobs using 'parallel' executor
[0.565s] DEBUG:colcon.colcon_parallel_executor.executor.parallel:run_until_complete
[0.565s] INFO:colcon.colcon_ros.task.ament_python.build:Building ROS package in '/home/jota/Desktop/uni/magistrale/droni/pitchside_tracker/pitchside_tracke' with build type 'ament_python'
[0.565s] Level 1:colcon.colcon_core.shell:create_environment_hook('pitchside_tracke', 'ament_prefix_path')
[0.569s] INFO:colcon.colcon_core.plugin_system:Skipping extension 'colcon_core.shell.bat': Not used on non-Windows systems
[0.569s] INFO:colcon.colcon_core.shell:Creating environment hook '/home/jota/Desktop/uni/magistrale/droni/pitchside_tracker/install/pitchside_tracke/share/pitchside_tracke/hook/ament_prefix_path.ps1'
[0.570s] INFO:colcon.colcon_core.shell:Creating environment descriptor '/home/jota/Desktop/uni/magistrale/droni/pitchside_tracker/install/pitchside_tracke/share/pitchside_tracke/hook/ament_prefix_path.dsv'
[0.571s] INFO:colcon.colcon_core.shell:Creating environment hook '/home/jota/Desktop/uni/magistrale/droni/pitchside_tracker/install/pitchside_tracke/share/pitchside_tracke/hook/ament_prefix_path.sh'
[0.573s] INFO:colcon.colcon_core.shell:Skip shell extension 'powershell' for command environment: Not usable outside of PowerShell
[0.573s] DEBUG:colcon.colcon_core.shell:Skip shell extension 'dsv' for command environment
[0.580s] INFO:colcon.colcon_ros.task.ament_python.build:Building ROS package in '/home/jota/Desktop/uni/magistrale/droni/pitchside_tracker/src/pitchside_tracker' with build type 'ament_python'
[0.580s] Level 1:colcon.colcon_core.shell:create_environment_hook('pitchside_tracker', 'ament_prefix_path')
[0.581s] INFO:colcon.colcon_core.shell:Creating environment hook '/home/jota/Desktop/uni/magistrale/droni/pitchside_tracker/install/pitchside_tracker/share/pitchside_tracker/hook/ament_prefix_path.ps1'
[0.582s] INFO:colcon.colcon_core.shell:Creating environment descriptor '/home/jota/Desktop/uni/magistrale/droni/pitchside_tracker/install/pitchside_tracker/share/pitchside_tracker/hook/ament_prefix_path.dsv'
[0.583s] INFO:colcon.colcon_core.shell:Creating environment hook '/home/jota/Desktop/uni/magistrale/droni/pitchside_tracker/install/pitchside_tracker/share/pitchside_tracker/hook/ament_prefix_path.sh'
[0.584s] INFO:colcon.colcon_core.shell:Skip shell extension 'powershell' for command environment: Not usable outside of PowerShell
[0.584s] DEBUG:colcon.colcon_core.shell:Skip shell extension 'dsv' for command environment
[1.187s] INFO:colcon.colcon_core.task.python.build:Building Python package in '/home/jota/Desktop/uni/magistrale/droni/pitchside_tracker/pitchside_tracke'
[1.187s] INFO:colcon.colcon_core.shell:Skip shell extension 'powershell' for command environment: Not usable outside of PowerShell
[1.187s] DEBUG:colcon.colcon_core.shell:Skip shell extension 'dsv' for command environment
[1.698s] DEBUG:colcon.colcon_parallel_executor.executor.parallel:closing loop
[1.699s] DEBUG:colcon.colcon_parallel_executor.executor.parallel:loop closed
[1.699s] DEBUG:colcon.colcon_parallel_executor.executor.parallel:run_until_complete finished with 'Command '['/usr/bin/python3', '-c', 'import sys;from contextlib import suppress;exec("with suppress(ImportError):    from setuptools.extern.packaging.specifiers    import SpecifierSet");exec("with suppress(ImportError):    from packaging.specifiers import SpecifierSet");from distutils.core import run_setup;dist = run_setup(    \'setup.py\', script_args=(\'--dry-run\',), stop_after=\'config\');skip_keys = (\'cmdclass\', \'distclass\', \'ext_modules\', \'metadata\');data = {    key: value for key, value in dist.__dict__.items()     if (        not key.startswith(\'_\') and         not callable(value) and         key not in skip_keys and         key not in dist.display_option_names    )};data[\'metadata\'] = {    k: v for k, v in dist.metadata.__dict__.items()     if k not in (\'license_files\', \'provides_extras\')};sys.stdout.buffer.write(repr(data).encode(\'utf-8\'))']' returned non-zero exit status 1.'
[1.699s] DEBUG:colcon.colcon_core.event_reactor:joining thread
[1.718s] INFO:colcon.colcon_core.plugin_system:Skipping extension 'colcon_notification.desktop_notification.terminal_notifier': Not used on non-Darwin systems
[1.718s] INFO:colcon.colcon_core.plugin_system:Skipping extension 'colcon_notification.desktop_notification.win32': Not used on non-Windows systems
[1.718s] INFO:colcon.colcon_notification.desktop_notification:Sending desktop notification using 'notify2'
[1.775s] DEBUG:colcon.colcon_core.event_reactor:joined thread
[1.776s] INFO:colcon.colcon_core.shell:Creating prefix script '/home/jota/Desktop/uni/magistrale/droni/pitchside_tracker/install/local_setup.ps1'
[1.779s] INFO:colcon.colcon_core.shell:Creating prefix util module '/home/jota/Desktop/uni/magistrale/droni/pitchside_tracker/install/_local_setup_util_ps1.py'
[1.784s] INFO:colcon.colcon_core.shell:Creating prefix chain script '/home/jota/Desktop/uni/magistrale/droni/pitchside_tracker/install/setup.ps1'
[1.788s] INFO:colcon.colcon_core.shell:Creating prefix script '/home/jota/Desktop/uni/magistrale/droni/pitchside_tracker/install/local_setup.sh'
[1.790s] INFO:colcon.colcon_core.shell:Creating prefix util module '/home/jota/Desktop/uni/magistrale/droni/pitchside_tracker/install/_local_setup_util_sh.py'
[1.793s] INFO:colcon.colcon_core.shell:Creating prefix chain script '/home/jota/Desktop/uni/magistrale/droni/pitchside_tracker/install/setup.sh'
[1.796s] INFO:colcon.colcon_core.shell:Creating prefix script '/home/jota/Desktop/uni/magistrale/droni/pitchside_tracker/install/local_setup.bash'
[1.799s] INFO:colcon.colcon_core.shell:Creating prefix chain script '/home/jota/Desktop/uni/magistrale/droni/pitchside_tracker/install/setup.bash'
[1.802s] INFO:colcon.colcon_core.shell:Creating prefix script '/home/jota/Desktop/uni/magistrale/droni/pitchside_tracker/install/local_setup.zsh'
[1.803s] INFO:colcon.colcon_core.shell:Creating prefix chain script '/home/jota/Desktop/uni/magistrale/droni/pitchside_tracker/install/setup.zsh'
