[0.282s] DEBUG:colcon:Command line arguments: ['/usr/bin/colcon', 'build']
[0.282s] DEBUG:colcon:Parsed command line arguments: Namespace(log_base=None, log_level=None, verb_name='build', build_base='build', install_base='install', merge_install=False, symlink_install=False, test_result_base=None, continue_on_error=False, executor='parallel', parallel_workers=8, event_handlers=None, ignore_user_meta=False, metas=['./colcon.meta'], base_paths=['.'], packages_ignore=None, packages_ignore_regex=None, paths=None, packages_up_to=None, packages_up_to_regex=None, packages_above=None, packages_above_and_dependencies=None, packages_above_depth=None, packages_select_by_dep=None, packages_skip_by_dep=None, packages_skip_up_to=None, packages_select_build_failed=False, packages_skip_build_finished=False, packages_select_test_failures=False, packages_skip_test_passed=False, packages_select=None, packages_skip=None, packages_select_regex=None, packages_skip_regex=None, packages_start=None, packages_end=None, allow_overriding=[], cmake_args=None, cmake_target=None, cmake_target_skip_unavailable=False, cmake_clean_cache=False, cmake_clean_first=False, cmake_force_configure=False, ament_cmake_args=None, catkin_cmake_args=None, catkin_skip_building_tests=False, mixin_files=None, mixin=None, verb_parser=<colcon_mixin.mixin.mixin_argument.MixinArgumentDecorator object at 0x736830da1640>, verb_extension=<colcon_core.verb.build.BuildVerb object at 0x736830ee1940>, main=<bound method BuildVerb.main of <colcon_core.verb.build.BuildVerb object at 0x736830ee1940>>, mixin_verb=('build',))
[0.393s] Level 1:colcon.colcon_core.package_discovery:discover_packages(colcon_meta) check parameters
[0.393s] Level 1:colcon.colcon_core.package_discovery:discover_packages(recursive) check parameters
[0.393s] Level 1:colcon.colcon_core.package_discovery:discover_packages(ignore) check parameters
[0.393s] Level 1:colcon.colcon_core.package_discovery:discover_packages(path) check parameters
[0.393s] Level 1:colcon.colcon_core.package_discovery:discover_packages(colcon_meta) discover
[0.393s] Level 1:colcon.colcon_core.package_discovery:discover_packages(recursive) discover
[0.394s] INFO:colcon.colcon_core.package_discovery:Crawling recursively for packages in '/home/jota/Desktop/uni/magistrale/droni/pitchside_tracker'
[0.394s] Level 1:colcon.colcon_core.package_identification:_identify(.) by extensions ['ignore', 'ignore_ament_install']
[0.394s] Level 1:colcon.colcon_core.package_identification:_identify(.) by extension 'ignore'
[0.394s] Level 1:colcon.colcon_core.package_identification:_identify(.) by extension 'ignore_ament_install'
[0.394s] Level 1:colcon.colcon_core.package_identification:_identify(.) by extensions ['colcon_pkg']
[0.394s] Level 1:colcon.colcon_core.package_identification:_identify(.) by extension 'colcon_pkg'
[0.394s] Level 1:colcon.colcon_core.package_identification:_identify(.) by extensions ['colcon_meta']
[0.394s] Level 1:colcon.colcon_core.package_identification:_identify(.) by extension 'colcon_meta'
[0.395s] Level 1:colcon.colcon_core.package_identification:_identify(.) by extensions ['ros']
[0.395s] Level 1:colcon.colcon_core.package_identification:_identify(.) by extension 'ros'
[0.456s] Level 1:colcon.colcon_core.package_identification:_identify(.) by extensions ['cmake', 'python']
[0.457s] Level 1:colcon.colcon_core.package_identification:_identify(.) by extension 'cmake'
[0.457s] Level 1:colcon.colcon_core.package_identification:_identify(.) by extension 'python'
[0.457s] Level 1:colcon.colcon_core.package_identification:_identify(.) by extensions ['python_setup_py']
[0.457s] Level 1:colcon.colcon_core.package_identification:_identify(.) by extension 'python_setup_py'
[0.457s] Level 1:colcon.colcon_core.package_identification:_identify(build) by extensions ['ignore', 'ignore_ament_install']
[0.457s] Level 1:colcon.colcon_core.package_identification:_identify(build) by extension 'ignore'
[0.458s] Level 1:colcon.colcon_core.package_identification:_identify(build) ignored
[0.458s] Level 1:colcon.colcon_core.package_identification:_identify(install) by extensions ['ignore', 'ignore_ament_install']
[0.458s] Level 1:colcon.colcon_core.package_identification:_identify(install) by extension 'ignore'
[0.458s] Level 1:colcon.colcon_core.package_identification:_identify(install) ignored
[0.458s] Level 1:colcon.colcon_core.package_identification:_identify(log) by extensions ['ignore', 'ignore_ament_install']
[0.459s] Level 1:colcon.colcon_core.package_identification:_identify(log) by extension 'ignore'
[0.459s] Level 1:colcon.colcon_core.package_identification:_identify(log) ignored
[0.459s] Level 1:colcon.colcon_core.package_identification:_identify(src) by extensions ['ignore', 'ignore_ament_install']
[0.459s] Level 1:colcon.colcon_core.package_identification:_identify(src) by extension 'ignore'
[0.459s] Level 1:colcon.colcon_core.package_identification:_identify(src) by extension 'ignore_ament_install'
[0.459s] Level 1:colcon.colcon_core.package_identification:_identify(src) by extensions ['colcon_pkg']
[0.459s] Level 1:colcon.colcon_core.package_identification:_identify(src) by extension 'colcon_pkg'
[0.460s] Level 1:colcon.colcon_core.package_identification:_identify(src) by extensions ['colcon_meta']
[0.460s] Level 1:colcon.colcon_core.package_identification:_identify(src) by extension 'colcon_meta'
[0.460s] Level 1:colcon.colcon_core.package_identification:_identify(src) by extensions ['ros']
[0.460s] Level 1:colcon.colcon_core.package_identification:_identify(src) by extension 'ros'
[0.460s] Level 1:colcon.colcon_core.package_identification:_identify(src) by extensions ['cmake', 'python']
[0.460s] Level 1:colcon.colcon_core.package_identification:_identify(src) by extension 'cmake'
[0.460s] Level 1:colcon.colcon_core.package_identification:_identify(src) by extension 'python'
[0.460s] Level 1:colcon.colcon_core.package_identification:_identify(src) by extensions ['python_setup_py']
[0.460s] Level 1:colcon.colcon_core.package_identification:_identify(src) by extension 'python_setup_py'
[0.460s] Level 1:colcon.colcon_core.package_identification:_identify(src/models) by extensions ['ignore', 'ignore_ament_install']
[0.461s] Level 1:colcon.colcon_core.package_identification:_identify(src/models) by extension 'ignore'
[0.461s] Level 1:colcon.colcon_core.package_identification:_identify(src/models) by extension 'ignore_ament_install'
[0.461s] Level 1:colcon.colcon_core.package_identification:_identify(src/models) by extensions ['colcon_pkg']
[0.461s] Level 1:colcon.colcon_core.package_identification:_identify(src/models) by extension 'colcon_pkg'
[0.461s] Level 1:colcon.colcon_core.package_identification:_identify(src/models) by extensions ['colcon_meta']
[0.461s] Level 1:colcon.colcon_core.package_identification:_identify(src/models) by extension 'colcon_meta'
[0.461s] Level 1:colcon.colcon_core.package_identification:_identify(src/models) by extensions ['ros']
[0.461s] Level 1:colcon.colcon_core.package_identification:_identify(src/models) by extension 'ros'
[0.462s] Level 1:colcon.colcon_core.package_identification:_identify(src/models) by extensions ['cmake', 'python']
[0.462s] Level 1:colcon.colcon_core.package_identification:_identify(src/models) by extension 'cmake'
[0.462s] Level 1:colcon.colcon_core.package_identification:_identify(src/models) by extension 'python'
[0.462s] Level 1:colcon.colcon_core.package_identification:_identify(src/models) by extensions ['python_setup_py']
[0.462s] Level 1:colcon.colcon_core.package_identification:_identify(src/models) by extension 'python_setup_py'
[0.462s] Level 1:colcon.colcon_core.package_identification:_identify(src/models/RoboCup15_MSL_Field) by extensions ['ignore', 'ignore_ament_install']
[0.462s] Level 1:colcon.colcon_core.package_identification:_identify(src/models/RoboCup15_MSL_Field) by extension 'ignore'
[0.462s] Level 1:colcon.colcon_core.package_identification:_identify(src/models/RoboCup15_MSL_Field) by extension 'ignore_ament_install'
[0.463s] Level 1:colcon.colcon_core.package_identification:_identify(src/models/RoboCup15_MSL_Field) by extensions ['colcon_pkg']
[0.463s] Level 1:colcon.colcon_core.package_identification:_identify(src/models/RoboCup15_MSL_Field) by extension 'colcon_pkg'
[0.463s] Level 1:colcon.colcon_core.package_identification:_identify(src/models/RoboCup15_MSL_Field) by extensions ['colcon_meta']
[0.463s] Level 1:colcon.colcon_core.package_identification:_identify(src/models/RoboCup15_MSL_Field) by extension 'colcon_meta'
[0.463s] Level 1:colcon.colcon_core.package_identification:_identify(src/models/RoboCup15_MSL_Field) by extensions ['ros']
[0.463s] Level 1:colcon.colcon_core.package_identification:_identify(src/models/RoboCup15_MSL_Field) by extension 'ros'
[0.463s] Level 1:colcon.colcon_core.package_identification:_identify(src/models/RoboCup15_MSL_Field) by extensions ['cmake', 'python']
[0.463s] Level 1:colcon.colcon_core.package_identification:_identify(src/models/RoboCup15_MSL_Field) by extension 'cmake'
[0.463s] Level 1:colcon.colcon_core.package_identification:_identify(src/models/RoboCup15_MSL_Field) by extension 'python'
[0.463s] Level 1:colcon.colcon_core.package_identification:_identify(src/models/RoboCup15_MSL_Field) by extensions ['python_setup_py']
[0.463s] Level 1:colcon.colcon_core.package_identification:_identify(src/models/RoboCup15_MSL_Field) by extension 'python_setup_py'
[0.464s] Level 1:colcon.colcon_core.package_identification:_identify(src/models/RoboCup15_MSL_Field/materials) by extensions ['ignore', 'ignore_ament_install']
[0.464s] Level 1:colcon.colcon_core.package_identification:_identify(src/models/RoboCup15_MSL_Field/materials) by extension 'ignore'
[0.464s] Level 1:colcon.colcon_core.package_identification:_identify(src/models/RoboCup15_MSL_Field/materials) by extension 'ignore_ament_install'
[0.464s] Level 1:colcon.colcon_core.package_identification:_identify(src/models/RoboCup15_MSL_Field/materials) by extensions ['colcon_pkg']
[0.464s] Level 1:colcon.colcon_core.package_identification:_identify(src/models/RoboCup15_MSL_Field/materials) by extension 'colcon_pkg'
[0.464s] Level 1:colcon.colcon_core.package_identification:_identify(src/models/RoboCup15_MSL_Field/materials) by extensions ['colcon_meta']
[0.464s] Level 1:colcon.colcon_core.package_identification:_identify(src/models/RoboCup15_MSL_Field/materials) by extension 'colcon_meta'
[0.464s] Level 1:colcon.colcon_core.package_identification:_identify(src/models/RoboCup15_MSL_Field/materials) by extensions ['ros']
[0.465s] Level 1:colcon.colcon_core.package_identification:_identify(src/models/RoboCup15_MSL_Field/materials) by extension 'ros'
[0.465s] Level 1:colcon.colcon_core.package_identification:_identify(src/models/RoboCup15_MSL_Field/materials) by extensions ['cmake', 'python']
[0.465s] Level 1:colcon.colcon_core.package_identification:_identify(src/models/RoboCup15_MSL_Field/materials) by extension 'cmake'
[0.465s] Level 1:colcon.colcon_core.package_identification:_identify(src/models/RoboCup15_MSL_Field/materials) by extension 'python'
[0.465s] Level 1:colcon.colcon_core.package_identification:_identify(src/models/RoboCup15_MSL_Field/materials) by extensions ['python_setup_py']
[0.465s] Level 1:colcon.colcon_core.package_identification:_identify(src/models/RoboCup15_MSL_Field/materials) by extension 'python_setup_py'
[0.465s] Level 1:colcon.colcon_core.package_identification:_identify(src/models/RoboCup15_MSL_Field/materials/scripts) by extensions ['ignore', 'ignore_ament_install']
[0.466s] Level 1:colcon.colcon_core.package_identification:_identify(src/models/RoboCup15_MSL_Field/materials/scripts) by extension 'ignore'
[0.466s] Level 1:colcon.colcon_core.package_identification:_identify(src/models/RoboCup15_MSL_Field/materials/scripts) by extension 'ignore_ament_install'
[0.466s] Level 1:colcon.colcon_core.package_identification:_identify(src/models/RoboCup15_MSL_Field/materials/scripts) by extensions ['colcon_pkg']
[0.466s] Level 1:colcon.colcon_core.package_identification:_identify(src/models/RoboCup15_MSL_Field/materials/scripts) by extension 'colcon_pkg'
[0.466s] Level 1:colcon.colcon_core.package_identification:_identify(src/models/RoboCup15_MSL_Field/materials/scripts) by extensions ['colcon_meta']
[0.466s] Level 1:colcon.colcon_core.package_identification:_identify(src/models/RoboCup15_MSL_Field/materials/scripts) by extension 'colcon_meta'
[0.466s] Level 1:colcon.colcon_core.package_identification:_identify(src/models/RoboCup15_MSL_Field/materials/scripts) by extensions ['ros']
[0.467s] Level 1:colcon.colcon_core.package_identification:_identify(src/models/RoboCup15_MSL_Field/materials/scripts) by extension 'ros'
[0.467s] Level 1:colcon.colcon_core.package_identification:_identify(src/models/RoboCup15_MSL_Field/materials/scripts) by extensions ['cmake', 'python']
[0.467s] Level 1:colcon.colcon_core.package_identification:_identify(src/models/RoboCup15_MSL_Field/materials/scripts) by extension 'cmake'
[0.467s] Level 1:colcon.colcon_core.package_identification:_identify(src/models/RoboCup15_MSL_Field/materials/scripts) by extension 'python'
[0.467s] Level 1:colcon.colcon_core.package_identification:_identify(src/models/RoboCup15_MSL_Field/materials/scripts) by extensions ['python_setup_py']
[0.467s] Level 1:colcon.colcon_core.package_identification:_identify(src/models/RoboCup15_MSL_Field/materials/scripts) by extension 'python_setup_py'
[0.467s] Level 1:colcon.colcon_core.package_identification:_identify(src/models/RoboCup15_MSL_Field/materials/textures) by extensions ['ignore', 'ignore_ament_install']
[0.468s] Level 1:colcon.colcon_core.package_identification:_identify(src/models/RoboCup15_MSL_Field/materials/textures) by extension 'ignore'
[0.468s] Level 1:colcon.colcon_core.package_identification:_identify(src/models/RoboCup15_MSL_Field/materials/textures) by extension 'ignore_ament_install'
[0.468s] Level 1:colcon.colcon_core.package_identification:_identify(src/models/RoboCup15_MSL_Field/materials/textures) by extensions ['colcon_pkg']
[0.468s] Level 1:colcon.colcon_core.package_identification:_identify(src/models/RoboCup15_MSL_Field/materials/textures) by extension 'colcon_pkg'
[0.468s] Level 1:colcon.colcon_core.package_identification:_identify(src/models/RoboCup15_MSL_Field/materials/textures) by extensions ['colcon_meta']
[0.468s] Level 1:colcon.colcon_core.package_identification:_identify(src/models/RoboCup15_MSL_Field/materials/textures) by extension 'colcon_meta'
[0.468s] Level 1:colcon.colcon_core.package_identification:_identify(src/models/RoboCup15_MSL_Field/materials/textures) by extensions ['ros']
[0.468s] Level 1:colcon.colcon_core.package_identification:_identify(src/models/RoboCup15_MSL_Field/materials/textures) by extension 'ros'
[0.468s] Level 1:colcon.colcon_core.package_identification:_identify(src/models/RoboCup15_MSL_Field/materials/textures) by extensions ['cmake', 'python']
[0.469s] Level 1:colcon.colcon_core.package_identification:_identify(src/models/RoboCup15_MSL_Field/materials/textures) by extension 'cmake'
[0.469s] Level 1:colcon.colcon_core.package_identification:_identify(src/models/RoboCup15_MSL_Field/materials/textures) by extension 'python'
[0.469s] Level 1:colcon.colcon_core.package_identification:_identify(src/models/RoboCup15_MSL_Field/materials/textures) by extensions ['python_setup_py']
[0.469s] Level 1:colcon.colcon_core.package_identification:_identify(src/models/RoboCup15_MSL_Field/materials/textures) by extension 'python_setup_py'
[0.469s] Level 1:colcon.colcon_core.package_identification:_identify(src/models/RoboCup15_MSL_Football) by extensions ['ignore', 'ignore_ament_install']
[0.469s] Level 1:colcon.colcon_core.package_identification:_identify(src/models/RoboCup15_MSL_Football) by extension 'ignore'
[0.469s] Level 1:colcon.colcon_core.package_identification:_identify(src/models/RoboCup15_MSL_Football) by extension 'ignore_ament_install'
[0.469s] Level 1:colcon.colcon_core.package_identification:_identify(src/models/RoboCup15_MSL_Football) by extensions ['colcon_pkg']
[0.470s] Level 1:colcon.colcon_core.package_identification:_identify(src/models/RoboCup15_MSL_Football) by extension 'colcon_pkg'
[0.470s] Level 1:colcon.colcon_core.package_identification:_identify(src/models/RoboCup15_MSL_Football) by extensions ['colcon_meta']
[0.470s] Level 1:colcon.colcon_core.package_identification:_identify(src/models/RoboCup15_MSL_Football) by extension 'colcon_meta'
[0.470s] Level 1:colcon.colcon_core.package_identification:_identify(src/models/RoboCup15_MSL_Football) by extensions ['ros']
[0.470s] Level 1:colcon.colcon_core.package_identification:_identify(src/models/RoboCup15_MSL_Football) by extension 'ros'
[0.470s] Level 1:colcon.colcon_core.package_identification:_identify(src/models/RoboCup15_MSL_Football) by extensions ['cmake', 'python']
[0.470s] Level 1:colcon.colcon_core.package_identification:_identify(src/models/RoboCup15_MSL_Football) by extension 'cmake'
[0.470s] Level 1:colcon.colcon_core.package_identification:_identify(src/models/RoboCup15_MSL_Football) by extension 'python'
[0.470s] Level 1:colcon.colcon_core.package_identification:_identify(src/models/RoboCup15_MSL_Football) by extensions ['python_setup_py']
[0.470s] Level 1:colcon.colcon_core.package_identification:_identify(src/models/RoboCup15_MSL_Football) by extension 'python_setup_py'
[0.471s] Level 1:colcon.colcon_core.package_identification:_identify(src/models/RoboCup15_MSL_Football/materials) by extensions ['ignore', 'ignore_ament_install']
[0.471s] Level 1:colcon.colcon_core.package_identification:_identify(src/models/RoboCup15_MSL_Football/materials) by extension 'ignore'
[0.471s] Level 1:colcon.colcon_core.package_identification:_identify(src/models/RoboCup15_MSL_Football/materials) by extension 'ignore_ament_install'
[0.471s] Level 1:colcon.colcon_core.package_identification:_identify(src/models/RoboCup15_MSL_Football/materials) by extensions ['colcon_pkg']
[0.471s] Level 1:colcon.colcon_core.package_identification:_identify(src/models/RoboCup15_MSL_Football/materials) by extension 'colcon_pkg'
[0.471s] Level 1:colcon.colcon_core.package_identification:_identify(src/models/RoboCup15_MSL_Football/materials) by extensions ['colcon_meta']
[0.471s] Level 1:colcon.colcon_core.package_identification:_identify(src/models/RoboCup15_MSL_Football/materials) by extension 'colcon_meta'
[0.471s] Level 1:colcon.colcon_core.package_identification:_identify(src/models/RoboCup15_MSL_Football/materials) by extensions ['ros']
[0.471s] Level 1:colcon.colcon_core.package_identification:_identify(src/models/RoboCup15_MSL_Football/materials) by extension 'ros'
[0.472s] Level 1:colcon.colcon_core.package_identification:_identify(src/models/RoboCup15_MSL_Football/materials) by extensions ['cmake', 'python']
[0.472s] Level 1:colcon.colcon_core.package_identification:_identify(src/models/RoboCup15_MSL_Football/materials) by extension 'cmake'
[0.472s] Level 1:colcon.colcon_core.package_identification:_identify(src/models/RoboCup15_MSL_Football/materials) by extension 'python'
[0.472s] Level 1:colcon.colcon_core.package_identification:_identify(src/models/RoboCup15_MSL_Football/materials) by extensions ['python_setup_py']
[0.472s] Level 1:colcon.colcon_core.package_identification:_identify(src/models/RoboCup15_MSL_Football/materials) by extension 'python_setup_py'
[0.472s] Level 1:colcon.colcon_core.package_identification:_identify(src/models/RoboCup15_MSL_Football/materials/textures) by extensions ['ignore', 'ignore_ament_install']
[0.472s] Level 1:colcon.colcon_core.package_identification:_identify(src/models/RoboCup15_MSL_Football/materials/textures) by extension 'ignore'
[0.473s] Level 1:colcon.colcon_core.package_identification:_identify(src/models/RoboCup15_MSL_Football/materials/textures) by extension 'ignore_ament_install'
[0.473s] Level 1:colcon.colcon_core.package_identification:_identify(src/models/RoboCup15_MSL_Football/materials/textures) by extensions ['colcon_pkg']
[0.473s] Level 1:colcon.colcon_core.package_identification:_identify(src/models/RoboCup15_MSL_Football/materials/textures) by extension 'colcon_pkg'
[0.473s] Level 1:colcon.colcon_core.package_identification:_identify(src/models/RoboCup15_MSL_Football/materials/textures) by extensions ['colcon_meta']
[0.473s] Level 1:colcon.colcon_core.package_identification:_identify(src/models/RoboCup15_MSL_Football/materials/textures) by extension 'colcon_meta'
[0.473s] Level 1:colcon.colcon_core.package_identification:_identify(src/models/RoboCup15_MSL_Football/materials/textures) by extensions ['ros']
[0.473s] Level 1:colcon.colcon_core.package_identification:_identify(src/models/RoboCup15_MSL_Football/materials/textures) by extension 'ros'
[0.473s] Level 1:colcon.colcon_core.package_identification:_identify(src/models/RoboCup15_MSL_Football/materials/textures) by extensions ['cmake', 'python']
[0.473s] Level 1:colcon.colcon_core.package_identification:_identify(src/models/RoboCup15_MSL_Football/materials/textures) by extension 'cmake'
[0.473s] Level 1:colcon.colcon_core.package_identification:_identify(src/models/RoboCup15_MSL_Football/materials/textures) by extension 'python'
[0.474s] Level 1:colcon.colcon_core.package_identification:_identify(src/models/RoboCup15_MSL_Football/materials/textures) by extensions ['python_setup_py']
[0.474s] Level 1:colcon.colcon_core.package_identification:_identify(src/models/RoboCup15_MSL_Football/materials/textures) by extension 'python_setup_py'
[0.474s] Level 1:colcon.colcon_core.package_identification:_identify(src/models/RoboCup15_MSL_Football/meshes) by extensions ['ignore', 'ignore_ament_install']
[0.474s] Level 1:colcon.colcon_core.package_identification:_identify(src/models/RoboCup15_MSL_Football/meshes) by extension 'ignore'
[0.474s] Level 1:colcon.colcon_core.package_identification:_identify(src/models/RoboCup15_MSL_Football/meshes) by extension 'ignore_ament_install'
[0.474s] Level 1:colcon.colcon_core.package_identification:_identify(src/models/RoboCup15_MSL_Football/meshes) by extensions ['colcon_pkg']
[0.474s] Level 1:colcon.colcon_core.package_identification:_identify(src/models/RoboCup15_MSL_Football/meshes) by extension 'colcon_pkg'
[0.475s] Level 1:colcon.colcon_core.package_identification:_identify(src/models/RoboCup15_MSL_Football/meshes) by extensions ['colcon_meta']
[0.475s] Level 1:colcon.colcon_core.package_identification:_identify(src/models/RoboCup15_MSL_Football/meshes) by extension 'colcon_meta'
[0.475s] Level 1:colcon.colcon_core.package_identification:_identify(src/models/RoboCup15_MSL_Football/meshes) by extensions ['ros']
[0.475s] Level 1:colcon.colcon_core.package_identification:_identify(src/models/RoboCup15_MSL_Football/meshes) by extension 'ros'
[0.475s] Level 1:colcon.colcon_core.package_identification:_identify(src/models/RoboCup15_MSL_Football/meshes) by extensions ['cmake', 'python']
[0.475s] Level 1:colcon.colcon_core.package_identification:_identify(src/models/RoboCup15_MSL_Football/meshes) by extension 'cmake'
[0.475s] Level 1:colcon.colcon_core.package_identification:_identify(src/models/RoboCup15_MSL_Football/meshes) by extension 'python'
[0.475s] Level 1:colcon.colcon_core.package_identification:_identify(src/models/RoboCup15_MSL_Football/meshes) by extensions ['python_setup_py']
[0.475s] Level 1:colcon.colcon_core.package_identification:_identify(src/models/RoboCup15_MSL_Football/meshes) by extension 'python_setup_py'
[0.476s] Level 1:colcon.colcon_core.package_identification:_identify(src/models/RoboCup15_MSL_Goal) by extensions ['ignore', 'ignore_ament_install']
[0.476s] Level 1:colcon.colcon_core.package_identification:_identify(src/models/RoboCup15_MSL_Goal) by extension 'ignore'
[0.476s] Level 1:colcon.colcon_core.package_identification:_identify(src/models/RoboCup15_MSL_Goal) by extension 'ignore_ament_install'
[0.476s] Level 1:colcon.colcon_core.package_identification:_identify(src/models/RoboCup15_MSL_Goal) by extensions ['colcon_pkg']
[0.476s] Level 1:colcon.colcon_core.package_identification:_identify(src/models/RoboCup15_MSL_Goal) by extension 'colcon_pkg'
[0.476s] Level 1:colcon.colcon_core.package_identification:_identify(src/models/RoboCup15_MSL_Goal) by extensions ['colcon_meta']
[0.476s] Level 1:colcon.colcon_core.package_identification:_identify(src/models/RoboCup15_MSL_Goal) by extension 'colcon_meta'
[0.476s] Level 1:colcon.colcon_core.package_identification:_identify(src/models/RoboCup15_MSL_Goal) by extensions ['ros']
[0.476s] Level 1:colcon.colcon_core.package_identification:_identify(src/models/RoboCup15_MSL_Goal) by extension 'ros'
[0.476s] Level 1:colcon.colcon_core.package_identification:_identify(src/models/RoboCup15_MSL_Goal) by extensions ['cmake', 'python']
[0.477s] Level 1:colcon.colcon_core.package_identification:_identify(src/models/RoboCup15_MSL_Goal) by extension 'cmake'
[0.477s] Level 1:colcon.colcon_core.package_identification:_identify(src/models/RoboCup15_MSL_Goal) by extension 'python'
[0.477s] Level 1:colcon.colcon_core.package_identification:_identify(src/models/RoboCup15_MSL_Goal) by extensions ['python_setup_py']
[0.477s] Level 1:colcon.colcon_core.package_identification:_identify(src/models/RoboCup15_MSL_Goal) by extension 'python_setup_py'
[0.477s] Level 1:colcon.colcon_core.package_identification:_identify(src/models/RoboCup15_MSL_Goal/materials) by extensions ['ignore', 'ignore_ament_install']
[0.477s] Level 1:colcon.colcon_core.package_identification:_identify(src/models/RoboCup15_MSL_Goal/materials) by extension 'ignore'
[0.477s] Level 1:colcon.colcon_core.package_identification:_identify(src/models/RoboCup15_MSL_Goal/materials) by extension 'ignore_ament_install'
[0.477s] Level 1:colcon.colcon_core.package_identification:_identify(src/models/RoboCup15_MSL_Goal/materials) by extensions ['colcon_pkg']
[0.477s] Level 1:colcon.colcon_core.package_identification:_identify(src/models/RoboCup15_MSL_Goal/materials) by extension 'colcon_pkg'
[0.478s] Level 1:colcon.colcon_core.package_identification:_identify(src/models/RoboCup15_MSL_Goal/materials) by extensions ['colcon_meta']
[0.478s] Level 1:colcon.colcon_core.package_identification:_identify(src/models/RoboCup15_MSL_Goal/materials) by extension 'colcon_meta'
[0.478s] Level 1:colcon.colcon_core.package_identification:_identify(src/models/RoboCup15_MSL_Goal/materials) by extensions ['ros']
[0.478s] Level 1:colcon.colcon_core.package_identification:_identify(src/models/RoboCup15_MSL_Goal/materials) by extension 'ros'
[0.478s] Level 1:colcon.colcon_core.package_identification:_identify(src/models/RoboCup15_MSL_Goal/materials) by extensions ['cmake', 'python']
[0.478s] Level 1:colcon.colcon_core.package_identification:_identify(src/models/RoboCup15_MSL_Goal/materials) by extension 'cmake'
[0.478s] Level 1:colcon.colcon_core.package_identification:_identify(src/models/RoboCup15_MSL_Goal/materials) by extension 'python'
[0.478s] Level 1:colcon.colcon_core.package_identification:_identify(src/models/RoboCup15_MSL_Goal/materials) by extensions ['python_setup_py']
[0.478s] Level 1:colcon.colcon_core.package_identification:_identify(src/models/RoboCup15_MSL_Goal/materials) by extension 'python_setup_py'
[0.478s] Level 1:colcon.colcon_core.package_identification:_identify(src/models/RoboCup15_MSL_Goal/materials/scripts) by extensions ['ignore', 'ignore_ament_install']
[0.479s] Level 1:colcon.colcon_core.package_identification:_identify(src/models/RoboCup15_MSL_Goal/materials/scripts) by extension 'ignore'
[0.479s] Level 1:colcon.colcon_core.package_identification:_identify(src/models/RoboCup15_MSL_Goal/materials/scripts) by extension 'ignore_ament_install'
[0.479s] Level 1:colcon.colcon_core.package_identification:_identify(src/models/RoboCup15_MSL_Goal/materials/scripts) by extensions ['colcon_pkg']
[0.479s] Level 1:colcon.colcon_core.package_identification:_identify(src/models/RoboCup15_MSL_Goal/materials/scripts) by extension 'colcon_pkg'
[0.479s] Level 1:colcon.colcon_core.package_identification:_identify(src/models/RoboCup15_MSL_Goal/materials/scripts) by extensions ['colcon_meta']
[0.479s] Level 1:colcon.colcon_core.package_identification:_identify(src/models/RoboCup15_MSL_Goal/materials/scripts) by extension 'colcon_meta'
[0.479s] Level 1:colcon.colcon_core.package_identification:_identify(src/models/RoboCup15_MSL_Goal/materials/scripts) by extensions ['ros']
[0.479s] Level 1:colcon.colcon_core.package_identification:_identify(src/models/RoboCup15_MSL_Goal/materials/scripts) by extension 'ros'
[0.480s] Level 1:colcon.colcon_core.package_identification:_identify(src/models/RoboCup15_MSL_Goal/materials/scripts) by extensions ['cmake', 'python']
[0.480s] Level 1:colcon.colcon_core.package_identification:_identify(src/models/RoboCup15_MSL_Goal/materials/scripts) by extension 'cmake'
[0.480s] Level 1:colcon.colcon_core.package_identification:_identify(src/models/RoboCup15_MSL_Goal/materials/scripts) by extension 'python'
[0.480s] Level 1:colcon.colcon_core.package_identification:_identify(src/models/RoboCup15_MSL_Goal/materials/scripts) by extensions ['python_setup_py']
[0.480s] Level 1:colcon.colcon_core.package_identification:_identify(src/models/RoboCup15_MSL_Goal/materials/scripts) by extension 'python_setup_py'
[0.480s] Level 1:colcon.colcon_core.package_identification:_identify(src/models/RoboCup15_MSL_Goal/materials/textures) by extensions ['ignore', 'ignore_ament_install']
[0.480s] Level 1:colcon.colcon_core.package_identification:_identify(src/models/RoboCup15_MSL_Goal/materials/textures) by extension 'ignore'
[0.480s] Level 1:colcon.colcon_core.package_identification:_identify(src/models/RoboCup15_MSL_Goal/materials/textures) by extension 'ignore_ament_install'
[0.481s] Level 1:colcon.colcon_core.package_identification:_identify(src/models/RoboCup15_MSL_Goal/materials/textures) by extensions ['colcon_pkg']
[0.481s] Level 1:colcon.colcon_core.package_identification:_identify(src/models/RoboCup15_MSL_Goal/materials/textures) by extension 'colcon_pkg'
[0.481s] Level 1:colcon.colcon_core.package_identification:_identify(src/models/RoboCup15_MSL_Goal/materials/textures) by extensions ['colcon_meta']
[0.481s] Level 1:colcon.colcon_core.package_identification:_identify(src/models/RoboCup15_MSL_Goal/materials/textures) by extension 'colcon_meta'
[0.481s] Level 1:colcon.colcon_core.package_identification:_identify(src/models/RoboCup15_MSL_Goal/materials/textures) by extensions ['ros']
[0.481s] Level 1:colcon.colcon_core.package_identification:_identify(src/models/RoboCup15_MSL_Goal/materials/textures) by extension 'ros'
[0.481s] Level 1:colcon.colcon_core.package_identification:_identify(src/models/RoboCup15_MSL_Goal/materials/textures) by extensions ['cmake', 'python']
[0.481s] Level 1:colcon.colcon_core.package_identification:_identify(src/models/RoboCup15_MSL_Goal/materials/textures) by extension 'cmake'
[0.481s] Level 1:colcon.colcon_core.package_identification:_identify(src/models/RoboCup15_MSL_Goal/materials/textures) by extension 'python'
[0.482s] Level 1:colcon.colcon_core.package_identification:_identify(src/models/RoboCup15_MSL_Goal/materials/textures) by extensions ['python_setup_py']
[0.482s] Level 1:colcon.colcon_core.package_identification:_identify(src/models/RoboCup15_MSL_Goal/materials/textures) by extension 'python_setup_py'
[0.482s] Level 1:colcon.colcon_core.package_identification:_identify(src/pitchside_tracker) by extensions ['ignore', 'ignore_ament_install']
[0.482s] Level 1:colcon.colcon_core.package_identification:_identify(src/pitchside_tracker) by extension 'ignore'
[0.482s] Level 1:colcon.colcon_core.package_identification:_identify(src/pitchside_tracker) by extension 'ignore_ament_install'
[0.482s] Level 1:colcon.colcon_core.package_identification:_identify(src/pitchside_tracker) by extensions ['colcon_pkg']
[0.482s] Level 1:colcon.colcon_core.package_identification:_identify(src/pitchside_tracker) by extension 'colcon_pkg'
[0.482s] Level 1:colcon.colcon_core.package_identification:_identify(src/pitchside_tracker) by extensions ['colcon_meta']
[0.482s] Level 1:colcon.colcon_core.package_identification:_identify(src/pitchside_tracker) by extension 'colcon_meta'
[0.483s] Level 1:colcon.colcon_core.package_identification:_identify(src/pitchside_tracker) by extensions ['ros']
[0.483s] Level 1:colcon.colcon_core.package_identification:_identify(src/pitchside_tracker) by extension 'ros'
[0.487s] DEBUG:colcon.colcon_core.package_identification:Package 'src/pitchside_tracker' with type 'ros.ament_python' and name 'pitchside_tracker'
[0.488s] Level 1:colcon.colcon_core.package_discovery:discover_packages(recursive) using defaults
[0.488s] Level 1:colcon.colcon_core.package_discovery:discover_packages(ignore) discover
[0.488s] Level 1:colcon.colcon_core.package_discovery:discover_packages(ignore) using defaults
[0.488s] Level 1:colcon.colcon_core.package_discovery:discover_packages(path) discover
[0.488s] Level 1:colcon.colcon_core.package_discovery:discover_packages(path) using defaults
[0.528s] Level 1:colcon.colcon_core.package_discovery:discover_packages(prefix_path) check parameters
[0.528s] Level 1:colcon.colcon_core.package_discovery:discover_packages(prefix_path) discover
[0.532s] DEBUG:colcon.colcon_installed_package_information.package_discovery:Found 1 installed packages in /home/jota/Desktop/uni/magistrale/droni/pitchside_tracker/install
[0.536s] DEBUG:colcon.colcon_installed_package_information.package_discovery:Found 320 installed packages in /opt/ros/rolling
[0.540s] Level 1:colcon.colcon_core.package_discovery:discover_packages(prefix_path) using defaults
[0.677s] Level 5:colcon.colcon_core.verb:set package 'pitchside_tracker' build argument 'cmake_args' from command line to 'None'
[0.677s] Level 5:colcon.colcon_core.verb:set package 'pitchside_tracker' build argument 'cmake_target' from command line to 'None'
[0.677s] Level 5:colcon.colcon_core.verb:set package 'pitchside_tracker' build argument 'cmake_target_skip_unavailable' from command line to 'False'
[0.678s] Level 5:colcon.colcon_core.verb:set package 'pitchside_tracker' build argument 'cmake_clean_cache' from command line to 'False'
[0.678s] Level 5:colcon.colcon_core.verb:set package 'pitchside_tracker' build argument 'cmake_clean_first' from command line to 'False'
[0.678s] Level 5:colcon.colcon_core.verb:set package 'pitchside_tracker' build argument 'cmake_force_configure' from command line to 'False'
[0.678s] Level 5:colcon.colcon_core.verb:set package 'pitchside_tracker' build argument 'ament_cmake_args' from command line to 'None'
[0.678s] Level 5:colcon.colcon_core.verb:set package 'pitchside_tracker' build argument 'catkin_cmake_args' from command line to 'None'
[0.678s] Level 5:colcon.colcon_core.verb:set package 'pitchside_tracker' build argument 'catkin_skip_building_tests' from command line to 'False'
[0.678s] DEBUG:colcon.colcon_core.verb:Building package 'pitchside_tracker' with the following arguments: {'ament_cmake_args': None, 'build_base': '/home/jota/Desktop/uni/magistrale/droni/pitchside_tracker/build/pitchside_tracker', 'catkin_cmake_args': None, 'catkin_skip_building_tests': False, 'cmake_args': None, 'cmake_clean_cache': False, 'cmake_clean_first': False, 'cmake_force_configure': False, 'cmake_target': None, 'cmake_target_skip_unavailable': False, 'install_base': '/home/jota/Desktop/uni/magistrale/droni/pitchside_tracker/install/pitchside_tracker', 'merge_install': False, 'path': '/home/jota/Desktop/uni/magistrale/droni/pitchside_tracker/src/pitchside_tracker', 'symlink_install': False, 'test_result_base': None}
[0.678s] INFO:colcon.colcon_core.executor:Executing jobs using 'parallel' executor
[0.680s] DEBUG:colcon.colcon_parallel_executor.executor.parallel:run_until_complete
[0.680s] INFO:colcon.colcon_ros.task.ament_python.build:Building ROS package in '/home/jota/Desktop/uni/magistrale/droni/pitchside_tracker/src/pitchside_tracker' with build type 'ament_python'
[0.680s] Level 1:colcon.colcon_core.shell:create_environment_hook('pitchside_tracker', 'ament_prefix_path')
[0.685s] INFO:colcon.colcon_core.plugin_system:Skipping extension 'colcon_core.shell.bat': Not used on non-Windows systems
[0.685s] INFO:colcon.colcon_core.shell:Creating environment hook '/home/jota/Desktop/uni/magistrale/droni/pitchside_tracker/install/pitchside_tracker/share/pitchside_tracker/hook/ament_prefix_path.ps1'
[0.686s] INFO:colcon.colcon_core.shell:Creating environment descriptor '/home/jota/Desktop/uni/magistrale/droni/pitchside_tracker/install/pitchside_tracker/share/pitchside_tracker/hook/ament_prefix_path.dsv'
[0.688s] INFO:colcon.colcon_core.shell:Creating environment hook '/home/jota/Desktop/uni/magistrale/droni/pitchside_tracker/install/pitchside_tracker/share/pitchside_tracker/hook/ament_prefix_path.sh'
[0.690s] INFO:colcon.colcon_core.shell:Skip shell extension 'powershell' for command environment: Not usable outside of PowerShell
[0.690s] DEBUG:colcon.colcon_core.shell:Skip shell extension 'dsv' for command environment
[1.501s] INFO:colcon.colcon_core.task.python.build:Building Python package in '/home/jota/Desktop/uni/magistrale/droni/pitchside_tracker/src/pitchside_tracker'
[1.502s] INFO:colcon.colcon_core.shell:Skip shell extension 'powershell' for command environment: Not usable outside of PowerShell
[1.502s] DEBUG:colcon.colcon_core.shell:Skip shell extension 'dsv' for command environment
[3.244s] DEBUG:colcon.colcon_core.event_handler.log_command:Invoking command in '/home/jota/Desktop/uni/magistrale/droni/pitchside_tracker/src/pitchside_tracker': DEBUGINFOD_URLS=https://debuginfod.ubuntu.com PYTHONPATH=/home/jota/Desktop/uni/magistrale/droni/pitchside_tracker/build/pitchside_tracker/prefix_override:/usr/lib/python3/dist-packages/colcon_core/task/python/colcon_distutils_commands:/home/jota/Desktop/uni/magistrale/droni/pitchside_tracker/install/pitchside_tracker/lib/python3.12/site-packages:${PYTHONPATH} /usr/bin/python3 -W ignore:setup.py install is deprecated -W ignore:easy_install command is deprecated setup.py egg_info --egg-base ../../build/pitchside_tracker build --build-base /home/jota/Desktop/uni/magistrale/droni/pitchside_tracker/build/pitchside_tracker/build install --record /home/jota/Desktop/uni/magistrale/droni/pitchside_tracker/build/pitchside_tracker/install.log --single-version-externally-managed install_data
[5.011s] DEBUG:colcon.colcon_core.event_handler.log_command:Invoked command in '/home/jota/Desktop/uni/magistrale/droni/pitchside_tracker/src/pitchside_tracker' returned '0': DEBUGINFOD_URLS=https://debuginfod.ubuntu.com PYTHONPATH=/home/jota/Desktop/uni/magistrale/droni/pitchside_tracker/build/pitchside_tracker/prefix_override:/usr/lib/python3/dist-packages/colcon_core/task/python/colcon_distutils_commands:/home/jota/Desktop/uni/magistrale/droni/pitchside_tracker/install/pitchside_tracker/lib/python3.12/site-packages:${PYTHONPATH} /usr/bin/python3 -W ignore:setup.py install is deprecated -W ignore:easy_install command is deprecated setup.py egg_info --egg-base ../../build/pitchside_tracker build --build-base /home/jota/Desktop/uni/magistrale/droni/pitchside_tracker/build/pitchside_tracker/build install --record /home/jota/Desktop/uni/magistrale/droni/pitchside_tracker/build/pitchside_tracker/install.log --single-version-externally-managed install_data
[5.020s] Level 1:colcon.colcon_core.environment:checking '/home/jota/Desktop/uni/magistrale/droni/pitchside_tracker/install/pitchside_tracker' for CMake module files
[5.021s] Level 1:colcon.colcon_core.environment:checking '/home/jota/Desktop/uni/magistrale/droni/pitchside_tracker/install/pitchside_tracker' for CMake config files
[5.022s] Level 1:colcon.colcon_core.environment:checking '/home/jota/Desktop/uni/magistrale/droni/pitchside_tracker/install/pitchside_tracker/lib'
[5.023s] Level 1:colcon.colcon_core.environment:checking '/home/jota/Desktop/uni/magistrale/droni/pitchside_tracker/install/pitchside_tracker/bin'
[5.023s] Level 1:colcon.colcon_core.environment:checking '/home/jota/Desktop/uni/magistrale/droni/pitchside_tracker/install/pitchside_tracker/lib/pkgconfig/pitchside_tracker.pc'
[5.023s] Level 1:colcon.colcon_core.environment:checking '/home/jota/Desktop/uni/magistrale/droni/pitchside_tracker/install/pitchside_tracker/lib/python3.12/site-packages'
[5.024s] Level 1:colcon.colcon_core.shell:create_environment_hook('pitchside_tracker', 'pythonpath')
[5.024s] INFO:colcon.colcon_core.shell:Creating environment hook '/home/jota/Desktop/uni/magistrale/droni/pitchside_tracker/install/pitchside_tracker/share/pitchside_tracker/hook/pythonpath.ps1'
[5.025s] INFO:colcon.colcon_core.shell:Creating environment descriptor '/home/jota/Desktop/uni/magistrale/droni/pitchside_tracker/install/pitchside_tracker/share/pitchside_tracker/hook/pythonpath.dsv'
[5.026s] INFO:colcon.colcon_core.shell:Creating environment hook '/home/jota/Desktop/uni/magistrale/droni/pitchside_tracker/install/pitchside_tracker/share/pitchside_tracker/hook/pythonpath.sh'
[5.028s] Level 1:colcon.colcon_core.environment:checking '/home/jota/Desktop/uni/magistrale/droni/pitchside_tracker/install/pitchside_tracker/bin'
[5.029s] Level 1:colcon.colcon_core.environment:create_environment_scripts_only(pitchside_tracker)
[5.030s] INFO:colcon.colcon_core.shell:Creating package script '/home/jota/Desktop/uni/magistrale/droni/pitchside_tracker/install/pitchside_tracker/share/pitchside_tracker/package.ps1'
[5.032s] INFO:colcon.colcon_core.shell:Creating package descriptor '/home/jota/Desktop/uni/magistrale/droni/pitchside_tracker/install/pitchside_tracker/share/pitchside_tracker/package.dsv'
[5.033s] INFO:colcon.colcon_core.shell:Creating package script '/home/jota/Desktop/uni/magistrale/droni/pitchside_tracker/install/pitchside_tracker/share/pitchside_tracker/package.sh'
[5.036s] INFO:colcon.colcon_core.shell:Creating package script '/home/jota/Desktop/uni/magistrale/droni/pitchside_tracker/install/pitchside_tracker/share/pitchside_tracker/package.bash'
[5.037s] INFO:colcon.colcon_core.shell:Creating package script '/home/jota/Desktop/uni/magistrale/droni/pitchside_tracker/install/pitchside_tracker/share/pitchside_tracker/package.zsh'
[5.039s] Level 1:colcon.colcon_core.environment:create_file_with_runtime_dependencies(/home/jota/Desktop/uni/magistrale/droni/pitchside_tracker/install/pitchside_tracker/share/colcon-core/packages/pitchside_tracker)
[5.039s] DEBUG:colcon.colcon_parallel_executor.executor.parallel:closing loop
[5.040s] DEBUG:colcon.colcon_parallel_executor.executor.parallel:loop closed
[5.041s] DEBUG:colcon.colcon_parallel_executor.executor.parallel:run_until_complete finished with '0'
[5.041s] DEBUG:colcon.colcon_core.event_reactor:joining thread
[5.053s] INFO:colcon.colcon_core.plugin_system:Skipping extension 'colcon_notification.desktop_notification.terminal_notifier': Not used on non-Darwin systems
[5.053s] INFO:colcon.colcon_core.plugin_system:Skipping extension 'colcon_notification.desktop_notification.win32': Not used on non-Windows systems
[5.053s] INFO:colcon.colcon_notification.desktop_notification:Sending desktop notification using 'notify2'
[5.094s] DEBUG:colcon.colcon_core.event_reactor:joined thread
[5.095s] INFO:colcon.colcon_core.shell:Creating prefix script '/home/jota/Desktop/uni/magistrale/droni/pitchside_tracker/install/local_setup.ps1'
[5.099s] INFO:colcon.colcon_core.shell:Creating prefix util module '/home/jota/Desktop/uni/magistrale/droni/pitchside_tracker/install/_local_setup_util_ps1.py'
[5.104s] INFO:colcon.colcon_core.shell:Creating prefix chain script '/home/jota/Desktop/uni/magistrale/droni/pitchside_tracker/install/setup.ps1'
[5.107s] INFO:colcon.colcon_core.shell:Creating prefix script '/home/jota/Desktop/uni/magistrale/droni/pitchside_tracker/install/local_setup.sh'
[5.110s] INFO:colcon.colcon_core.shell:Creating prefix util module '/home/jota/Desktop/uni/magistrale/droni/pitchside_tracker/install/_local_setup_util_sh.py'
[5.112s] INFO:colcon.colcon_core.shell:Creating prefix chain script '/home/jota/Desktop/uni/magistrale/droni/pitchside_tracker/install/setup.sh'
[5.116s] INFO:colcon.colcon_core.shell:Creating prefix script '/home/jota/Desktop/uni/magistrale/droni/pitchside_tracker/install/local_setup.bash'
[5.118s] INFO:colcon.colcon_core.shell:Creating prefix chain script '/home/jota/Desktop/uni/magistrale/droni/pitchside_tracker/install/setup.bash'
[5.121s] INFO:colcon.colcon_core.shell:Creating prefix script '/home/jota/Desktop/uni/magistrale/droni/pitchside_tracker/install/local_setup.zsh'
[5.123s] INFO:colcon.colcon_core.shell:Creating prefix chain script '/home/jota/Desktop/uni/magistrale/droni/pitchside_tracker/install/setup.zsh'
