[1.369s] Invoking command in '/home/jota/Desktop/uni/magistrale/droni/pitchside_tracker/build/pitchside_tracker': DEBUGINFOD_URLS=https://debuginfod.ubuntu.com PYTHONPATH=/home/jota/Desktop/uni/magistrale/droni/pitchside_tracker/build/pitchside_tracker/prefix_override:/usr/lib/python3/dist-packages/colcon_core/task/python/colcon_distutils_commands:/home/jota/Desktop/uni/magistrale/droni/pitchside_tracker/install/pitchside_tracker/lib/python3.12/site-packages:${PYTHONPATH} /usr/bin/python3 -W ignore:setup.py install is deprecated -W ignore:easy_install command is deprecated setup.py develop --editable --build-directory /home/jota/Desktop/uni/magistrale/droni/pitchside_tracker/build/pitchside_tracker/build --no-deps symlink_data --force
[1.950s] running develop
[2.267s] running egg_info
[2.295s] writing pitchside_tracker.egg-info/PKG-INFO
[2.296s] writing dependency_links to pitchside_tracker.egg-info/dependency_links.txt
[2.296s] writing entry points to pitchside_tracker.egg-info/entry_points.txt
[2.296s] writing requirements to pitchside_tracker.egg-info/requires.txt
[2.297s] writing top-level names to pitchside_tracker.egg-info/top_level.txt
[2.368s] reading manifest file 'pitchside_tracker.egg-info/SOURCES.txt'
[2.369s] writing manifest file 'pitchside_tracker.egg-info/SOURCES.txt'
[2.401s] running build_ext
[2.402s] Creating /home/jota/Desktop/uni/magistrale/droni/pitchside_tracker/install/pitchside_tracker/lib/python3.12/site-packages/pitchside-tracker.egg-link (link to .)
[2.403s] Installing spawn_sideline script to /home/jota/Desktop/uni/magistrale/droni/pitchside_tracker/install/pitchside_tracker/lib/pitchside_tracker
[2.403s] Installing tracking_node script to /home/jota/Desktop/uni/magistrale/droni/pitchside_tracker/install/pitchside_tracker/lib/pitchside_tracker
[2.403s] 
[2.403s] Installed /home/jota/Desktop/uni/magistrale/droni/pitchside_tracker/build/pitchside_tracker
[2.404s] running symlink_data
[2.404s] symbolically linking /home/jota/Desktop/uni/magistrale/droni/pitchside_tracker/build/pitchside_tracker/resource/pitchside_tracker -> /home/jota/Desktop/uni/magistrale/droni/pitchside_tracker/install/pitchside_tracker/share/ament_index/resource_index/packages
[2.404s] symbolically linking /home/jota/Desktop/uni/magistrale/droni/pitchside_tracker/build/pitchside_tracker/package.xml -> /home/jota/Desktop/uni/magistrale/droni/pitchside_tracker/install/pitchside_tracker/share/pitchside_tracker
[2.465s] Invoked command in '/home/jota/Desktop/uni/magistrale/droni/pitchside_tracker/build/pitchside_tracker' returned '0': DEBUGINFOD_URLS=https://debuginfod.ubuntu.com PYTHONPATH=/home/jota/Desktop/uni/magistrale/droni/pitchside_tracker/build/pitchside_tracker/prefix_override:/usr/lib/python3/dist-packages/colcon_core/task/python/colcon_distutils_commands:/home/jota/Desktop/uni/magistrale/droni/pitchside_tracker/install/pitchside_tracker/lib/python3.12/site-packages:${PYTHONPATH} /usr/bin/python3 -W ignore:setup.py install is deprecated -W ignore:easy_install command is deprecated setup.py develop --editable --build-directory /home/jota/Desktop/uni/magistrale/droni/pitchside_tracker/build/pitchside_tracker/build --no-deps symlink_data --force
