[2.048s] Invoking command in '/home/jota/Desktop/uni/magistrale/droni/pitchside_tracker/build/pitchside_tracker': DEBUGINFOD_URLS=https://debuginfod.ubuntu.com PYTHONPATH=/home/jota/Desktop/uni/magistrale/droni/pitchside_tracker/build/pitchside_tracker/prefix_override:/usr/lib/python3/dist-packages/colcon_core/task/python/colcon_distutils_commands:/home/jota/Desktop/uni/magistrale/droni/pitchside_tracker/install/pitchside_tracker/lib/python3.12/site-packages:${PYTHONPATH} /usr/bin/python3 -W ignore:setup.py install is deprecated -W ignore:easy_install command is deprecated setup.py develop --uninstall --editable --build-directory /home/jota/Desktop/uni/magistrale/droni/pitchside_tracker/build/pitchside_tracker/build
[2.693s] running develop
[3.090s] Removing /home/jota/Desktop/uni/magistrale/droni/pitchside_tracker/install/pitchside_tracker/lib/python3.12/site-packages/pitchside-tracker.egg-link (link to .)
[3.148s] Invoked command in '/home/jota/Desktop/uni/magistrale/droni/pitchside_tracker/build/pitchside_tracker' returned '0': DEBUGINFOD_URLS=https://debuginfod.ubuntu.com PYTHONPATH=/home/jota/Desktop/uni/magistrale/droni/pitchside_tracker/build/pitchside_tracker/prefix_override:/usr/lib/python3/dist-packages/colcon_core/task/python/colcon_distutils_commands:/home/jota/Desktop/uni/magistrale/droni/pitchside_tracker/install/pitchside_tracker/lib/python3.12/site-packages:${PYTHONPATH} /usr/bin/python3 -W ignore:setup.py install is deprecated -W ignore:easy_install command is deprecated setup.py develop --uninstall --editable --build-directory /home/jota/Desktop/uni/magistrale/droni/pitchside_tracker/build/pitchside_tracker/build
[3.153s] Invoking command in '/home/jota/Desktop/uni/magistrale/droni/pitchside_tracker/src/pitchside_tracker': DEBUGINFOD_URLS=https://debuginfod.ubuntu.com PYTHONPATH=/home/jota/Desktop/uni/magistrale/droni/pitchside_tracker/build/pitchside_tracker/prefix_override:/usr/lib/python3/dist-packages/colcon_core/task/python/colcon_distutils_commands:/home/jota/Desktop/uni/magistrale/droni/pitchside_tracker/install/pitchside_tracker/lib/python3.12/site-packages:${PYTHONPATH} /usr/bin/python3 -W ignore:setup.py install is deprecated -W ignore:easy_install command is deprecated setup.py egg_info --egg-base ../../build/pitchside_tracker build --build-base /home/jota/Desktop/uni/magistrale/droni/pitchside_tracker/build/pitchside_tracker/build install --record /home/jota/Desktop/uni/magistrale/droni/pitchside_tracker/build/pitchside_tracker/install.log --single-version-externally-managed install_data --force
[3.712s] running egg_info
[3.755s] writing ../../build/pitchside_tracker/pitchside_tracker.egg-info/PKG-INFO
[3.755s] writing dependency_links to ../../build/pitchside_tracker/pitchside_tracker.egg-info/dependency_links.txt
[3.756s] writing entry points to ../../build/pitchside_tracker/pitchside_tracker.egg-info/entry_points.txt
[3.756s] writing requirements to ../../build/pitchside_tracker/pitchside_tracker.egg-info/requires.txt
[3.756s] writing top-level names to ../../build/pitchside_tracker/pitchside_tracker.egg-info/top_level.txt
[3.825s] reading manifest file '../../build/pitchside_tracker/pitchside_tracker.egg-info/SOURCES.txt'
[3.826s] writing manifest file '../../build/pitchside_tracker/pitchside_tracker.egg-info/SOURCES.txt'
[3.827s] running build
[3.827s] running build_py
[3.827s] running install
[3.839s] running install_lib
[3.880s] copying /home/jota/Desktop/uni/magistrale/droni/pitchside_tracker/build/pitchside_tracker/build/lib/pitchside_tracker/__init__.py -> /home/jota/Desktop/uni/magistrale/droni/pitchside_tracker/install/pitchside_tracker/lib/python3.12/site-packages/pitchside_tracker
[3.880s] copying /home/jota/Desktop/uni/magistrale/droni/pitchside_tracker/build/pitchside_tracker/build/lib/pitchside_tracker/spawn_sideline.py -> /home/jota/Desktop/uni/magistrale/droni/pitchside_tracker/install/pitchside_tracker/lib/python3.12/site-packages/pitchside_tracker
[3.881s] copying /home/jota/Desktop/uni/magistrale/droni/pitchside_tracker/build/pitchside_tracker/build/lib/pitchside_tracker/tracking_node.py -> /home/jota/Desktop/uni/magistrale/droni/pitchside_tracker/install/pitchside_tracker/lib/python3.12/site-packages/pitchside_tracker
[3.882s] byte-compiling /home/jota/Desktop/uni/magistrale/droni/pitchside_tracker/install/pitchside_tracker/lib/python3.12/site-packages/pitchside_tracker/__init__.py to __init__.cpython-312.pyc
[3.882s] byte-compiling /home/jota/Desktop/uni/magistrale/droni/pitchside_tracker/install/pitchside_tracker/lib/python3.12/site-packages/pitchside_tracker/spawn_sideline.py to spawn_sideline.cpython-312.pyc
[3.882s] byte-compiling /home/jota/Desktop/uni/magistrale/droni/pitchside_tracker/install/pitchside_tracker/lib/python3.12/site-packages/pitchside_tracker/tracking_node.py to tracking_node.cpython-312.pyc
[3.883s] running install_data
[3.883s] copying resource/pitchside_tracker -> /home/jota/Desktop/uni/magistrale/droni/pitchside_tracker/install/pitchside_tracker/share/ament_index/resource_index/packages
[3.883s] copying package.xml -> /home/jota/Desktop/uni/magistrale/droni/pitchside_tracker/install/pitchside_tracker/share/pitchside_tracker
[3.884s] copying launch/sideline_world.launch.py -> /home/jota/Desktop/uni/magistrale/droni/pitchside_tracker/install/pitchside_tracker/share/pitchside_tracker/launch
[3.884s] running install_egg_info
[3.918s] Copying ../../build/pitchside_tracker/pitchside_tracker.egg-info to /home/jota/Desktop/uni/magistrale/droni/pitchside_tracker/install/pitchside_tracker/lib/python3.12/site-packages/pitchside_tracker-0.0.0-py3.12.egg-info
[3.921s] running install_scripts
[4.171s] Installing spawn_sideline script to /home/jota/Desktop/uni/magistrale/droni/pitchside_tracker/install/pitchside_tracker/lib/pitchside_tracker
[4.171s] Installing tracking_node script to /home/jota/Desktop/uni/magistrale/droni/pitchside_tracker/install/pitchside_tracker/lib/pitchside_tracker
[4.171s] writing list of installed files to '/home/jota/Desktop/uni/magistrale/droni/pitchside_tracker/build/pitchside_tracker/install.log'
[4.212s] Invoked command in '/home/jota/Desktop/uni/magistrale/droni/pitchside_tracker/src/pitchside_tracker' returned '0': DEBUGINFOD_URLS=https://debuginfod.ubuntu.com PYTHONPATH=/home/jota/Desktop/uni/magistrale/droni/pitchside_tracker/build/pitchside_tracker/prefix_override:/usr/lib/python3/dist-packages/colcon_core/task/python/colcon_distutils_commands:/home/jota/Desktop/uni/magistrale/droni/pitchside_tracker/install/pitchside_tracker/lib/python3.12/site-packages:${PYTHONPATH} /usr/bin/python3 -W ignore:setup.py install is deprecated -W ignore:easy_install command is deprecated setup.py egg_info --egg-base ../../build/pitchside_tracker build --build-base /home/jota/Desktop/uni/magistrale/droni/pitchside_tracker/build/pitchside_tracker/build install --record /home/jota/Desktop/uni/magistrale/droni/pitchside_tracker/build/pitchside_tracker/install.log --single-version-externally-managed install_data --force
