running egg_info
writing ../../build/pitchside_tracker/pitchside_tracker.egg-info/PKG-INFO
writing dependency_links to ../../build/pitchside_tracker/pitchside_tracker.egg-info/dependency_links.txt
writing entry points to ../../build/pitchside_tracker/pitchside_tracker.egg-info/entry_points.txt
writing requirements to ../../build/pitchside_tracker/pitchside_tracker.egg-info/requires.txt
writing top-level names to ../../build/pitchside_tracker/pitchside_tracker.egg-info/top_level.txt
reading manifest file '../../build/pitchside_tracker/pitchside_tracker.egg-info/SOURCES.txt'
writing manifest file '../../build/pitchside_tracker/pitchside_tracker.egg-info/SOURCES.txt'
running build
running build_py
copying pitchside_tracker/__init__.py -> /home/jota/Desktop/uni/magistrale/droni/pitchside_tracker/build/pitchside_tracker/build/lib/pitchside_tracker
copying pitchside_tracker/my_node.py -> /home/jota/Desktop/uni/magistrale/droni/pitchside_tracker/build/pitchside_tracker/build/lib/pitchside_tracker
running install
running install_lib
copying /home/jota/Desktop/uni/magistrale/droni/pitchside_tracker/build/pitchside_tracker/build/lib/pitchside_tracker/__init__.py -> /home/jota/Desktop/uni/magistrale/droni/pitchside_tracker/install/pitchside_tracker/lib/python3.12/site-packages/pitchside_tracker
copying /home/jota/Desktop/uni/magistrale/droni/pitchside_tracker/build/pitchside_tracker/build/lib/pitchside_tracker/my_node.py -> /home/jota/Desktop/uni/magistrale/droni/pitchside_tracker/install/pitchside_tracker/lib/python3.12/site-packages/pitchside_tracker
byte-compiling /home/jota/Desktop/uni/magistrale/droni/pitchside_tracker/install/pitchside_tracker/lib/python3.12/site-packages/pitchside_tracker/__init__.py to __init__.cpython-312.pyc
byte-compiling /home/jota/Desktop/uni/magistrale/droni/pitchside_tracker/install/pitchside_tracker/lib/python3.12/site-packages/pitchside_tracker/my_node.py to my_node.cpython-312.pyc
running install_data
copying resource/pitchside_tracker -> /home/jota/Desktop/uni/magistrale/droni/pitchside_tracker/install/pitchside_tracker/share/ament_index/resource_index/packages
copying package.xml -> /home/jota/Desktop/uni/magistrale/droni/pitchside_tracker/install/pitchside_tracker/share/pitchside_tracker
running install_egg_info
removing '/home/jota/Desktop/uni/magistrale/droni/pitchside_tracker/install/pitchside_tracker/lib/python3.12/site-packages/pitchside_tracker-0.0.0-py3.12.egg-info' (and everything under it)
Copying ../../build/pitchside_tracker/pitchside_tracker.egg-info to /home/jota/Desktop/uni/magistrale/droni/pitchside_tracker/install/pitchside_tracker/lib/python3.12/site-packages/pitchside_tracker-0.0.0-py3.12.egg-info
running install_scripts
Installing my_node script to /home/jota/Desktop/uni/magistrale/droni/pitchside_tracker/install/pitchside_tracker/lib/pitchside_tracker
writing list of installed files to '/home/jota/Desktop/uni/magistrale/droni/pitchside_tracker/build/pitchside_tracker/install.log'
