[2.232s] Invoking command in '/home/jota/Desktop/uni/magistrale/droni/pitchside_tracker/src/pitchside_tracker': DEBUGINFOD_URLS=https://debuginfod.ubuntu.com PYTHONPATH=/home/jota/Desktop/uni/magistrale/droni/pitchside_tracker/build/pitchside_tracker/prefix_override:/usr/lib/python3/dist-packages/colcon_core/task/python/colcon_distutils_commands:/home/jota/Desktop/uni/magistrale/droni/pitchside_tracker/install/pitchside_tracker/lib/python3.12/site-packages:${PYTHONPATH} /usr/bin/python3 -W ignore:setup.py install is deprecated -W ignore:easy_install command is deprecated setup.py egg_info --egg-base ../../build/pitchside_tracker build --build-base /home/jota/Desktop/uni/magistrale/droni/pitchside_tracker/build/pitchside_tracker/build install --record /home/jota/Desktop/uni/magistrale/droni/pitchside_tracker/build/pitchside_tracker/install.log --single-version-externally-managed install_data
[2.977s] running egg_info
[3.032s] writing ../../build/pitchside_tracker/pitchside_tracker.egg-info/PKG-INFO
[3.033s] writing dependency_links to ../../build/pitchside_tracker/pitchside_tracker.egg-info/dependency_links.txt
[3.033s] writing entry points to ../../build/pitchside_tracker/pitchside_tracker.egg-info/entry_points.txt
[3.034s] writing requirements to ../../build/pitchside_tracker/pitchside_tracker.egg-info/requires.txt
[3.034s] writing top-level names to ../../build/pitchside_tracker/pitchside_tracker.egg-info/top_level.txt
[3.149s] reading manifest file '../../build/pitchside_tracker/pitchside_tracker.egg-info/SOURCES.txt'
[3.156s] writing manifest file '../../build/pitchside_tracker/pitchside_tracker.egg-info/SOURCES.txt'
[3.157s] running build
[3.157s] running build_py
[3.158s] copying pitchside_tracker/__init__.py -> /home/jota/Desktop/uni/magistrale/droni/pitchside_tracker/build/pitchside_tracker/build/lib/pitchside_tracker
[3.158s] copying pitchside_tracker/my_node.py -> /home/jota/Desktop/uni/magistrale/droni/pitchside_tracker/build/pitchside_tracker/build/lib/pitchside_tracker
[3.158s] running install
[3.172s] running install_lib
[3.227s] copying /home/jota/Desktop/uni/magistrale/droni/pitchside_tracker/build/pitchside_tracker/build/lib/pitchside_tracker/__init__.py -> /home/jota/Desktop/uni/magistrale/droni/pitchside_tracker/install/pitchside_tracker/lib/python3.12/site-packages/pitchside_tracker
[3.228s] copying /home/jota/Desktop/uni/magistrale/droni/pitchside_tracker/build/pitchside_tracker/build/lib/pitchside_tracker/my_node.py -> /home/jota/Desktop/uni/magistrale/droni/pitchside_tracker/install/pitchside_tracker/lib/python3.12/site-packages/pitchside_tracker
[3.230s] byte-compiling /home/jota/Desktop/uni/magistrale/droni/pitchside_tracker/install/pitchside_tracker/lib/python3.12/site-packages/pitchside_tracker/__init__.py to __init__.cpython-312.pyc
[3.230s] byte-compiling /home/jota/Desktop/uni/magistrale/droni/pitchside_tracker/install/pitchside_tracker/lib/python3.12/site-packages/pitchside_tracker/my_node.py to my_node.cpython-312.pyc
[3.231s] running install_data
[3.231s] copying resource/pitchside_tracker -> /home/jota/Desktop/uni/magistrale/droni/pitchside_tracker/install/pitchside_tracker/share/ament_index/resource_index/packages
[3.232s] copying package.xml -> /home/jota/Desktop/uni/magistrale/droni/pitchside_tracker/install/pitchside_tracker/share/pitchside_tracker
[3.232s] running install_egg_info
[3.295s] removing '/home/jota/Desktop/uni/magistrale/droni/pitchside_tracker/install/pitchside_tracker/lib/python3.12/site-packages/pitchside_tracker-0.0.0-py3.12.egg-info' (and everything under it)
[3.295s] Copying ../../build/pitchside_tracker/pitchside_tracker.egg-info to /home/jota/Desktop/uni/magistrale/droni/pitchside_tracker/install/pitchside_tracker/lib/python3.12/site-packages/pitchside_tracker-0.0.0-py3.12.egg-info
[3.298s] running install_scripts
[3.694s] Installing my_node script to /home/jota/Desktop/uni/magistrale/droni/pitchside_tracker/install/pitchside_tracker/lib/pitchside_tracker
[3.695s] writing list of installed files to '/home/jota/Desktop/uni/magistrale/droni/pitchside_tracker/build/pitchside_tracker/install.log'
[3.781s] Invoked command in '/home/jota/Desktop/uni/magistrale/droni/pitchside_tracker/src/pitchside_tracker' returned '0': DEBUGINFOD_URLS=https://debuginfod.ubuntu.com PYTHONPATH=/home/jota/Desktop/uni/magistrale/droni/pitchside_tracker/build/pitchside_tracker/prefix_override:/usr/lib/python3/dist-packages/colcon_core/task/python/colcon_distutils_commands:/home/jota/Desktop/uni/magistrale/droni/pitchside_tracker/install/pitchside_tracker/lib/python3.12/site-packages:${PYTHONPATH} /usr/bin/python3 -W ignore:setup.py install is deprecated -W ignore:easy_install command is deprecated setup.py egg_info --egg-base ../../build/pitchside_tracker build --build-base /home/jota/Desktop/uni/magistrale/droni/pitchside_tracker/build/pitchside_tracker/build install --record /home/jota/Desktop/uni/magistrale/droni/pitchside_tracker/build/pitchside_tracker/install.log --single-version-externally-managed install_data
