[0.216s] DEBUG:colcon:Command line arguments: ['/usr/bin/colcon', 'build']
[0.216s] DEBUG:colcon:Parsed command line arguments: Namespace(log_base=None, log_level=None, verb_name='build', build_base='build', install_base='install', merge_install=False, symlink_install=False, test_result_base=None, continue_on_error=False, executor='parallel', parallel_workers=8, event_handlers=None, ignore_user_meta=False, metas=['./colcon.meta'], base_paths=['.'], packages_ignore=None, packages_ignore_regex=None, paths=None, packages_up_to=None, packages_up_to_regex=None, packages_above=None, packages_above_and_dependencies=None, packages_above_depth=None, packages_select_by_dep=None, packages_skip_by_dep=None, packages_skip_up_to=None, packages_select_build_failed=False, packages_skip_build_finished=False, packages_select_test_failures=False, packages_skip_test_passed=False, packages_select=None, packages_skip=None, packages_select_regex=None, packages_skip_regex=None, packages_start=None, packages_end=None, allow_overriding=[], cmake_args=None, cmake_target=None, cmake_target_skip_unavailable=False, cmake_clean_cache=False, cmake_clean_first=False, cmake_force_configure=False, ament_cmake_args=None, catkin_cmake_args=None, catkin_skip_building_tests=False, mixin_files=None, mixin=None, verb_parser=<colcon_mixin.mixin.mixin_argument.MixinArgumentDecorator object at 0x76afabfad3d0>, verb_extension=<colcon_core.verb.build.BuildVerb object at 0x76afac0e9820>, main=<bound method BuildVerb.main of <colcon_core.verb.build.BuildVerb object at 0x76afac0e9820>>, mixin_verb=('build',))
[0.310s] Level 1:colcon.colcon_core.package_discovery:discover_packages(colcon_meta) check parameters
[0.311s] Level 1:colcon.colcon_core.package_discovery:discover_packages(recursive) check parameters
[0.311s] Level 1:colcon.colcon_core.package_discovery:discover_packages(ignore) check parameters
[0.311s] Level 1:colcon.colcon_core.package_discovery:discover_packages(path) check parameters
[0.311s] Level 1:colcon.colcon_core.package_discovery:discover_packages(colcon_meta) discover
[0.311s] Level 1:colcon.colcon_core.package_discovery:discover_packages(recursive) discover
[0.311s] INFO:colcon.colcon_core.package_discovery:Crawling recursively for packages in '/home/jota/Desktop/uni/magistrale/droni/pitchside_tracker'
[0.311s] Level 1:colcon.colcon_core.package_identification:_identify(.) by extensions ['ignore', 'ignore_ament_install']
[0.311s] Level 1:colcon.colcon_core.package_identification:_identify(.) by extension 'ignore'
[0.312s] Level 1:colcon.colcon_core.package_identification:_identify(.) by extension 'ignore_ament_install'
[0.312s] Level 1:colcon.colcon_core.package_identification:_identify(.) by extensions ['colcon_pkg']
[0.312s] Level 1:colcon.colcon_core.package_identification:_identify(.) by extension 'colcon_pkg'
[0.312s] Level 1:colcon.colcon_core.package_identification:_identify(.) by extensions ['colcon_meta']
[0.312s] Level 1:colcon.colcon_core.package_identification:_identify(.) by extension 'colcon_meta'
[0.312s] Level 1:colcon.colcon_core.package_identification:_identify(.) by extensions ['ros']
[0.312s] Level 1:colcon.colcon_core.package_identification:_identify(.) by extension 'ros'
[0.380s] Level 1:colcon.colcon_core.package_identification:_identify(.) by extensions ['cmake', 'python']
[0.381s] Level 1:colcon.colcon_core.package_identification:_identify(.) by extension 'cmake'
[0.381s] Level 1:colcon.colcon_core.package_identification:_identify(.) by extension 'python'
[0.381s] Level 1:colcon.colcon_core.package_identification:_identify(.) by extensions ['python_setup_py']
[0.381s] Level 1:colcon.colcon_core.package_identification:_identify(.) by extension 'python_setup_py'
[0.382s] Level 1:colcon.colcon_core.package_identification:_identify(build) by extensions ['ignore', 'ignore_ament_install']
[0.382s] Level 1:colcon.colcon_core.package_identification:_identify(build) by extension 'ignore'
[0.382s] Level 1:colcon.colcon_core.package_identification:_identify(build) ignored
[0.383s] Level 1:colcon.colcon_core.package_identification:_identify(install) by extensions ['ignore', 'ignore_ament_install']
[0.383s] Level 1:colcon.colcon_core.package_identification:_identify(install) by extension 'ignore'
[0.384s] Level 1:colcon.colcon_core.package_identification:_identify(install) ignored
[0.384s] Level 1:colcon.colcon_core.package_identification:_identify(log) by extensions ['ignore', 'ignore_ament_install']
[0.384s] Level 1:colcon.colcon_core.package_identification:_identify(log) by extension 'ignore'
[0.385s] Level 1:colcon.colcon_core.package_identification:_identify(log) ignored
[0.385s] Level 1:colcon.colcon_core.package_identification:_identify(pitchside_tracke) by extensions ['ignore', 'ignore_ament_install']
[0.385s] Level 1:colcon.colcon_core.package_identification:_identify(pitchside_tracke) by extension 'ignore'
[0.385s] Level 1:colcon.colcon_core.package_identification:_identify(pitchside_tracke) by extension 'ignore_ament_install'
[0.385s] Level 1:colcon.colcon_core.package_identification:_identify(pitchside_tracke) by extensions ['colcon_pkg']
[0.386s] Level 1:colcon.colcon_core.package_identification:_identify(pitchside_tracke) by extension 'colcon_pkg'
[0.386s] Level 1:colcon.colcon_core.package_identification:_identify(pitchside_tracke) by extensions ['colcon_meta']
[0.386s] Level 1:colcon.colcon_core.package_identification:_identify(pitchside_tracke) by extension 'colcon_meta'
[0.386s] Level 1:colcon.colcon_core.package_identification:_identify(pitchside_tracke) by extensions ['ros']
[0.386s] Level 1:colcon.colcon_core.package_identification:_identify(pitchside_tracke) by extension 'ros'
[0.391s] DEBUG:colcon.colcon_core.package_identification:Package 'pitchside_tracke' with type 'ros.ament_python' and name 'pitchside_tracke'
[0.391s] Level 1:colcon.colcon_core.package_identification:_identify(src) by extensions ['ignore', 'ignore_ament_install']
[0.392s] Level 1:colcon.colcon_core.package_identification:_identify(src) by extension 'ignore'
[0.392s] Level 1:colcon.colcon_core.package_identification:_identify(src) by extension 'ignore_ament_install'
[0.392s] Level 1:colcon.colcon_core.package_identification:_identify(src) by extensions ['colcon_pkg']
[0.392s] Level 1:colcon.colcon_core.package_identification:_identify(src) by extension 'colcon_pkg'
[0.392s] Level 1:colcon.colcon_core.package_identification:_identify(src) by extensions ['colcon_meta']
[0.392s] Level 1:colcon.colcon_core.package_identification:_identify(src) by extension 'colcon_meta'
[0.392s] Level 1:colcon.colcon_core.package_identification:_identify(src) by extensions ['ros']
[0.392s] Level 1:colcon.colcon_core.package_identification:_identify(src) by extension 'ros'
[0.392s] Level 1:colcon.colcon_core.package_identification:_identify(src) by extensions ['cmake', 'python']
[0.393s] Level 1:colcon.colcon_core.package_identification:_identify(src) by extension 'cmake'
[0.393s] Level 1:colcon.colcon_core.package_identification:_identify(src) by extension 'python'
[0.393s] Level 1:colcon.colcon_core.package_identification:_identify(src) by extensions ['python_setup_py']
[0.393s] Level 1:colcon.colcon_core.package_identification:_identify(src) by extension 'python_setup_py'
[0.393s] Level 1:colcon.colcon_core.package_identification:_identify(src/models) by extensions ['ignore', 'ignore_ament_install']
[0.393s] Level 1:colcon.colcon_core.package_identification:_identify(src/models) by extension 'ignore'
[0.393s] Level 1:colcon.colcon_core.package_identification:_identify(src/models) by extension 'ignore_ament_install'
[0.394s] Level 1:colcon.colcon_core.package_identification:_identify(src/models) by extensions ['colcon_pkg']
[0.394s] Level 1:colcon.colcon_core.package_identification:_identify(src/models) by extension 'colcon_pkg'
[0.394s] Level 1:colcon.colcon_core.package_identification:_identify(src/models) by extensions ['colcon_meta']
[0.394s] Level 1:colcon.colcon_core.package_identification:_identify(src/models) by extension 'colcon_meta'
[0.394s] Level 1:colcon.colcon_core.package_identification:_identify(src/models) by extensions ['ros']
[0.394s] Level 1:colcon.colcon_core.package_identification:_identify(src/models) by extension 'ros'
[0.394s] Level 1:colcon.colcon_core.package_identification:_identify(src/models) by extensions ['cmake', 'python']
[0.394s] Level 1:colcon.colcon_core.package_identification:_identify(src/models) by extension 'cmake'
[0.394s] Level 1:colcon.colcon_core.package_identification:_identify(src/models) by extension 'python'
[0.394s] Level 1:colcon.colcon_core.package_identification:_identify(src/models) by extensions ['python_setup_py']
[0.394s] Level 1:colcon.colcon_core.package_identification:_identify(src/models) by extension 'python_setup_py'
[0.395s] Level 1:colcon.colcon_core.package_identification:_identify(src/models/RoboCup15_MSL_Field) by extensions ['ignore', 'ignore_ament_install']
[0.395s] Level 1:colcon.colcon_core.package_identification:_identify(src/models/RoboCup15_MSL_Field) by extension 'ignore'
[0.395s] Level 1:colcon.colcon_core.package_identification:_identify(src/models/RoboCup15_MSL_Field) by extension 'ignore_ament_install'
[0.395s] Level 1:colcon.colcon_core.package_identification:_identify(src/models/RoboCup15_MSL_Field) by extensions ['colcon_pkg']
[0.395s] Level 1:colcon.colcon_core.package_identification:_identify(src/models/RoboCup15_MSL_Field) by extension 'colcon_pkg'
[0.395s] Level 1:colcon.colcon_core.package_identification:_identify(src/models/RoboCup15_MSL_Field) by extensions ['colcon_meta']
[0.395s] Level 1:colcon.colcon_core.package_identification:_identify(src/models/RoboCup15_MSL_Field) by extension 'colcon_meta'
[0.396s] Level 1:colcon.colcon_core.package_identification:_identify(src/models/RoboCup15_MSL_Field) by extensions ['ros']
[0.396s] Level 1:colcon.colcon_core.package_identification:_identify(src/models/RoboCup15_MSL_Field) by extension 'ros'
[0.396s] Level 1:colcon.colcon_core.package_identification:_identify(src/models/RoboCup15_MSL_Field) by extensions ['cmake', 'python']
[0.396s] Level 1:colcon.colcon_core.package_identification:_identify(src/models/RoboCup15_MSL_Field) by extension 'cmake'
[0.396s] Level 1:colcon.colcon_core.package_identification:_identify(src/models/RoboCup15_MSL_Field) by extension 'python'
[0.396s] Level 1:colcon.colcon_core.package_identification:_identify(src/models/RoboCup15_MSL_Field) by extensions ['python_setup_py']
[0.396s] Level 1:colcon.colcon_core.package_identification:_identify(src/models/RoboCup15_MSL_Field) by extension 'python_setup_py'
[0.396s] Level 1:colcon.colcon_core.package_identification:_identify(src/models/RoboCup15_MSL_Field/materials) by extensions ['ignore', 'ignore_ament_install']
[0.397s] Level 1:colcon.colcon_core.package_identification:_identify(src/models/RoboCup15_MSL_Field/materials) by extension 'ignore'
[0.397s] Level 1:colcon.colcon_core.package_identification:_identify(src/models/RoboCup15_MSL_Field/materials) by extension 'ignore_ament_install'
[0.397s] Level 1:colcon.colcon_core.package_identification:_identify(src/models/RoboCup15_MSL_Field/materials) by extensions ['colcon_pkg']
[0.397s] Level 1:colcon.colcon_core.package_identification:_identify(src/models/RoboCup15_MSL_Field/materials) by extension 'colcon_pkg'
[0.397s] Level 1:colcon.colcon_core.package_identification:_identify(src/models/RoboCup15_MSL_Field/materials) by extensions ['colcon_meta']
[0.397s] Level 1:colcon.colcon_core.package_identification:_identify(src/models/RoboCup15_MSL_Field/materials) by extension 'colcon_meta'
[0.397s] Level 1:colcon.colcon_core.package_identification:_identify(src/models/RoboCup15_MSL_Field/materials) by extensions ['ros']
[0.397s] Level 1:colcon.colcon_core.package_identification:_identify(src/models/RoboCup15_MSL_Field/materials) by extension 'ros'
[0.398s] Level 1:colcon.colcon_core.package_identification:_identify(src/models/RoboCup15_MSL_Field/materials) by extensions ['cmake', 'python']
[0.398s] Level 1:colcon.colcon_core.package_identification:_identify(src/models/RoboCup15_MSL_Field/materials) by extension 'cmake'
[0.398s] Level 1:colcon.colcon_core.package_identification:_identify(src/models/RoboCup15_MSL_Field/materials) by extension 'python'
[0.398s] Level 1:colcon.colcon_core.package_identification:_identify(src/models/RoboCup15_MSL_Field/materials) by extensions ['python_setup_py']
[0.398s] Level 1:colcon.colcon_core.package_identification:_identify(src/models/RoboCup15_MSL_Field/materials) by extension 'python_setup_py'
[0.398s] Level 1:colcon.colcon_core.package_identification:_identify(src/models/RoboCup15_MSL_Field/materials/scripts) by extensions ['ignore', 'ignore_ament_install']
[0.399s] Level 1:colcon.colcon_core.package_identification:_identify(src/models/RoboCup15_MSL_Field/materials/scripts) by extension 'ignore'
[0.399s] Level 1:colcon.colcon_core.package_identification:_identify(src/models/RoboCup15_MSL_Field/materials/scripts) by extension 'ignore_ament_install'
[0.399s] Level 1:colcon.colcon_core.package_identification:_identify(src/models/RoboCup15_MSL_Field/materials/scripts) by extensions ['colcon_pkg']
[0.399s] Level 1:colcon.colcon_core.package_identification:_identify(src/models/RoboCup15_MSL_Field/materials/scripts) by extension 'colcon_pkg'
[0.399s] Level 1:colcon.colcon_core.package_identification:_identify(src/models/RoboCup15_MSL_Field/materials/scripts) by extensions ['colcon_meta']
[0.400s] Level 1:colcon.colcon_core.package_identification:_identify(src/models/RoboCup15_MSL_Field/materials/scripts) by extension 'colcon_meta'
[0.400s] Level 1:colcon.colcon_core.package_identification:_identify(src/models/RoboCup15_MSL_Field/materials/scripts) by extensions ['ros']
[0.400s] Level 1:colcon.colcon_core.package_identification:_identify(src/models/RoboCup15_MSL_Field/materials/scripts) by extension 'ros'
[0.400s] Level 1:colcon.colcon_core.package_identification:_identify(src/models/RoboCup15_MSL_Field/materials/scripts) by extensions ['cmake', 'python']
[0.400s] Level 1:colcon.colcon_core.package_identification:_identify(src/models/RoboCup15_MSL_Field/materials/scripts) by extension 'cmake'
[0.400s] Level 1:colcon.colcon_core.package_identification:_identify(src/models/RoboCup15_MSL_Field/materials/scripts) by extension 'python'
[0.400s] Level 1:colcon.colcon_core.package_identification:_identify(src/models/RoboCup15_MSL_Field/materials/scripts) by extensions ['python_setup_py']
[0.401s] Level 1:colcon.colcon_core.package_identification:_identify(src/models/RoboCup15_MSL_Field/materials/scripts) by extension 'python_setup_py'
[0.401s] Level 1:colcon.colcon_core.package_identification:_identify(src/models/RoboCup15_MSL_Field/materials/textures) by extensions ['ignore', 'ignore_ament_install']
[0.401s] Level 1:colcon.colcon_core.package_identification:_identify(src/models/RoboCup15_MSL_Field/materials/textures) by extension 'ignore'
[0.401s] Level 1:colcon.colcon_core.package_identification:_identify(src/models/RoboCup15_MSL_Field/materials/textures) by extension 'ignore_ament_install'
[0.401s] Level 1:colcon.colcon_core.package_identification:_identify(src/models/RoboCup15_MSL_Field/materials/textures) by extensions ['colcon_pkg']
[0.401s] Level 1:colcon.colcon_core.package_identification:_identify(src/models/RoboCup15_MSL_Field/materials/textures) by extension 'colcon_pkg'
[0.402s] Level 1:colcon.colcon_core.package_identification:_identify(src/models/RoboCup15_MSL_Field/materials/textures) by extensions ['colcon_meta']
[0.402s] Level 1:colcon.colcon_core.package_identification:_identify(src/models/RoboCup15_MSL_Field/materials/textures) by extension 'colcon_meta'
[0.402s] Level 1:colcon.colcon_core.package_identification:_identify(src/models/RoboCup15_MSL_Field/materials/textures) by extensions ['ros']
[0.402s] Level 1:colcon.colcon_core.package_identification:_identify(src/models/RoboCup15_MSL_Field/materials/textures) by extension 'ros'
[0.402s] Level 1:colcon.colcon_core.package_identification:_identify(src/models/RoboCup15_MSL_Field/materials/textures) by extensions ['cmake', 'python']
[0.402s] Level 1:colcon.colcon_core.package_identification:_identify(src/models/RoboCup15_MSL_Field/materials/textures) by extension 'cmake'
[0.402s] Level 1:colcon.colcon_core.package_identification:_identify(src/models/RoboCup15_MSL_Field/materials/textures) by extension 'python'
[0.402s] Level 1:colcon.colcon_core.package_identification:_identify(src/models/RoboCup15_MSL_Field/materials/textures) by extensions ['python_setup_py']
[0.402s] Level 1:colcon.colcon_core.package_identification:_identify(src/models/RoboCup15_MSL_Field/materials/textures) by extension 'python_setup_py'
[0.403s] Level 1:colcon.colcon_core.package_identification:_identify(src/models/RoboCup15_MSL_Football) by extensions ['ignore', 'ignore_ament_install']
[0.403s] Level 1:colcon.colcon_core.package_identification:_identify(src/models/RoboCup15_MSL_Football) by extension 'ignore'
[0.403s] Level 1:colcon.colcon_core.package_identification:_identify(src/models/RoboCup15_MSL_Football) by extension 'ignore_ament_install'
[0.403s] Level 1:colcon.colcon_core.package_identification:_identify(src/models/RoboCup15_MSL_Football) by extensions ['colcon_pkg']
[0.403s] Level 1:colcon.colcon_core.package_identification:_identify(src/models/RoboCup15_MSL_Football) by extension 'colcon_pkg'
[0.403s] Level 1:colcon.colcon_core.package_identification:_identify(src/models/RoboCup15_MSL_Football) by extensions ['colcon_meta']
[0.403s] Level 1:colcon.colcon_core.package_identification:_identify(src/models/RoboCup15_MSL_Football) by extension 'colcon_meta'
[0.403s] Level 1:colcon.colcon_core.package_identification:_identify(src/models/RoboCup15_MSL_Football) by extensions ['ros']
[0.403s] Level 1:colcon.colcon_core.package_identification:_identify(src/models/RoboCup15_MSL_Football) by extension 'ros'
[0.404s] Level 1:colcon.colcon_core.package_identification:_identify(src/models/RoboCup15_MSL_Football) by extensions ['cmake', 'python']
[0.404s] Level 1:colcon.colcon_core.package_identification:_identify(src/models/RoboCup15_MSL_Football) by extension 'cmake'
[0.404s] Level 1:colcon.colcon_core.package_identification:_identify(src/models/RoboCup15_MSL_Football) by extension 'python'
[0.404s] Level 1:colcon.colcon_core.package_identification:_identify(src/models/RoboCup15_MSL_Football) by extensions ['python_setup_py']
[0.404s] Level 1:colcon.colcon_core.package_identification:_identify(src/models/RoboCup15_MSL_Football) by extension 'python_setup_py'
[0.404s] Level 1:colcon.colcon_core.package_identification:_identify(src/models/RoboCup15_MSL_Football/materials) by extensions ['ignore', 'ignore_ament_install']
[0.405s] Level 1:colcon.colcon_core.package_identification:_identify(src/models/RoboCup15_MSL_Football/materials) by extension 'ignore'
[0.405s] Level 1:colcon.colcon_core.package_identification:_identify(src/models/RoboCup15_MSL_Football/materials) by extension 'ignore_ament_install'
[0.405s] Level 1:colcon.colcon_core.package_identification:_identify(src/models/RoboCup15_MSL_Football/materials) by extensions ['colcon_pkg']
[0.405s] Level 1:colcon.colcon_core.package_identification:_identify(src/models/RoboCup15_MSL_Football/materials) by extension 'colcon_pkg'
[0.405s] Level 1:colcon.colcon_core.package_identification:_identify(src/models/RoboCup15_MSL_Football/materials) by extensions ['colcon_meta']
[0.405s] Level 1:colcon.colcon_core.package_identification:_identify(src/models/RoboCup15_MSL_Football/materials) by extension 'colcon_meta'
[0.405s] Level 1:colcon.colcon_core.package_identification:_identify(src/models/RoboCup15_MSL_Football/materials) by extensions ['ros']
[0.405s] Level 1:colcon.colcon_core.package_identification:_identify(src/models/RoboCup15_MSL_Football/materials) by extension 'ros'
[0.406s] Level 1:colcon.colcon_core.package_identification:_identify(src/models/RoboCup15_MSL_Football/materials) by extensions ['cmake', 'python']
[0.406s] Level 1:colcon.colcon_core.package_identification:_identify(src/models/RoboCup15_MSL_Football/materials) by extension 'cmake'
[0.406s] Level 1:colcon.colcon_core.package_identification:_identify(src/models/RoboCup15_MSL_Football/materials) by extension 'python'
[0.406s] Level 1:colcon.colcon_core.package_identification:_identify(src/models/RoboCup15_MSL_Football/materials) by extensions ['python_setup_py']
[0.406s] Level 1:colcon.colcon_core.package_identification:_identify(src/models/RoboCup15_MSL_Football/materials) by extension 'python_setup_py'
[0.406s] Level 1:colcon.colcon_core.package_identification:_identify(src/models/RoboCup15_MSL_Football/materials/textures) by extensions ['ignore', 'ignore_ament_install']
[0.406s] Level 1:colcon.colcon_core.package_identification:_identify(src/models/RoboCup15_MSL_Football/materials/textures) by extension 'ignore'
[0.406s] Level 1:colcon.colcon_core.package_identification:_identify(src/models/RoboCup15_MSL_Football/materials/textures) by extension 'ignore_ament_install'
[0.407s] Level 1:colcon.colcon_core.package_identification:_identify(src/models/RoboCup15_MSL_Football/materials/textures) by extensions ['colcon_pkg']
[0.407s] Level 1:colcon.colcon_core.package_identification:_identify(src/models/RoboCup15_MSL_Football/materials/textures) by extension 'colcon_pkg'
[0.407s] Level 1:colcon.colcon_core.package_identification:_identify(src/models/RoboCup15_MSL_Football/materials/textures) by extensions ['colcon_meta']
[0.407s] Level 1:colcon.colcon_core.package_identification:_identify(src/models/RoboCup15_MSL_Football/materials/textures) by extension 'colcon_meta'
[0.407s] Level 1:colcon.colcon_core.package_identification:_identify(src/models/RoboCup15_MSL_Football/materials/textures) by extensions ['ros']
[0.407s] Level 1:colcon.colcon_core.package_identification:_identify(src/models/RoboCup15_MSL_Football/materials/textures) by extension 'ros'
[0.407s] Level 1:colcon.colcon_core.package_identification:_identify(src/models/RoboCup15_MSL_Football/materials/textures) by extensions ['cmake', 'python']
[0.407s] Level 1:colcon.colcon_core.package_identification:_identify(src/models/RoboCup15_MSL_Football/materials/textures) by extension 'cmake'
[0.407s] Level 1:colcon.colcon_core.package_identification:_identify(src/models/RoboCup15_MSL_Football/materials/textures) by extension 'python'
[0.407s] Level 1:colcon.colcon_core.package_identification:_identify(src/models/RoboCup15_MSL_Football/materials/textures) by extensions ['python_setup_py']
[0.407s] Level 1:colcon.colcon_core.package_identification:_identify(src/models/RoboCup15_MSL_Football/materials/textures) by extension 'python_setup_py'
[0.408s] Level 1:colcon.colcon_core.package_identification:_identify(src/models/RoboCup15_MSL_Football/meshes) by extensions ['ignore', 'ignore_ament_install']
[0.408s] Level 1:colcon.colcon_core.package_identification:_identify(src/models/RoboCup15_MSL_Football/meshes) by extension 'ignore'
[0.408s] Level 1:colcon.colcon_core.package_identification:_identify(src/models/RoboCup15_MSL_Football/meshes) by extension 'ignore_ament_install'
[0.408s] Level 1:colcon.colcon_core.package_identification:_identify(src/models/RoboCup15_MSL_Football/meshes) by extensions ['colcon_pkg']
[0.408s] Level 1:colcon.colcon_core.package_identification:_identify(src/models/RoboCup15_MSL_Football/meshes) by extension 'colcon_pkg'
[0.408s] Level 1:colcon.colcon_core.package_identification:_identify(src/models/RoboCup15_MSL_Football/meshes) by extensions ['colcon_meta']
[0.408s] Level 1:colcon.colcon_core.package_identification:_identify(src/models/RoboCup15_MSL_Football/meshes) by extension 'colcon_meta'
[0.408s] Level 1:colcon.colcon_core.package_identification:_identify(src/models/RoboCup15_MSL_Football/meshes) by extensions ['ros']
[0.409s] Level 1:colcon.colcon_core.package_identification:_identify(src/models/RoboCup15_MSL_Football/meshes) by extension 'ros'
[0.409s] Level 1:colcon.colcon_core.package_identification:_identify(src/models/RoboCup15_MSL_Football/meshes) by extensions ['cmake', 'python']
[0.409s] Level 1:colcon.colcon_core.package_identification:_identify(src/models/RoboCup15_MSL_Football/meshes) by extension 'cmake'
[0.409s] Level 1:colcon.colcon_core.package_identification:_identify(src/models/RoboCup15_MSL_Football/meshes) by extension 'python'
[0.409s] Level 1:colcon.colcon_core.package_identification:_identify(src/models/RoboCup15_MSL_Football/meshes) by extensions ['python_setup_py']
[0.409s] Level 1:colcon.colcon_core.package_identification:_identify(src/models/RoboCup15_MSL_Football/meshes) by extension 'python_setup_py'
[0.409s] Level 1:colcon.colcon_core.package_identification:_identify(src/models/RoboCup15_MSL_Goal) by extensions ['ignore', 'ignore_ament_install']
[0.409s] Level 1:colcon.colcon_core.package_identification:_identify(src/models/RoboCup15_MSL_Goal) by extension 'ignore'
[0.410s] Level 1:colcon.colcon_core.package_identification:_identify(src/models/RoboCup15_MSL_Goal) by extension 'ignore_ament_install'
[0.410s] Level 1:colcon.colcon_core.package_identification:_identify(src/models/RoboCup15_MSL_Goal) by extensions ['colcon_pkg']
[0.410s] Level 1:colcon.colcon_core.package_identification:_identify(src/models/RoboCup15_MSL_Goal) by extension 'colcon_pkg'
[0.410s] Level 1:colcon.colcon_core.package_identification:_identify(src/models/RoboCup15_MSL_Goal) by extensions ['colcon_meta']
[0.410s] Level 1:colcon.colcon_core.package_identification:_identify(src/models/RoboCup15_MSL_Goal) by extension 'colcon_meta'
[0.410s] Level 1:colcon.colcon_core.package_identification:_identify(src/models/RoboCup15_MSL_Goal) by extensions ['ros']
[0.410s] Level 1:colcon.colcon_core.package_identification:_identify(src/models/RoboCup15_MSL_Goal) by extension 'ros'
[0.410s] Level 1:colcon.colcon_core.package_identification:_identify(src/models/RoboCup15_MSL_Goal) by extensions ['cmake', 'python']
[0.410s] Level 1:colcon.colcon_core.package_identification:_identify(src/models/RoboCup15_MSL_Goal) by extension 'cmake'
[0.410s] Level 1:colcon.colcon_core.package_identification:_identify(src/models/RoboCup15_MSL_Goal) by extension 'python'
[0.410s] Level 1:colcon.colcon_core.package_identification:_identify(src/models/RoboCup15_MSL_Goal) by extensions ['python_setup_py']
[0.411s] Level 1:colcon.colcon_core.package_identification:_identify(src/models/RoboCup15_MSL_Goal) by extension 'python_setup_py'
[0.411s] Level 1:colcon.colcon_core.package_identification:_identify(src/models/RoboCup15_MSL_Goal/materials) by extensions ['ignore', 'ignore_ament_install']
[0.411s] Level 1:colcon.colcon_core.package_identification:_identify(src/models/RoboCup15_MSL_Goal/materials) by extension 'ignore'
[0.411s] Level 1:colcon.colcon_core.package_identification:_identify(src/models/RoboCup15_MSL_Goal/materials) by extension 'ignore_ament_install'
[0.411s] Level 1:colcon.colcon_core.package_identification:_identify(src/models/RoboCup15_MSL_Goal/materials) by extensions ['colcon_pkg']
[0.411s] Level 1:colcon.colcon_core.package_identification:_identify(src/models/RoboCup15_MSL_Goal/materials) by extension 'colcon_pkg'
[0.411s] Level 1:colcon.colcon_core.package_identification:_identify(src/models/RoboCup15_MSL_Goal/materials) by extensions ['colcon_meta']
[0.411s] Level 1:colcon.colcon_core.package_identification:_identify(src/models/RoboCup15_MSL_Goal/materials) by extension 'colcon_meta'
[0.412s] Level 1:colcon.colcon_core.package_identification:_identify(src/models/RoboCup15_MSL_Goal/materials) by extensions ['ros']
[0.412s] Level 1:colcon.colcon_core.package_identification:_identify(src/models/RoboCup15_MSL_Goal/materials) by extension 'ros'
[0.412s] Level 1:colcon.colcon_core.package_identification:_identify(src/models/RoboCup15_MSL_Goal/materials) by extensions ['cmake', 'python']
[0.412s] Level 1:colcon.colcon_core.package_identification:_identify(src/models/RoboCup15_MSL_Goal/materials) by extension 'cmake'
[0.412s] Level 1:colcon.colcon_core.package_identification:_identify(src/models/RoboCup15_MSL_Goal/materials) by extension 'python'
[0.412s] Level 1:colcon.colcon_core.package_identification:_identify(src/models/RoboCup15_MSL_Goal/materials) by extensions ['python_setup_py']
[0.412s] Level 1:colcon.colcon_core.package_identification:_identify(src/models/RoboCup15_MSL_Goal/materials) by extension 'python_setup_py'
[0.412s] Level 1:colcon.colcon_core.package_identification:_identify(src/models/RoboCup15_MSL_Goal/materials/scripts) by extensions ['ignore', 'ignore_ament_install']
[0.412s] Level 1:colcon.colcon_core.package_identification:_identify(src/models/RoboCup15_MSL_Goal/materials/scripts) by extension 'ignore'
[0.413s] Level 1:colcon.colcon_core.package_identification:_identify(src/models/RoboCup15_MSL_Goal/materials/scripts) by extension 'ignore_ament_install'
[0.413s] Level 1:colcon.colcon_core.package_identification:_identify(src/models/RoboCup15_MSL_Goal/materials/scripts) by extensions ['colcon_pkg']
[0.413s] Level 1:colcon.colcon_core.package_identification:_identify(src/models/RoboCup15_MSL_Goal/materials/scripts) by extension 'colcon_pkg'
[0.413s] Level 1:colcon.colcon_core.package_identification:_identify(src/models/RoboCup15_MSL_Goal/materials/scripts) by extensions ['colcon_meta']
[0.413s] Level 1:colcon.colcon_core.package_identification:_identify(src/models/RoboCup15_MSL_Goal/materials/scripts) by extension 'colcon_meta'
[0.413s] Level 1:colcon.colcon_core.package_identification:_identify(src/models/RoboCup15_MSL_Goal/materials/scripts) by extensions ['ros']
[0.413s] Level 1:colcon.colcon_core.package_identification:_identify(src/models/RoboCup15_MSL_Goal/materials/scripts) by extension 'ros'
[0.413s] Level 1:colcon.colcon_core.package_identification:_identify(src/models/RoboCup15_MSL_Goal/materials/scripts) by extensions ['cmake', 'python']
[0.413s] Level 1:colcon.colcon_core.package_identification:_identify(src/models/RoboCup15_MSL_Goal/materials/scripts) by extension 'cmake'
[0.414s] Level 1:colcon.colcon_core.package_identification:_identify(src/models/RoboCup15_MSL_Goal/materials/scripts) by extension 'python'
[0.414s] Level 1:colcon.colcon_core.package_identification:_identify(src/models/RoboCup15_MSL_Goal/materials/scripts) by extensions ['python_setup_py']
[0.414s] Level 1:colcon.colcon_core.package_identification:_identify(src/models/RoboCup15_MSL_Goal/materials/scripts) by extension 'python_setup_py'
[0.414s] Level 1:colcon.colcon_core.package_identification:_identify(src/models/RoboCup15_MSL_Goal/materials/textures) by extensions ['ignore', 'ignore_ament_install']
[0.415s] Level 1:colcon.colcon_core.package_identification:_identify(src/models/RoboCup15_MSL_Goal/materials/textures) by extension 'ignore'
[0.415s] Level 1:colcon.colcon_core.package_identification:_identify(src/models/RoboCup15_MSL_Goal/materials/textures) by extension 'ignore_ament_install'
[0.415s] Level 1:colcon.colcon_core.package_identification:_identify(src/models/RoboCup15_MSL_Goal/materials/textures) by extensions ['colcon_pkg']
[0.415s] Level 1:colcon.colcon_core.package_identification:_identify(src/models/RoboCup15_MSL_Goal/materials/textures) by extension 'colcon_pkg'
[0.415s] Level 1:colcon.colcon_core.package_identification:_identify(src/models/RoboCup15_MSL_Goal/materials/textures) by extensions ['colcon_meta']
[0.415s] Level 1:colcon.colcon_core.package_identification:_identify(src/models/RoboCup15_MSL_Goal/materials/textures) by extension 'colcon_meta'
[0.416s] Level 1:colcon.colcon_core.package_identification:_identify(src/models/RoboCup15_MSL_Goal/materials/textures) by extensions ['ros']
[0.416s] Level 1:colcon.colcon_core.package_identification:_identify(src/models/RoboCup15_MSL_Goal/materials/textures) by extension 'ros'
[0.416s] Level 1:colcon.colcon_core.package_identification:_identify(src/models/RoboCup15_MSL_Goal/materials/textures) by extensions ['cmake', 'python']
[0.416s] Level 1:colcon.colcon_core.package_identification:_identify(src/models/RoboCup15_MSL_Goal/materials/textures) by extension 'cmake'
[0.416s] Level 1:colcon.colcon_core.package_identification:_identify(src/models/RoboCup15_MSL_Goal/materials/textures) by extension 'python'
[0.416s] Level 1:colcon.colcon_core.package_identification:_identify(src/models/RoboCup15_MSL_Goal/materials/textures) by extensions ['python_setup_py']
[0.417s] Level 1:colcon.colcon_core.package_identification:_identify(src/models/RoboCup15_MSL_Goal/materials/textures) by extension 'python_setup_py'
[0.417s] Level 1:colcon.colcon_core.package_identification:_identify(src/pitchside_tracker) by extensions ['ignore', 'ignore_ament_install']
[0.417s] Level 1:colcon.colcon_core.package_identification:_identify(src/pitchside_tracker) by extension 'ignore'
[0.417s] Level 1:colcon.colcon_core.package_identification:_identify(src/pitchside_tracker) by extension 'ignore_ament_install'
[0.418s] Level 1:colcon.colcon_core.package_identification:_identify(src/pitchside_tracker) by extensions ['colcon_pkg']
[0.418s] Level 1:colcon.colcon_core.package_identification:_identify(src/pitchside_tracker) by extension 'colcon_pkg'
[0.418s] Level 1:colcon.colcon_core.package_identification:_identify(src/pitchside_tracker) by extensions ['colcon_meta']
[0.418s] Level 1:colcon.colcon_core.package_identification:_identify(src/pitchside_tracker) by extension 'colcon_meta'
[0.418s] Level 1:colcon.colcon_core.package_identification:_identify(src/pitchside_tracker) by extensions ['ros']
[0.418s] Level 1:colcon.colcon_core.package_identification:_identify(src/pitchside_tracker) by extension 'ros'
[0.419s] DEBUG:colcon.colcon_core.package_identification:Package 'src/pitchside_tracker' with type 'ros.ament_python' and name 'pitchside_tracker'
[0.419s] Level 1:colcon.colcon_core.package_discovery:discover_packages(recursive) using defaults
[0.419s] Level 1:colcon.colcon_core.package_discovery:discover_packages(ignore) discover
[0.419s] Level 1:colcon.colcon_core.package_discovery:discover_packages(ignore) using defaults
[0.419s] Level 1:colcon.colcon_core.package_discovery:discover_packages(path) discover
[0.420s] Level 1:colcon.colcon_core.package_discovery:discover_packages(path) using defaults
[0.462s] Level 1:colcon.colcon_core.package_discovery:discover_packages(prefix_path) check parameters
[0.462s] Level 1:colcon.colcon_core.package_discovery:discover_packages(prefix_path) discover
[0.467s] DEBUG:colcon.colcon_installed_package_information.package_discovery:Found 1 installed packages in /home/jota/Desktop/uni/magistrale/droni/pitchside_tracker/install
[0.471s] DEBUG:colcon.colcon_installed_package_information.package_discovery:Found 320 installed packages in /opt/ros/rolling
[0.474s] Level 1:colcon.colcon_core.package_discovery:discover_packages(prefix_path) using defaults
[0.596s] Level 5:colcon.colcon_core.verb:set package 'pitchside_tracke' build argument 'cmake_args' from command line to 'None'
[0.596s] Level 5:colcon.colcon_core.verb:set package 'pitchside_tracke' build argument 'cmake_target' from command line to 'None'
[0.596s] Level 5:colcon.colcon_core.verb:set package 'pitchside_tracke' build argument 'cmake_target_skip_unavailable' from command line to 'False'
[0.596s] Level 5:colcon.colcon_core.verb:set package 'pitchside_tracke' build argument 'cmake_clean_cache' from command line to 'False'
[0.596s] Level 5:colcon.colcon_core.verb:set package 'pitchside_tracke' build argument 'cmake_clean_first' from command line to 'False'
[0.596s] Level 5:colcon.colcon_core.verb:set package 'pitchside_tracke' build argument 'cmake_force_configure' from command line to 'False'
[0.596s] Level 5:colcon.colcon_core.verb:set package 'pitchside_tracke' build argument 'ament_cmake_args' from command line to 'None'
[0.596s] Level 5:colcon.colcon_core.verb:set package 'pitchside_tracke' build argument 'catkin_cmake_args' from command line to 'None'
[0.596s] Level 5:colcon.colcon_core.verb:set package 'pitchside_tracke' build argument 'catkin_skip_building_tests' from command line to 'False'
[0.596s] DEBUG:colcon.colcon_core.verb:Building package 'pitchside_tracke' with the following arguments: {'ament_cmake_args': None, 'build_base': '/home/jota/Desktop/uni/magistrale/droni/pitchside_tracker/build/pitchside_tracke', 'catkin_cmake_args': None, 'catkin_skip_building_tests': False, 'cmake_args': None, 'cmake_clean_cache': False, 'cmake_clean_first': False, 'cmake_force_configure': False, 'cmake_target': None, 'cmake_target_skip_unavailable': False, 'install_base': '/home/jota/Desktop/uni/magistrale/droni/pitchside_tracker/install/pitchside_tracke', 'merge_install': False, 'path': '/home/jota/Desktop/uni/magistrale/droni/pitchside_tracker/pitchside_tracke', 'symlink_install': False, 'test_result_base': None}
[0.597s] Level 5:colcon.colcon_core.verb:set package 'pitchside_tracker' build argument 'cmake_args' from command line to 'None'
[0.597s] Level 5:colcon.colcon_core.verb:set package 'pitchside_tracker' build argument 'cmake_target' from command line to 'None'
[0.597s] Level 5:colcon.colcon_core.verb:set package 'pitchside_tracker' build argument 'cmake_target_skip_unavailable' from command line to 'False'
[0.597s] Level 5:colcon.colcon_core.verb:set package 'pitchside_tracker' build argument 'cmake_clean_cache' from command line to 'False'
[0.597s] Level 5:colcon.colcon_core.verb:set package 'pitchside_tracker' build argument 'cmake_clean_first' from command line to 'False'
[0.597s] Level 5:colcon.colcon_core.verb:set package 'pitchside_tracker' build argument 'cmake_force_configure' from command line to 'False'
[0.597s] Level 5:colcon.colcon_core.verb:set package 'pitchside_tracker' build argument 'ament_cmake_args' from command line to 'None'
[0.597s] Level 5:colcon.colcon_core.verb:set package 'pitchside_tracker' build argument 'catkin_cmake_args' from command line to 'None'
[0.597s] Level 5:colcon.colcon_core.verb:set package 'pitchside_tracker' build argument 'catkin_skip_building_tests' from command line to 'False'
[0.597s] DEBUG:colcon.colcon_core.verb:Building package 'pitchside_tracker' with the following arguments: {'ament_cmake_args': None, 'build_base': '/home/jota/Desktop/uni/magistrale/droni/pitchside_tracker/build/pitchside_tracker', 'catkin_cmake_args': None, 'catkin_skip_building_tests': False, 'cmake_args': None, 'cmake_clean_cache': False, 'cmake_clean_first': False, 'cmake_force_configure': False, 'cmake_target': None, 'cmake_target_skip_unavailable': False, 'install_base': '/home/jota/Desktop/uni/magistrale/droni/pitchside_tracker/install/pitchside_tracker', 'merge_install': False, 'path': '/home/jota/Desktop/uni/magistrale/droni/pitchside_tracker/src/pitchside_tracker', 'symlink_install': False, 'test_result_base': None}
[0.597s] INFO:colcon.colcon_core.executor:Executing jobs using 'parallel' executor
[0.600s] DEBUG:colcon.colcon_parallel_executor.executor.parallel:run_until_complete
[0.601s] INFO:colcon.colcon_ros.task.ament_python.build:Building ROS package in '/home/jota/Desktop/uni/magistrale/droni/pitchside_tracker/pitchside_tracke' with build type 'ament_python'
[0.602s] Level 1:colcon.colcon_core.shell:create_environment_hook('pitchside_tracke', 'ament_prefix_path')
[0.605s] INFO:colcon.colcon_core.plugin_system:Skipping extension 'colcon_core.shell.bat': Not used on non-Windows systems
[0.606s] INFO:colcon.colcon_core.shell:Creating environment hook '/home/jota/Desktop/uni/magistrale/droni/pitchside_tracker/install/pitchside_tracke/share/pitchside_tracke/hook/ament_prefix_path.ps1'
[0.607s] INFO:colcon.colcon_core.shell:Creating environment descriptor '/home/jota/Desktop/uni/magistrale/droni/pitchside_tracker/install/pitchside_tracke/share/pitchside_tracke/hook/ament_prefix_path.dsv'
[0.608s] INFO:colcon.colcon_core.shell:Creating environment hook '/home/jota/Desktop/uni/magistrale/droni/pitchside_tracker/install/pitchside_tracke/share/pitchside_tracke/hook/ament_prefix_path.sh'
[0.610s] INFO:colcon.colcon_core.shell:Skip shell extension 'powershell' for command environment: Not usable outside of PowerShell
[0.610s] DEBUG:colcon.colcon_core.shell:Skip shell extension 'dsv' for command environment
[0.618s] INFO:colcon.colcon_ros.task.ament_python.build:Building ROS package in '/home/jota/Desktop/uni/magistrale/droni/pitchside_tracker/src/pitchside_tracker' with build type 'ament_python'
[0.618s] Level 1:colcon.colcon_core.shell:create_environment_hook('pitchside_tracker', 'ament_prefix_path')
[0.618s] INFO:colcon.colcon_core.shell:Creating environment hook '/home/jota/Desktop/uni/magistrale/droni/pitchside_tracker/install/pitchside_tracker/share/pitchside_tracker/hook/ament_prefix_path.ps1'
[0.620s] INFO:colcon.colcon_core.shell:Creating environment descriptor '/home/jota/Desktop/uni/magistrale/droni/pitchside_tracker/install/pitchside_tracker/share/pitchside_tracker/hook/ament_prefix_path.dsv'
[0.621s] INFO:colcon.colcon_core.shell:Creating environment hook '/home/jota/Desktop/uni/magistrale/droni/pitchside_tracker/install/pitchside_tracker/share/pitchside_tracker/hook/ament_prefix_path.sh'
[0.622s] INFO:colcon.colcon_core.shell:Skip shell extension 'powershell' for command environment: Not usable outside of PowerShell
[0.622s] DEBUG:colcon.colcon_core.shell:Skip shell extension 'dsv' for command environment
[1.228s] INFO:colcon.colcon_core.task.python.build:Building Python package in '/home/jota/Desktop/uni/magistrale/droni/pitchside_tracker/pitchside_tracke'
[1.229s] INFO:colcon.colcon_core.shell:Skip shell extension 'powershell' for command environment: Not usable outside of PowerShell
[1.229s] DEBUG:colcon.colcon_core.shell:Skip shell extension 'dsv' for command environment
[1.942s] INFO:colcon.colcon_core.task.python.build:Building Python package in '/home/jota/Desktop/uni/magistrale/droni/pitchside_tracker/src/pitchside_tracker'
[1.943s] INFO:colcon.colcon_core.shell:Skip shell extension 'powershell' for command environment: Not usable outside of PowerShell
[1.943s] DEBUG:colcon.colcon_core.shell:Skip shell extension 'dsv' for command environment
[4.225s] DEBUG:colcon.colcon_core.event_handler.log_command:Invoking command in '/home/jota/Desktop/uni/magistrale/droni/pitchside_tracker/src/pitchside_tracker': DEBUGINFOD_URLS=https://debuginfod.ubuntu.com PYTHONPATH=/home/jota/Desktop/uni/magistrale/droni/pitchside_tracker/build/pitchside_tracker/prefix_override:/usr/lib/python3/dist-packages/colcon_core/task/python/colcon_distutils_commands:/home/jota/Desktop/uni/magistrale/droni/pitchside_tracker/install/pitchside_tracker/lib/python3.12/site-packages:${PYTHONPATH} /usr/bin/python3 -W ignore:setup.py install is deprecated -W ignore:easy_install command is deprecated setup.py egg_info --egg-base ../../build/pitchside_tracker build --build-base /home/jota/Desktop/uni/magistrale/droni/pitchside_tracker/build/pitchside_tracker/build install --record /home/jota/Desktop/uni/magistrale/droni/pitchside_tracker/build/pitchside_tracker/install.log --single-version-externally-managed install_data
[4.237s] DEBUG:colcon.colcon_core.event_handler.log_command:Invoking command in '/home/jota/Desktop/uni/magistrale/droni/pitchside_tracker/pitchside_tracke': DEBUGINFOD_URLS=https://debuginfod.ubuntu.com PYTHONPATH=/home/jota/Desktop/uni/magistrale/droni/pitchside_tracker/build/pitchside_tracke/prefix_override:/usr/lib/python3/dist-packages/colcon_core/task/python/colcon_distutils_commands:/home/jota/Desktop/uni/magistrale/droni/pitchside_tracker/install/pitchside_tracke/lib/python3.12/site-packages:${PYTHONPATH} /usr/bin/python3 -W ignore:setup.py install is deprecated -W ignore:easy_install command is deprecated setup.py egg_info --egg-base ../build/pitchside_tracke build --build-base /home/jota/Desktop/uni/magistrale/droni/pitchside_tracker/build/pitchside_tracke/build install --record /home/jota/Desktop/uni/magistrale/droni/pitchside_tracker/build/pitchside_tracke/install.log --single-version-externally-managed install_data
[6.317s] DEBUG:colcon.colcon_core.event_handler.log_command:Invoked command in '/home/jota/Desktop/uni/magistrale/droni/pitchside_tracker/src/pitchside_tracker' returned '0': DEBUGINFOD_URLS=https://debuginfod.ubuntu.com PYTHONPATH=/home/jota/Desktop/uni/magistrale/droni/pitchside_tracker/build/pitchside_tracker/prefix_override:/usr/lib/python3/dist-packages/colcon_core/task/python/colcon_distutils_commands:/home/jota/Desktop/uni/magistrale/droni/pitchside_tracker/install/pitchside_tracker/lib/python3.12/site-packages:${PYTHONPATH} /usr/bin/python3 -W ignore:setup.py install is deprecated -W ignore:easy_install command is deprecated setup.py egg_info --egg-base ../../build/pitchside_tracker build --build-base /home/jota/Desktop/uni/magistrale/droni/pitchside_tracker/build/pitchside_tracker/build install --record /home/jota/Desktop/uni/magistrale/droni/pitchside_tracker/build/pitchside_tracker/install.log --single-version-externally-managed install_data
[6.325s] Level 1:colcon.colcon_core.environment:checking '/home/jota/Desktop/uni/magistrale/droni/pitchside_tracker/install/pitchside_tracker' for CMake module files
[6.327s] Level 1:colcon.colcon_core.environment:checking '/home/jota/Desktop/uni/magistrale/droni/pitchside_tracker/install/pitchside_tracker' for CMake config files
[6.330s] Level 1:colcon.colcon_core.environment:checking '/home/jota/Desktop/uni/magistrale/droni/pitchside_tracker/install/pitchside_tracker/lib'
[6.332s] Level 1:colcon.colcon_core.environment:checking '/home/jota/Desktop/uni/magistrale/droni/pitchside_tracker/install/pitchside_tracker/bin'
[6.332s] Level 1:colcon.colcon_core.environment:checking '/home/jota/Desktop/uni/magistrale/droni/pitchside_tracker/install/pitchside_tracker/lib/pkgconfig/pitchside_tracker.pc'
[6.333s] Level 1:colcon.colcon_core.environment:checking '/home/jota/Desktop/uni/magistrale/droni/pitchside_tracker/install/pitchside_tracker/lib/python3.12/site-packages'
[6.333s] Level 1:colcon.colcon_core.shell:create_environment_hook('pitchside_tracker', 'pythonpath')
[6.334s] INFO:colcon.colcon_core.shell:Creating environment hook '/home/jota/Desktop/uni/magistrale/droni/pitchside_tracker/install/pitchside_tracker/share/pitchside_tracker/hook/pythonpath.ps1'
[6.335s] INFO:colcon.colcon_core.shell:Creating environment descriptor '/home/jota/Desktop/uni/magistrale/droni/pitchside_tracker/install/pitchside_tracker/share/pitchside_tracker/hook/pythonpath.dsv'
[6.336s] INFO:colcon.colcon_core.shell:Creating environment hook '/home/jota/Desktop/uni/magistrale/droni/pitchside_tracker/install/pitchside_tracker/share/pitchside_tracker/hook/pythonpath.sh'
[6.339s] Level 1:colcon.colcon_core.environment:checking '/home/jota/Desktop/uni/magistrale/droni/pitchside_tracker/install/pitchside_tracker/bin'
[6.341s] Level 1:colcon.colcon_core.environment:create_environment_scripts_only(pitchside_tracker)
[6.342s] INFO:colcon.colcon_core.shell:Creating package script '/home/jota/Desktop/uni/magistrale/droni/pitchside_tracker/install/pitchside_tracker/share/pitchside_tracker/package.ps1'
[6.346s] INFO:colcon.colcon_core.shell:Creating package descriptor '/home/jota/Desktop/uni/magistrale/droni/pitchside_tracker/install/pitchside_tracker/share/pitchside_tracker/package.dsv'
[6.348s] INFO:colcon.colcon_core.shell:Creating package script '/home/jota/Desktop/uni/magistrale/droni/pitchside_tracker/install/pitchside_tracker/share/pitchside_tracker/package.sh'
[6.352s] INFO:colcon.colcon_core.shell:Creating package script '/home/jota/Desktop/uni/magistrale/droni/pitchside_tracker/install/pitchside_tracker/share/pitchside_tracker/package.bash'
[6.355s] INFO:colcon.colcon_core.shell:Creating package script '/home/jota/Desktop/uni/magistrale/droni/pitchside_tracker/install/pitchside_tracker/share/pitchside_tracker/package.zsh'
[6.358s] Level 1:colcon.colcon_core.environment:create_file_with_runtime_dependencies(/home/jota/Desktop/uni/magistrale/droni/pitchside_tracker/install/pitchside_tracker/share/colcon-core/packages/pitchside_tracker)
[6.375s] Level 1:colcon.colcon_core.environment:checking '/home/jota/Desktop/uni/magistrale/droni/pitchside_tracker/install/pitchside_tracke' for CMake module files
[6.376s] DEBUG:colcon.colcon_core.event_handler.log_command:Invoked command in '/home/jota/Desktop/uni/magistrale/droni/pitchside_tracker/pitchside_tracke' returned '0': DEBUGINFOD_URLS=https://debuginfod.ubuntu.com PYTHONPATH=/home/jota/Desktop/uni/magistrale/droni/pitchside_tracker/build/pitchside_tracke/prefix_override:/usr/lib/python3/dist-packages/colcon_core/task/python/colcon_distutils_commands:/home/jota/Desktop/uni/magistrale/droni/pitchside_tracker/install/pitchside_tracke/lib/python3.12/site-packages:${PYTHONPATH} /usr/bin/python3 -W ignore:setup.py install is deprecated -W ignore:easy_install command is deprecated setup.py egg_info --egg-base ../build/pitchside_tracke build --build-base /home/jota/Desktop/uni/magistrale/droni/pitchside_tracker/build/pitchside_tracke/build install --record /home/jota/Desktop/uni/magistrale/droni/pitchside_tracker/build/pitchside_tracke/install.log --single-version-externally-managed install_data
[6.379s] Level 1:colcon.colcon_core.environment:checking '/home/jota/Desktop/uni/magistrale/droni/pitchside_tracker/install/pitchside_tracke' for CMake config files
[6.381s] Level 1:colcon.colcon_core.environment:checking '/home/jota/Desktop/uni/magistrale/droni/pitchside_tracker/install/pitchside_tracke/lib'
[6.381s] Level 1:colcon.colcon_core.environment:checking '/home/jota/Desktop/uni/magistrale/droni/pitchside_tracker/install/pitchside_tracke/bin'
[6.381s] Level 1:colcon.colcon_core.environment:checking '/home/jota/Desktop/uni/magistrale/droni/pitchside_tracker/install/pitchside_tracke/lib/pkgconfig/pitchside_tracke.pc'
[6.382s] Level 1:colcon.colcon_core.environment:checking '/home/jota/Desktop/uni/magistrale/droni/pitchside_tracker/install/pitchside_tracke/lib/python3.12/site-packages'
[6.383s] Level 1:colcon.colcon_core.shell:create_environment_hook('pitchside_tracke', 'pythonpath')
[6.383s] INFO:colcon.colcon_core.shell:Creating environment hook '/home/jota/Desktop/uni/magistrale/droni/pitchside_tracker/install/pitchside_tracke/share/pitchside_tracke/hook/pythonpath.ps1'
[6.384s] INFO:colcon.colcon_core.shell:Creating environment descriptor '/home/jota/Desktop/uni/magistrale/droni/pitchside_tracker/install/pitchside_tracke/share/pitchside_tracke/hook/pythonpath.dsv'
[6.386s] INFO:colcon.colcon_core.shell:Creating environment hook '/home/jota/Desktop/uni/magistrale/droni/pitchside_tracker/install/pitchside_tracke/share/pitchside_tracke/hook/pythonpath.sh'
[6.388s] Level 1:colcon.colcon_core.environment:checking '/home/jota/Desktop/uni/magistrale/droni/pitchside_tracker/install/pitchside_tracke/bin'
[6.388s] Level 1:colcon.colcon_core.environment:create_environment_scripts_only(pitchside_tracke)
[6.389s] INFO:colcon.colcon_core.shell:Creating package script '/home/jota/Desktop/uni/magistrale/droni/pitchside_tracker/install/pitchside_tracke/share/pitchside_tracke/package.ps1'
[6.391s] INFO:colcon.colcon_core.shell:Creating package descriptor '/home/jota/Desktop/uni/magistrale/droni/pitchside_tracker/install/pitchside_tracke/share/pitchside_tracke/package.dsv'
[6.393s] INFO:colcon.colcon_core.shell:Creating package script '/home/jota/Desktop/uni/magistrale/droni/pitchside_tracker/install/pitchside_tracke/share/pitchside_tracke/package.sh'
[6.395s] INFO:colcon.colcon_core.shell:Creating package script '/home/jota/Desktop/uni/magistrale/droni/pitchside_tracker/install/pitchside_tracke/share/pitchside_tracke/package.bash'
[6.396s] INFO:colcon.colcon_core.shell:Creating package script '/home/jota/Desktop/uni/magistrale/droni/pitchside_tracker/install/pitchside_tracke/share/pitchside_tracke/package.zsh'
[6.398s] Level 1:colcon.colcon_core.environment:create_file_with_runtime_dependencies(/home/jota/Desktop/uni/magistrale/droni/pitchside_tracker/install/pitchside_tracke/share/colcon-core/packages/pitchside_tracke)
[6.399s] DEBUG:colcon.colcon_parallel_executor.executor.parallel:closing loop
[6.400s] DEBUG:colcon.colcon_parallel_executor.executor.parallel:loop closed
[6.400s] DEBUG:colcon.colcon_parallel_executor.executor.parallel:run_until_complete finished with '0'
[6.400s] DEBUG:colcon.colcon_core.event_reactor:joining thread
[6.418s] INFO:colcon.colcon_core.plugin_system:Skipping extension 'colcon_notification.desktop_notification.terminal_notifier': Not used on non-Darwin systems
[6.419s] INFO:colcon.colcon_core.plugin_system:Skipping extension 'colcon_notification.desktop_notification.win32': Not used on non-Windows systems
[6.419s] INFO:colcon.colcon_notification.desktop_notification:Sending desktop notification using 'notify2'
[6.465s] DEBUG:colcon.colcon_core.event_reactor:joined thread
[6.465s] INFO:colcon.colcon_core.shell:Creating prefix script '/home/jota/Desktop/uni/magistrale/droni/pitchside_tracker/install/local_setup.ps1'
[6.469s] INFO:colcon.colcon_core.shell:Creating prefix util module '/home/jota/Desktop/uni/magistrale/droni/pitchside_tracker/install/_local_setup_util_ps1.py'
[6.475s] INFO:colcon.colcon_core.shell:Creating prefix chain script '/home/jota/Desktop/uni/magistrale/droni/pitchside_tracker/install/setup.ps1'
[6.478s] INFO:colcon.colcon_core.shell:Creating prefix script '/home/jota/Desktop/uni/magistrale/droni/pitchside_tracker/install/local_setup.sh'
[6.480s] INFO:colcon.colcon_core.shell:Creating prefix util module '/home/jota/Desktop/uni/magistrale/droni/pitchside_tracker/install/_local_setup_util_sh.py'
[6.482s] INFO:colcon.colcon_core.shell:Creating prefix chain script '/home/jota/Desktop/uni/magistrale/droni/pitchside_tracker/install/setup.sh'
[6.486s] INFO:colcon.colcon_core.shell:Creating prefix script '/home/jota/Desktop/uni/magistrale/droni/pitchside_tracker/install/local_setup.bash'
[6.489s] INFO:colcon.colcon_core.shell:Creating prefix chain script '/home/jota/Desktop/uni/magistrale/droni/pitchside_tracker/install/setup.bash'
[6.492s] INFO:colcon.colcon_core.shell:Creating prefix script '/home/jota/Desktop/uni/magistrale/droni/pitchside_tracker/install/local_setup.zsh'
[6.494s] INFO:colcon.colcon_core.shell:Creating prefix chain script '/home/jota/Desktop/uni/magistrale/droni/pitchside_tracker/install/setup.zsh'
