[1.619s] Invoking command in '/home/jota/Desktop/uni/magistrale/droni/pitchside_tracker/src/pitchside_tracker': DEBUGINFOD_URLS=https://debuginfod.ubuntu.com PYTHONPATH=/home/jota/Desktop/uni/magistrale/droni/pitchside_tracker/build/pitchside_tracker/prefix_override:/usr/lib/python3/dist-packages/colcon_core/task/python/colcon_distutils_commands:/home/jota/Desktop/uni/magistrale/droni/pitchside_tracker/install/pitchside_tracker/lib/python3.12/site-packages:${PYTHONPATH} /usr/bin/python3 -W ignore:setup.py install is deprecated -W ignore:easy_install command is deprecated setup.py egg_info --egg-base ../../build/pitchside_tracker build --build-base /home/jota/Desktop/uni/magistrale/droni/pitchside_tracker/build/pitchside_tracker/build install --record /home/jota/Desktop/uni/magistrale/droni/pitchside_tracker/build/pitchside_tracker/install.log --single-version-externally-managed install_data
[2.095s] running egg_info
[2.134s] writing ../../build/pitchside_tracker/pitchside_tracker.egg-info/PKG-INFO
[2.134s] writing dependency_links to ../../build/pitchside_tracker/pitchside_tracker.egg-info/dependency_links.txt
[2.135s] writing entry points to ../../build/pitchside_tracker/pitchside_tracker.egg-info/entry_points.txt
[2.135s] writing requirements to ../../build/pitchside_tracker/pitchside_tracker.egg-info/requires.txt
[2.135s] writing top-level names to ../../build/pitchside_tracker/pitchside_tracker.egg-info/top_level.txt
[2.210s] reading manifest file '../../build/pitchside_tracker/pitchside_tracker.egg-info/SOURCES.txt'
[2.211s] writing manifest file '../../build/pitchside_tracker/pitchside_tracker.egg-info/SOURCES.txt'
[2.211s] running build
[2.212s] running build_py
[2.212s] running install
[2.225s] running install_lib
[2.273s] running install_data
[2.273s] copying launch/sideline_world.launch.py -> /home/jota/Desktop/uni/magistrale/droni/pitchside_tracker/install/pitchside_tracker/share/pitchside_tracker/launch
[2.273s] running install_egg_info
[2.312s] removing '/home/jota/Desktop/uni/magistrale/droni/pitchside_tracker/install/pitchside_tracker/lib/python3.12/site-packages/pitchside_tracker-0.0.0-py3.12.egg-info' (and everything under it)
[2.312s] Copying ../../build/pitchside_tracker/pitchside_tracker.egg-info to /home/jota/Desktop/uni/magistrale/droni/pitchside_tracker/install/pitchside_tracker/lib/python3.12/site-packages/pitchside_tracker-0.0.0-py3.12.egg-info
[2.314s] running install_scripts
[2.579s] Installing spawn_sideline script to /home/jota/Desktop/uni/magistrale/droni/pitchside_tracker/install/pitchside_tracker/lib/pitchside_tracker
[2.579s] Installing tracking_node script to /home/jota/Desktop/uni/magistrale/droni/pitchside_tracker/install/pitchside_tracker/lib/pitchside_tracker
[2.580s] writing list of installed files to '/home/jota/Desktop/uni/magistrale/droni/pitchside_tracker/build/pitchside_tracker/install.log'
[2.629s] Invoked command in '/home/jota/Desktop/uni/magistrale/droni/pitchside_tracker/src/pitchside_tracker' returned '0': DEBUGINFOD_URLS=https://debuginfod.ubuntu.com PYTHONPATH=/home/jota/Desktop/uni/magistrale/droni/pitchside_tracker/build/pitchside_tracker/prefix_override:/usr/lib/python3/dist-packages/colcon_core/task/python/colcon_distutils_commands:/home/jota/Desktop/uni/magistrale/droni/pitchside_tracker/install/pitchside_tracker/lib/python3.12/site-packages:${PYTHONPATH} /usr/bin/python3 -W ignore:setup.py install is deprecated -W ignore:easy_install command is deprecated setup.py egg_info --egg-base ../../build/pitchside_tracker build --build-base /home/jota/Desktop/uni/magistrale/droni/pitchside_tracker/build/pitchside_tracker/build install --record /home/jota/Desktop/uni/magistrale/droni/pitchside_tracker/build/pitchside_tracker/install.log --single-version-externally-managed install_data
